This file contains any messages produced by compilers while
running configure, to aid debugging if configure makes a mistake.

It was created by libctf configure 1.2.0, which was
generated by GNU Autoconf 2.69.  Invocation command line was

  $ /home/carter/magi/src/binutils-2.36/libctf/configure --srcdir=.././libctf --cache-file=./config.cache --with-gnu-as --with-gnu-ld --program-transform-name=s,y,y, --disable-option-checking --build=x86_64-pc-linux-gnu --host=x86_64-pc-linux-gnu --target=x86_64-pc-linux-gnu

## --------- ##
## Platform. ##
## --------- ##

hostname = debian
uname -m = x86_64
uname -r = 4.9.0-18-amd64
uname -s = Linux
uname -v = #1 SMP Debian 4.9.303-1 (2022-03-07)

/usr/bin/uname -p = unknown
/bin/uname -X     = unknown

/bin/arch              = unknown
/usr/bin/arch -k       = unknown
/usr/convex/getsysinfo = unknown
/usr/bin/hostinfo      = unknown
/bin/machine           = unknown
/usr/bin/oslevel       = unknown
/bin/universe          = unknown

PATH: /usr/local/bin
PATH: /usr/bin
PATH: /bin
PATH: /usr/local/games
PATH: /usr/games


## ----------- ##
## Core tests. ##
## ----------- ##

configure:2219: creating cache ./config.cache
configure:2343: checking for x86_64-pc-linux-gnu-gcc
configure:2370: result: gcc
configure:2639: checking for C compiler version
configure:2648: gcc --version >&5
gcc (Debian 6.3.0-18+deb9u1) 6.3.0 20170516
Copyright (C) 2016 Free Software Foundation, Inc.
This is free software; see the source for copying conditions.  There is NO
warranty; not even for MERCHANTABILITY or FITNESS FOR A PARTICULAR PURPOSE.

configure:2659: $? = 0
configure:2648: gcc -v >&5
Using built-in specs.
COLLECT_GCC=gcc
COLLECT_LTO_WRAPPER=/usr/lib/gcc/x86_64-linux-gnu/6/lto-wrapper
Target: x86_64-linux-gnu
Configured with: ../src/configure -v --with-pkgversion='Debian 6.3.0-18+deb9u1' --with-bugurl=file:///usr/share/doc/gcc-6/README.Bugs --enable-languages=c,ada,c++,java,go,d,fortran,objc,obj-c++ --prefix=/usr --program-suffix=-6 --program-prefix=x86_64-linux-gnu- --enable-shared --enable-linker-build-id --libexecdir=/usr/lib --without-included-gettext --enable-threads=posix --libdir=/usr/lib --enable-nls --with-sysroot=/ --enable-clocale=gnu --enable-libstdcxx-debug --enable-libstdcxx-time=yes --with-default-libstdcxx-abi=new --enable-gnu-unique-object --disable-vtable-verify --enable-libmpx --enable-plugin --enable-default-pie --with-system-zlib --disable-browser-plugin --enable-java-awt=gtk --enable-gtk-cairo --with-java-home=/usr/lib/jvm/java-1.5.0-gcj-6-amd64/jre --enable-java-home --with-jvm-root-dir=/usr/lib/jvm/java-1.5.0-gcj-6-amd64 --with-jvm-jar-dir=/usr/lib/jvm-exports/java-1.5.0-gcj-6-amd64 --with-arch-directory=amd64 --with-ecj-jar=/usr/share/java/eclipse-ecj.jar --with-target-system-zlib --enable-objc-gc=auto --enable-multiarch --with-arch-32=i686 --with-abi=m64 --with-multilib-list=m32,m64,mx32 --enable-multilib --with-tune=generic --enable-checking=release --build=x86_64-linux-gnu --host=x86_64-linux-gnu --target=x86_64-linux-gnu
Thread model: posix
gcc version 6.3.0 20170516 (Debian 6.3.0-18+deb9u1) 
configure:2659: $? = 0
configure:2648: gcc -V >&5
gcc: error: unrecognized command line option '-V'
gcc: fatal error: no input files
compilation terminated.
configure:2659: $? = 1
configure:2648: gcc -qversion >&5
gcc: error: unrecognized command line option '-qversion'; did you mean '--version'?
gcc: fatal error: no input files
compilation terminated.
configure:2659: $? = 1
configure:2679: checking whether the C compiler works
configure:2701: gcc -g -O2    conftest.c  >&5
configure:2705: $? = 0
configure:2753: result: yes
configure:2756: checking for C compiler default output file name
configure:2758: result: a.out
configure:2764: checking for suffix of executables
configure:2771: gcc -o conftest -g -O2    conftest.c  >&5
configure:2775: $? = 0
configure:2797: result: 
configure:2819: checking whether we are cross compiling
configure:2827: gcc -o conftest -g -O2    conftest.c  >&5
configure:2831: $? = 0
configure:2838: ./conftest
configure:2842: $? = 0
configure:2857: result: no
configure:2862: checking for suffix of object files
configure:2884: gcc -c -g -O2  conftest.c >&5
configure:2888: $? = 0
configure:2909: result: o
configure:2913: checking whether we are using the GNU C compiler
configure:2932: gcc -c -g -O2  conftest.c >&5
configure:2932: $? = 0
configure:2941: result: yes
configure:2950: checking whether gcc accepts -g
configure:2970: gcc -c -g  conftest.c >&5
configure:2970: $? = 0
configure:3011: result: yes
configure:3028: checking for gcc option to accept ISO C89
configure:3091: gcc  -c -g -O2  conftest.c >&5
configure:3091: $? = 0
configure:3104: result: none needed
configure:3129: checking whether gcc understands -c and -o together
configure:3151: gcc -c conftest.c -o conftest2.o
configure:3154: $? = 0
configure:3151: gcc -c conftest.c -o conftest2.o
configure:3154: $? = 0
configure:3166: result: yes
configure:3189: checking how to run the C preprocessor
configure:3220: gcc -E  conftest.c
configure:3220: $? = 0
configure:3234: gcc -E  conftest.c
conftest.c:9:28: fatal error: ac_nonexistent.h: No such file or directory
 #include <ac_nonexistent.h>
                            ^
compilation terminated.
configure:3234: $? = 1
configure: failed program was:
| /* confdefs.h */
| #define PACKAGE_NAME "libctf"
| #define PACKAGE_TARNAME "libctf"
| #define PACKAGE_VERSION "1.2.0"
| #define PACKAGE_STRING "libctf 1.2.0"
| #define PACKAGE_BUGREPORT ""
| #define PACKAGE_URL ""
| /* end confdefs.h.  */
| #include <ac_nonexistent.h>
configure:3259: result: gcc -E
configure:3279: gcc -E  conftest.c
configure:3279: $? = 0
configure:3293: gcc -E  conftest.c
conftest.c:9:28: fatal error: ac_nonexistent.h: No such file or directory
 #include <ac_nonexistent.h>
                            ^
compilation terminated.
configure:3293: $? = 1
configure: failed program was:
| /* confdefs.h */
| #define PACKAGE_NAME "libctf"
| #define PACKAGE_TARNAME "libctf"
| #define PACKAGE_VERSION "1.2.0"
| #define PACKAGE_STRING "libctf 1.2.0"
| #define PACKAGE_BUGREPORT ""
| #define PACKAGE_URL ""
| /* end confdefs.h.  */
| #include <ac_nonexistent.h>
configure:3322: checking for grep that handles long lines and -e
configure:3380: result: /bin/grep
configure:3385: checking for egrep
configure:3447: result: /bin/grep -E
configure:3452: checking for ANSI C header files
configure:3472: gcc -c -g -O2  conftest.c >&5
configure:3472: $? = 0
configure:3545: gcc -o conftest -g -O2    conftest.c  >&5
configure:3545: $? = 0
configure:3545: ./conftest
configure:3545: $? = 0
configure:3556: result: yes
configure:3569: checking for sys/types.h
configure:3569: gcc -c -g -O2  conftest.c >&5
configure:3569: $? = 0
configure:3569: result: yes
configure:3569: checking for sys/stat.h
configure:3569: gcc -c -g -O2  conftest.c >&5
configure:3569: $? = 0
configure:3569: result: yes
configure:3569: checking for stdlib.h
configure:3569: gcc -c -g -O2  conftest.c >&5
configure:3569: $? = 0
configure:3569: result: yes
configure:3569: checking for string.h
configure:3569: gcc -c -g -O2  conftest.c >&5
configure:3569: $? = 0
configure:3569: result: yes
configure:3569: checking for memory.h
configure:3569: gcc -c -g -O2  conftest.c >&5
configure:3569: $? = 0
configure:3569: result: yes
configure:3569: checking for strings.h
configure:3569: gcc -c -g -O2  conftest.c >&5
configure:3569: $? = 0
configure:3569: result: yes
configure:3569: checking for inttypes.h
configure:3569: gcc -c -g -O2  conftest.c >&5
configure:3569: $? = 0
configure:3569: result: yes
configure:3569: checking for stdint.h
configure:3569: gcc -c -g -O2  conftest.c >&5
configure:3569: $? = 0
configure:3569: result: yes
configure:3569: checking for unistd.h
configure:3569: gcc -c -g -O2  conftest.c >&5
configure:3569: $? = 0
configure:3569: result: yes
configure:3582: checking minix/config.h usability
configure:3582: gcc -c -g -O2  conftest.c >&5
conftest.c:52:26: fatal error: minix/config.h: No such file or directory
 #include <minix/config.h>
                          ^
compilation terminated.
configure:3582: $? = 1
configure: failed program was:
| /* confdefs.h */
| #define PACKAGE_NAME "libctf"
| #define PACKAGE_TARNAME "libctf"
| #define PACKAGE_VERSION "1.2.0"
| #define PACKAGE_STRING "libctf 1.2.0"
| #define PACKAGE_BUGREPORT ""
| #define PACKAGE_URL ""
| #define STDC_HEADERS 1
| #define HAVE_SYS_TYPES_H 1
| #define HAVE_SYS_STAT_H 1
| #define HAVE_STDLIB_H 1
| #define HAVE_STRING_H 1
| #define HAVE_MEMORY_H 1
| #define HAVE_STRINGS_H 1
| #define HAVE_INTTYPES_H 1
| #define HAVE_STDINT_H 1
| #define HAVE_UNISTD_H 1
| /* end confdefs.h.  */
| #include <stdio.h>
| #ifdef HAVE_SYS_TYPES_H
| # include <sys/types.h>
| #endif
| #ifdef HAVE_SYS_STAT_H
| # include <sys/stat.h>
| #endif
| #ifdef STDC_HEADERS
| # include <stdlib.h>
| # include <stddef.h>
| #else
| # ifdef HAVE_STDLIB_H
| #  include <stdlib.h>
| # endif
| #endif
| #ifdef HAVE_STRING_H
| # if !defined STDC_HEADERS && defined HAVE_MEMORY_H
| #  include <memory.h>
| # endif
| # include <string.h>
| #endif
| #ifdef HAVE_STRINGS_H
| # include <strings.h>
| #endif
| #ifdef HAVE_INTTYPES_H
| # include <inttypes.h>
| #endif
| #ifdef HAVE_STDINT_H
| # include <stdint.h>
| #endif
| #ifdef HAVE_UNISTD_H
| # include <unistd.h>
| #endif
| #include <minix/config.h>
configure:3582: result: no
configure:3582: checking minix/config.h presence
configure:3582: gcc -E  conftest.c
conftest.c:19:26: fatal error: minix/config.h: No such file or directory
 #include <minix/config.h>
                          ^
compilation terminated.
configure:3582: $? = 1
configure: failed program was:
| /* confdefs.h */
| #define PACKAGE_NAME "libctf"
| #define PACKAGE_TARNAME "libctf"
| #define PACKAGE_VERSION "1.2.0"
| #define PACKAGE_STRING "libctf 1.2.0"
| #define PACKAGE_BUGREPORT ""
| #define PACKAGE_URL ""
| #define STDC_HEADERS 1
| #define HAVE_SYS_TYPES_H 1
| #define HAVE_SYS_STAT_H 1
| #define HAVE_STDLIB_H 1
| #define HAVE_STRING_H 1
| #define HAVE_MEMORY_H 1
| #define HAVE_STRINGS_H 1
| #define HAVE_INTTYPES_H 1
| #define HAVE_STDINT_H 1
| #define HAVE_UNISTD_H 1
| /* end confdefs.h.  */
| #include <minix/config.h>
configure:3582: result: no
configure:3582: checking for minix/config.h
configure:3582: result: no
configure:3603: checking whether it is safe to define __EXTENSIONS__
configure:3621: gcc -c -g -O2  conftest.c >&5
configure:3621: $? = 0
configure:3628: result: yes
configure:3658: checking for a BSD-compatible install
configure:3726: result: /usr/bin/install -c
configure:3737: checking whether build environment is sane
configure:3792: result: yes
configure:3940: checking for a thread-safe mkdir -p
configure:3979: result: /bin/mkdir -p
configure:3986: checking for gawk
configure:4013: result: mawk
configure:4024: checking whether make sets $(MAKE)
configure:4046: result: yes
configure:4076: checking for style of include used by make
configure:4104: result: GNU
configure:4138: checking whether make supports nested variables
configure:4155: result: yes
configure:4240: checking dependency style of gcc
configure:4351: result: gcc3
configure:4411: checking whether make sets $(MAKE)
configure:4433: result: yes
configure:4450: checking for x86_64-pc-linux-gnu-gcc
configure:4477: result: gcc
configure:4746: checking for C compiler version
configure:4755: gcc --version >&5
gcc (Debian 6.3.0-18+deb9u1) 6.3.0 20170516
Copyright (C) 2016 Free Software Foundation, Inc.
This is free software; see the source for copying conditions.  There is NO
warranty; not even for MERCHANTABILITY or FITNESS FOR A PARTICULAR PURPOSE.

configure:4766: $? = 0
configure:4755: gcc -v >&5
Using built-in specs.
COLLECT_GCC=gcc
COLLECT_LTO_WRAPPER=/usr/lib/gcc/x86_64-linux-gnu/6/lto-wrapper
Target: x86_64-linux-gnu
Configured with: ../src/configure -v --with-pkgversion='Debian 6.3.0-18+deb9u1' --with-bugurl=file:///usr/share/doc/gcc-6/README.Bugs --enable-languages=c,ada,c++,java,go,d,fortran,objc,obj-c++ --prefix=/usr --program-suffix=-6 --program-prefix=x86_64-linux-gnu- --enable-shared --enable-linker-build-id --libexecdir=/usr/lib --without-included-gettext --enable-threads=posix --libdir=/usr/lib --enable-nls --with-sysroot=/ --enable-clocale=gnu --enable-libstdcxx-debug --enable-libstdcxx-time=yes --with-default-libstdcxx-abi=new --enable-gnu-unique-object --disable-vtable-verify --enable-libmpx --enable-plugin --enable-default-pie --with-system-zlib --disable-browser-plugin --enable-java-awt=gtk --enable-gtk-cairo --with-java-home=/usr/lib/jvm/java-1.5.0-gcj-6-amd64/jre --enable-java-home --with-jvm-root-dir=/usr/lib/jvm/java-1.5.0-gcj-6-amd64 --with-jvm-jar-dir=/usr/lib/jvm-exports/java-1.5.0-gcj-6-amd64 --with-arch-directory=amd64 --with-ecj-jar=/usr/share/java/eclipse-ecj.jar --with-target-system-zlib --enable-objc-gc=auto --enable-multiarch --with-arch-32=i686 --with-abi=m64 --with-multilib-list=m32,m64,mx32 --enable-multilib --with-tune=generic --enable-checking=release --build=x86_64-linux-gnu --host=x86_64-linux-gnu --target=x86_64-linux-gnu
Thread model: posix
gcc version 6.3.0 20170516 (Debian 6.3.0-18+deb9u1) 
configure:4766: $? = 0
configure:4755: gcc -V >&5
gcc: error: unrecognized command line option '-V'
gcc: fatal error: no input files
compilation terminated.
configure:4766: $? = 1
configure:4755: gcc -qversion >&5
gcc: error: unrecognized command line option '-qversion'; did you mean '--version'?
gcc: fatal error: no input files
compilation terminated.
configure:4766: $? = 1
configure:4770: checking whether we are using the GNU C compiler
configure:4798: result: yes
configure:4807: checking whether gcc accepts -g
configure:4868: result: yes
configure:4885: checking for gcc option to accept ISO C89
configure:4961: result: none needed
configure:4986: checking whether gcc understands -c and -o together
configure:5023: result: yes
configure:5043: checking for x86_64-pc-linux-gnu-ranlib
configure:5070: result: ranlib
configure:5137: checking for x86_64-pc-linux-gnu-ar
configure:5164: result: ar
configure:5234: checking the archiver (ar) interface
configure:5250: gcc -c -g -O2  conftest.c >&5
configure:5250: $? = 0
configure:5252: ar cru libconftest.a conftest.o >&5
configure:5255: $? = 0
configure:5283: result: ar
configure:5316: checking whether NLS is requested
configure:5322: result: yes
configure:5328: checking for catalogs to be installed
configure:5360: result: 
configure:5435: checking build system type
configure:5449: result: x86_64-pc-linux-gnu
configure:5469: checking host system type
configure:5482: result: x86_64-pc-linux-gnu
configure:5523: checking how to print strings
configure:5550: result: printf
configure:5571: checking for a sed that does not truncate output
configure:5635: result: /bin/sed
configure:5653: checking for fgrep
configure:5715: result: /bin/grep -F
configure:5750: checking for ld used by gcc
configure:5817: result: ld
configure:5824: checking if the linker (ld) is GNU ld
configure:5839: result: yes
configure:5851: checking for BSD- or MS-compatible name lister (nm)
configure:5900: result: nm
configure:6030: checking the name lister (nm) interface
configure:6037: gcc -c -g -O2  conftest.c >&5
configure:6040: nm "conftest.o"
configure:6043: output
0000000000000000 B some_variable
configure:6050: result: BSD nm
configure:6053: checking whether ln -s works
configure:6057: result: yes
configure:6065: checking the maximum length of command line arguments
configure:6190: result: 1572864
configure:6207: checking whether the shell understands some XSI constructs
configure:6217: result: yes
configure:6221: checking whether the shell understands "+="
configure:6227: result: yes
configure:6262: checking for ld option to reload object files
configure:6269: result: -r
configure:6298: checking for x86_64-pc-linux-gnu-objdump
configure:6325: result: objdump
configure:6397: checking how to recognize dependent libraries
configure:6598: result: pass_all
configure:6618: checking for x86_64-pc-linux-gnu-ar
configure:6645: result: ar
configure:6723: checking for x86_64-pc-linux-gnu-strip
configure:6753: result: no
configure:6763: checking for strip
configure:6779: found /usr/local/bin/strip
configure:6790: result: strip
configure:6822: checking for x86_64-pc-linux-gnu-ranlib
configure:6849: result: ranlib
configure:6991: checking command to parse nm output from gcc object
configure:7109: gcc -c -g -O2  conftest.c >&5
configure:7112: $? = 0
configure:7116: nm conftest.o \| sed -n -e 's/^.*[ ]\([ABCDGIRSTW][ABCDGIRSTW]*\)[ ][ ]*\([_A-Za-z][_A-Za-z0-9]*\)$/\1 \2 \2/p' \> conftest.nm
configure:7119: $? = 0
configure:7173: gcc -o conftest -g -O2    conftest.c conftstm.o >&5
configure:7176: $? = 0
configure:7214: result: ok
configure:7309: gcc -c -g -O2  conftest.c >&5
configure:7312: $? = 0
configure:8062: checking for dlfcn.h
configure:8062: gcc -c -g -O2  conftest.c >&5
configure:8062: $? = 0
configure:8062: result: yes
configure:8219: checking for objdir
configure:8234: result: .libs
configure:8505: checking if gcc supports -fno-rtti -fno-exceptions
configure:8523: gcc -c -g -O2  -fno-rtti -fno-exceptions conftest.c >&5
cc1: warning: command line option '-fno-rtti' is valid for C++/ObjC++ but not for C
configure:8527: $? = 0
configure:8540: result: no
configure:8560: checking for gcc option to produce PIC
configure:8846: result: -fPIC -DPIC
configure:8858: checking if gcc PIC flag -fPIC -DPIC works
configure:8876: gcc -c -g -O2  -fPIC -DPIC -DPIC conftest.c >&5
configure:8880: $? = 0
configure:8893: result: yes
configure:8917: checking if gcc static flag -static works
configure:8945: result: yes
configure:8960: checking if gcc supports -c -o file.o
configure:8981: gcc -c -g -O2  -o out/conftest2.o conftest.c >&5
configure:8985: $? = 0
configure:9007: result: yes
configure:9015: checking if gcc supports -c -o file.o
configure:9062: result: yes
configure:9095: checking whether the gcc linker (ld -m elf_x86_64) supports shared libraries
configure:10166: result: yes
configure:10411: checking dynamic linker characteristics
configure:10852: gcc -o conftest -g -O2    -Wl,-rpath -Wl,/foo conftest.c  >&5
configure:10852: $? = 0
configure:11074: result: GNU/Linux ld.so
configure:11181: checking how to hardcode library paths into programs
configure:11206: result: immediate
configure:11746: checking whether stripping libraries is possible
configure:11751: result: yes
configure:11786: checking if libtool supports shared libraries
configure:11788: result: yes
configure:11791: checking whether to build shared libraries
configure:11812: result: no
configure:11815: checking whether to build static libraries
configure:11819: result: yes
configure:11861: checking for special C compiler options needed for large files
configure:11906: result: no
configure:11912: checking for _FILE_OFFSET_BITS value needed for large files
configure:11937: gcc -c -g -O2  conftest.c >&5
configure:11937: $? = 0
configure:11969: result: no
configure:12060: checking for aclocal
configure:12087: result: ${SHELL} /home/carter/magi/src/binutils-2.36/missing aclocal-1.15
configure:12103: checking for autoconf
configure:12130: result: ${SHELL} /home/carter/magi/src/binutils-2.36/missing autoconf
configure:12146: checking for autoheader
configure:12173: result: ${SHELL} /home/carter/magi/src/binutils-2.36/missing autoheader
configure:12207: checking whether gcc supports -W
configure:12224: gcc -c -W  conftest.c >&5
configure:12224: $? = 0
configure:12233: result: yes
configure:12207: checking whether gcc supports -Wall
configure:12224: gcc -c -Wall  conftest.c >&5
configure:12224: $? = 0
configure:12233: result: yes
configure:12207: checking whether gcc supports -Wnarrowing
configure:12224: gcc -c -Wnarrowing  conftest.c >&5
configure:12224: $? = 0
configure:12233: result: yes
configure:12207: checking whether gcc supports -Wwrite-strings
configure:12224: gcc -c -Wwrite-strings  conftest.c >&5
configure:12224: $? = 0
configure:12233: result: yes
configure:12207: checking whether gcc supports -Wmissing-format-attribute
configure:12224: gcc -c -Wmissing-format-attribute  conftest.c >&5
configure:12224: $? = 0
configure:12233: result: yes
configure:12265: checking whether gcc supports -Wstrict-prototypes
configure:12282: gcc -c -Wstrict-prototypes  conftest.c >&5
conftest.c:31:1: warning: function declaration isn't a prototype [-Wstrict-prototypes]
 main ()
 ^~~~
configure:12282: $? = 0
configure:12291: result: yes
configure:12265: checking whether gcc supports -Wmissing-prototypes
configure:12282: gcc -c -Wmissing-prototypes  conftest.c >&5
configure:12282: $? = 0
configure:12291: result: yes
configure:12265: checking whether gcc supports -Wold-style-definition
configure:12282: gcc -c -Wold-style-definition  conftest.c >&5
conftest.c: In function 'main':
conftest.c:31:1: warning: old-style function definition [-Wold-style-definition]
 main ()
 ^~~~
configure:12282: $? = 0
configure:12291: result: yes
configure:12315: checking whether gcc supports -pedantic -Wlong-long
configure:12333: gcc -c -pedantic -Wlong-long  conftest.c >&5
configure:12333: $? = 0
configure:12341: result: yes
configure:12385: checking whether to enable maintainer-specific portions of Makefiles
configure:12394: result: no
configure:12422: checking whether to install libbfd
configure:12435: result: yes
configure:12480: checking whether gcc supports -Wall
configure:12506: result: yes
configure:12527: checking for stdlib.h
configure:12527: result: yes
configure:12527: checking for unistd.h
configure:12527: result: yes
configure:12527: checking for sys/param.h
configure:12527: gcc -c -g -O2  conftest.c >&5
configure:12527: $? = 0
configure:12527: result: yes
configure:12547: checking for getpagesize
configure:12547: gcc -o conftest -g -O2    conftest.c  >&5
configure:12547: $? = 0
configure:12547: result: yes
configure:12556: checking for working mmap
configure:12703: gcc -o conftest -g -O2    conftest.c  >&5
configure:12703: $? = 0
configure:12703: ./conftest
configure:12703: $? = 0
configure:12713: result: yes
configure:12723: checking for library containing dlopen
configure:12754: gcc -o conftest -g -O2    conftest.c  >&5
/usr/local/bin/ld: /tmp/ccI8RJIL.o: in function `main':
/home/carter/magi/src/binutils-2.36/libctf/conftest.c:45: undefined reference to `dlopen'
collect2: error: ld returned 1 exit status
configure:12754: $? = 1
configure: failed program was:
| /* confdefs.h */
| #define PACKAGE_NAME "libctf"
| #define PACKAGE_TARNAME "libctf"
| #define PACKAGE_VERSION "1.2.0"
| #define PACKAGE_STRING "libctf 1.2.0"
| #define PACKAGE_BUGREPORT ""
| #define PACKAGE_URL ""
| #define STDC_HEADERS 1
| #define HAVE_SYS_TYPES_H 1
| #define HAVE_SYS_STAT_H 1
| #define HAVE_STDLIB_H 1
| #define HAVE_STRING_H 1
| #define HAVE_MEMORY_H 1
| #define HAVE_STRINGS_H 1
| #define HAVE_INTTYPES_H 1
| #define HAVE_STDINT_H 1
| #define HAVE_UNISTD_H 1
| #define __EXTENSIONS__ 1
| #define _ALL_SOURCE 1
| #define _GNU_SOURCE 1
| #define _POSIX_PTHREAD_SEMANTICS 1
| #define _TANDEM_SOURCE 1
| #define PACKAGE "libctf"
| #define VERSION "1.2.0"
| #define ENABLE_NLS 1
| #define HAVE_DLFCN_H 1
| #define LT_OBJDIR ".libs/"
| #define HAVE_STDLIB_H 1
| #define HAVE_UNISTD_H 1
| #define HAVE_SYS_PARAM_H 1
| #define HAVE_GETPAGESIZE 1
| #define HAVE_MMAP 1
| /* end confdefs.h.  */
| 
| /* Override any GCC internal prototype to avoid an error.
|    Use char because int might match the return type of a GCC
|    builtin and then its argument prototype would still apply.  */
| #ifdef __cplusplus
| extern "C"
| #endif
| char dlopen ();
| int
| main ()
| {
| return dlopen ();
|   ;
|   return 0;
| }
configure:12754: gcc -o conftest -g -O2    conftest.c -ldl   >&5
configure:12754: $? = 0
configure:12771: result: -ldl
configure:12836: checking for ELF support in BFD
configure:12855: gcc -o conftest -I./../include -I../bfd -I./../bfd -g -O2  -L../bfd -L../libiberty -L../zlib   conftest.c -lbfd -liberty -lz  -ldl  >&5
In file included from conftest.c:36:0:
../bfd/elf-bfd.h: In function 'bfd_section_is_ctf':
../bfd/elf-bfd.h:3087:10: warning: implicit declaration of function 'strncmp' [-Wimplicit-function-declaration]
   return strncmp (name, ".ctf", 4) == 0 && (name[4] == 0 || name[4] == '.');
          ^~~~~~~
configure:12855: $? = 0
configure:12863: result: yes
configure:12875: checking whether byte ordering is bigendian
configure:12890: gcc -c -g -O2  conftest.c >&5
conftest.c:36:9: error: unknown type name 'not'
         not a universal capable compiler
         ^~~
conftest.c:36:15: error: expected '=', ',', ';', 'asm' or '__attribute__' before 'universal'
         not a universal capable compiler
               ^~~~~~~~~
conftest.c:36:15: error: unknown type name 'universal'
configure:12890: $? = 1
configure: failed program was:
| /* confdefs.h */
| #define PACKAGE_NAME "libctf"
| #define PACKAGE_TARNAME "libctf"
| #define PACKAGE_VERSION "1.2.0"
| #define PACKAGE_STRING "libctf 1.2.0"
| #define PACKAGE_BUGREPORT ""
| #define PACKAGE_URL ""
| #define STDC_HEADERS 1
| #define HAVE_SYS_TYPES_H 1
| #define HAVE_SYS_STAT_H 1
| #define HAVE_STDLIB_H 1
| #define HAVE_STRING_H 1
| #define HAVE_MEMORY_H 1
| #define HAVE_STRINGS_H 1
| #define HAVE_INTTYPES_H 1
| #define HAVE_STDINT_H 1
| #define HAVE_UNISTD_H 1
| #define __EXTENSIONS__ 1
| #define _ALL_SOURCE 1
| #define _GNU_SOURCE 1
| #define _POSIX_PTHREAD_SEMANTICS 1
| #define _TANDEM_SOURCE 1
| #define PACKAGE "libctf"
| #define VERSION "1.2.0"
| #define ENABLE_NLS 1
| #define HAVE_DLFCN_H 1
| #define LT_OBJDIR ".libs/"
| #define HAVE_STDLIB_H 1
| #define HAVE_UNISTD_H 1
| #define HAVE_SYS_PARAM_H 1
| #define HAVE_GETPAGESIZE 1
| #define HAVE_MMAP 1
| #define HAVE_BFD_ELF 1
| /* end confdefs.h.  */
| #ifndef __APPLE_CC__
| 	       not a universal capable compiler
| 	     #endif
| 	     typedef int dummy;
| 
configure:12935: gcc -c -g -O2  conftest.c >&5
configure:12935: $? = 0
configure:12953: gcc -c -g -O2  conftest.c >&5
conftest.c: In function 'main':
conftest.c:42:4: error: unknown type name 'not'
    not big endian
    ^~~
conftest.c:42:12: error: expected '=', ',', ';', 'asm' or '__attribute__' before 'endian'
    not big endian
            ^~~~~~
configure:12953: $? = 1
configure: failed program was:
| /* confdefs.h */
| #define PACKAGE_NAME "libctf"
| #define PACKAGE_TARNAME "libctf"
| #define PACKAGE_VERSION "1.2.0"
| #define PACKAGE_STRING "libctf 1.2.0"
| #define PACKAGE_BUGREPORT ""
| #define PACKAGE_URL ""
| #define STDC_HEADERS 1
| #define HAVE_SYS_TYPES_H 1
| #define HAVE_SYS_STAT_H 1
| #define HAVE_STDLIB_H 1
| #define HAVE_STRING_H 1
| #define HAVE_MEMORY_H 1
| #define HAVE_STRINGS_H 1
| #define HAVE_INTTYPES_H 1
| #define HAVE_STDINT_H 1
| #define HAVE_UNISTD_H 1
| #define __EXTENSIONS__ 1
| #define _ALL_SOURCE 1
| #define _GNU_SOURCE 1
| #define _POSIX_PTHREAD_SEMANTICS 1
| #define _TANDEM_SOURCE 1
| #define PACKAGE "libctf"
| #define VERSION "1.2.0"
| #define ENABLE_NLS 1
| #define HAVE_DLFCN_H 1
| #define LT_OBJDIR ".libs/"
| #define HAVE_STDLIB_H 1
| #define HAVE_UNISTD_H 1
| #define HAVE_SYS_PARAM_H 1
| #define HAVE_GETPAGESIZE 1
| #define HAVE_MMAP 1
| #define HAVE_BFD_ELF 1
| /* end confdefs.h.  */
| #include <sys/types.h>
| 		#include <sys/param.h>
| 
| int
| main ()
| {
| #if BYTE_ORDER != BIG_ENDIAN
| 		 not big endian
| 		#endif
| 
|   ;
|   return 0;
| }
configure:13081: result: no
configure:13102: checking byteswap.h usability
configure:13102: gcc -c -g -O2  conftest.c >&5
configure:13102: $? = 0
configure:13102: result: yes
configure:13102: checking byteswap.h presence
configure:13102: gcc -E  conftest.c
configure:13102: $? = 0
configure:13102: result: yes
configure:13102: checking for byteswap.h
configure:13102: result: yes
configure:13102: checking endian.h usability
configure:13102: gcc -c -g -O2  conftest.c >&5
configure:13102: $? = 0
configure:13102: result: yes
configure:13102: checking endian.h presence
configure:13102: gcc -E  conftest.c
configure:13102: $? = 0
configure:13102: result: yes
configure:13102: checking for endian.h
configure:13102: result: yes
configure:13114: checking for pread
configure:13114: gcc -o conftest -g -O2    conftest.c -ldl  >&5
configure:13114: $? = 0
configure:13114: result: yes
configure:13124: checking whether bswap_16 is declared
configure:13124: gcc -c -g -O2  conftest.c >&5
configure:13124: $? = 0
configure:13124: result: yes
configure:13135: checking whether bswap_32 is declared
configure:13135: gcc -c -g -O2  conftest.c >&5
configure:13135: $? = 0
configure:13135: result: yes
configure:13146: checking whether bswap_64 is declared
configure:13146: gcc -c -g -O2  conftest.c >&5
configure:13146: $? = 0
configure:13146: result: yes
configure:13158: checking whether asprintf is declared
configure:13158: gcc -c -g -O2  conftest.c >&5
configure:13158: $? = 0
configure:13158: result: yes
configure:13168: checking whether vasprintf is declared
configure:13168: gcc -c -g -O2  conftest.c >&5
configure:13168: $? = 0
configure:13168: result: yes
configure:13178: checking whether stpcpy is declared
configure:13178: gcc -c -g -O2  conftest.c >&5
configure:13178: $? = 0
configure:13178: result: yes
configure:13196: checking for qsort_r
configure:13196: gcc -o conftest -g -O2    conftest.c -ldl  >&5
configure:13196: $? = 0
configure:13196: result: yes
configure:13209: checking for qsort_r signature
configure:13235: gcc -o conftest -g -O2    conftest.c -ldl  >&5
configure:13235: $? = 0
configure:13269: result: GNU
configure:13292: checking for O_CLOEXEC
configure:13312: gcc -o conftest -g -O2    conftest.c -ldl  >&5
configure:13312: $? = 0
configure:13320: result: yes
configure:13434: updating cache ./config.cache
configure:13478: checking that generated files are newer than configure
configure:13484: result: done
configure:13524: creating ./config.status

## ---------------------- ##
## Running config.status. ##
## ---------------------- ##

This file was extended by libctf config.status 1.2.0, which was
generated by GNU Autoconf 2.69.  Invocation command line was

  CONFIG_FILES    = 
  CONFIG_HEADERS  = 
  CONFIG_LINKS    = 
  CONFIG_COMMANDS = 
  $ ./config.status 

on debian

config.status:1127: creating Makefile
config.status:1127: creating config.h
config.status:1356: executing depfiles commands
config.status:1356: executing libtool commands

## ---------------- ##
## Cache variables. ##
## ---------------- ##

ac_cv_build=x86_64-pc-linux-gnu
ac_cv_c_bigendian=no
ac_cv_c_compiler_gnu=yes
ac_cv_env_CC_set=set
ac_cv_env_CC_value=gcc
ac_cv_env_CFLAGS_set=set
ac_cv_env_CFLAGS_value='-g -O2'
ac_cv_env_CPPFLAGS_set=
ac_cv_env_CPPFLAGS_value=
ac_cv_env_CPP_set=
ac_cv_env_CPP_value=
ac_cv_env_LDFLAGS_set=set
ac_cv_env_LDFLAGS_value=' '
ac_cv_env_LIBS_set=
ac_cv_env_LIBS_value=
ac_cv_env_build_alias_set=set
ac_cv_env_build_alias_value=x86_64-pc-linux-gnu
ac_cv_env_host_alias_set=set
ac_cv_env_host_alias_value=x86_64-pc-linux-gnu
ac_cv_env_target_alias_set=set
ac_cv_env_target_alias_value=x86_64-pc-linux-gnu
ac_cv_func_getpagesize=yes
ac_cv_func_mmap_fixed_mapped=yes
ac_cv_func_pread=yes
ac_cv_func_qsort_r=yes
ac_cv_have_decl_asprintf=yes
ac_cv_have_decl_bswap_16=yes
ac_cv_have_decl_bswap_32=yes
ac_cv_have_decl_bswap_64=yes
ac_cv_have_decl_stpcpy=yes
ac_cv_have_decl_vasprintf=yes
ac_cv_header_byteswap_h=yes
ac_cv_header_dlfcn_h=yes
ac_cv_header_endian_h=yes
ac_cv_header_inttypes_h=yes
ac_cv_header_memory_h=yes
ac_cv_header_minix_config_h=no
ac_cv_header_stdc=yes
ac_cv_header_stdint_h=yes
ac_cv_header_stdlib_h=yes
ac_cv_header_string_h=yes
ac_cv_header_strings_h=yes
ac_cv_header_sys_param_h=yes
ac_cv_header_sys_stat_h=yes
ac_cv_header_sys_types_h=yes
ac_cv_header_unistd_h=yes
ac_cv_host=x86_64-pc-linux-gnu
ac_cv_libctf_bfd_elf=yes
ac_cv_libctf_macro_O_CLOEXEC=yes
ac_cv_libctf_qsort_r_signature=GNU
ac_cv_objext=o
ac_cv_path_EGREP='/bin/grep -E'
ac_cv_path_FGREP='/bin/grep -F'
ac_cv_path_GREP=/bin/grep
ac_cv_path_SED=/bin/sed
ac_cv_path_mkdir=/bin/mkdir
ac_cv_prog_ACLOCAL='${SHELL} /home/carter/magi/src/binutils-2.36/missing aclocal-1.15'
ac_cv_prog_AR=ar
ac_cv_prog_AUTOCONF='${SHELL} /home/carter/magi/src/binutils-2.36/missing autoconf'
ac_cv_prog_AUTOHEADER='${SHELL} /home/carter/magi/src/binutils-2.36/missing autoheader'
ac_cv_prog_AWK=mawk
ac_cv_prog_CC=gcc
ac_cv_prog_CPP='gcc -E'
ac_cv_prog_OBJDUMP=objdump
ac_cv_prog_RANLIB=ranlib
ac_cv_prog_ac_ct_STRIP=strip
ac_cv_prog_cc_c89=
ac_cv_prog_cc_g=yes
ac_cv_prog_make_make_set=yes
ac_cv_safe_to_define___extensions__=yes
ac_cv_search_dlopen=-ldl
ac_cv_sys_file_offset_bits=no
ac_cv_sys_largefile_CC=no
acx_cv_prog_cc_pedantic__Wlong_long=yes
acx_cv_prog_cc_warning__W=yes
acx_cv_prog_cc_warning__Wall=yes
acx_cv_prog_cc_warning__Wmissing_format_attribute=yes
acx_cv_prog_cc_warning__Wmissing_prototypes=yes
acx_cv_prog_cc_warning__Wnarrowing=yes
acx_cv_prog_cc_warning__Wold_style_definition=yes
acx_cv_prog_cc_warning__Wstrict_prototypes=yes
acx_cv_prog_cc_warning__Wwrite_strings=yes
am_cv_CC_dependencies_compiler_type=gcc3
am_cv_ar_interface=ar
am_cv_make_support_nested_variables=yes
am_cv_prog_cc_c_o=yes
lt_cv_deplibs_check_method=pass_all
lt_cv_file_magic_cmd='$MAGIC_CMD'
lt_cv_file_magic_test_file=
lt_cv_ld_reload_flag=-r
lt_cv_nm_interface='BSD nm'
lt_cv_objdir=.libs
lt_cv_path_LD=ld
lt_cv_path_NM=nm
lt_cv_prog_compiler_c_o=yes
lt_cv_prog_compiler_pic_works=yes
lt_cv_prog_compiler_rtti_exceptions=no
lt_cv_prog_compiler_static_works=yes
lt_cv_prog_gnu_ld=yes
lt_cv_shlibpath_overrides_runpath=no
lt_cv_sys_global_symbol_pipe='sed -n -e '\''s/^.*[	 ]\([ABCDGIRSTW][ABCDGIRSTW]*\)[	 ][	 ]*\([_A-Za-z][_A-Za-z0-9]*\)$/\1 \2 \2/p'\'''
lt_cv_sys_global_symbol_to_c_name_address='sed -n -e '\''s/^: \([^ ]*\) $/  {\"\1\", (void *) 0},/p'\'' -e '\''s/^[ABCDGIRSTW]* \([^ ]*\) \([^ ]*\)$/  {"\2", (void *) \&\2},/p'\'''
lt_cv_sys_global_symbol_to_c_name_address_lib_prefix='sed -n -e '\''s/^: \([^ ]*\) $/  {\"\1\", (void *) 0},/p'\'' -e '\''s/^[ABCDGIRSTW]* \([^ ]*\) \(lib[^ ]*\)$/  {"\2", (void *) \&\2},/p'\'' -e '\''s/^[ABCDGIRSTW]* \([^ ]*\) \([^ ]*\)$/  {"lib\2", (void *) \&\2},/p'\'''
lt_cv_sys_global_symbol_to_cdecl='sed -n -e '\''s/^T .* \(.*\)$/extern int \1();/p'\'' -e '\''s/^[ABCDGIRSTW]* .* \(.*\)$/extern char \1;/p'\'''
lt_cv_sys_max_cmd_len=1572864

## ----------------- ##
## Output variables. ##
## ----------------- ##

ACLOCAL='${SHELL} /home/carter/magi/src/binutils-2.36/missing aclocal-1.15'
AMDEPBACKSLASH='\'
AMDEP_FALSE='#'
AMDEP_TRUE=''
AMTAR='$${TAR-tar}'
AM_BACKSLASH='\'
AM_DEFAULT_V='$(AM_DEFAULT_VERBOSITY)'
AM_DEFAULT_VERBOSITY='1'
AM_V='$(V)'
AR='ar'
AUTOCONF='${SHELL} /home/carter/magi/src/binutils-2.36/missing autoconf'
AUTOHEADER='${SHELL} /home/carter/magi/src/binutils-2.36/missing autoheader'
AUTOMAKE='${SHELL} /home/carter/magi/src/binutils-2.36/missing automake-1.15'
AWK='mawk'
CATALOGS=''
CATOBJEXT='.gmo'
CC='gcc'
CCDEPMODE='depmode=gcc3'
CFLAGS='-g -O2'
CPP='gcc -E'
CPPFLAGS=''
CTF_LIBADD='-L/home/carter/magi/src/binutils-2.36/libctf/../libiberty -liberty'
CYGPATH_W='echo'
DATADIRNAME='share'
DEFS='-DHAVE_CONFIG_H'
DEPDIR='.deps'
DSYMUTIL=''
DUMPBIN=''
ECHO_C=''
ECHO_N='-n'
ECHO_T=''
EGREP='/bin/grep -E'
ENABLE_LIBCTF_HASH_DEBUGGING_FALSE=''
ENABLE_LIBCTF_HASH_DEBUGGING_TRUE='#'
EXEEXT=''
FGREP='/bin/grep -F'
GENCAT='gencat'
GMSGFMT=':'
GREP='/bin/grep'
INCINTL=''
INSTALL_DATA='/usr/bin/install -c -m 644'
INSTALL_LIBBFD_FALSE='#'
INSTALL_LIBBFD_TRUE=''
INSTALL_PROGRAM='/usr/bin/install -c'
INSTALL_SCRIPT='/usr/bin/install -c'
INSTALL_STRIP_PROGRAM='$(install_sh) -c -s'
INSTOBJEXT='.mo'
LD='ld -m elf_x86_64'
LDFLAGS=' '
LIBINTL=''
LIBINTL_DEP=''
LIBOBJS=''
LIBS='-ldl '
LIBTOOL='$(SHELL) $(top_builddir)/libtool'
LIPO=''
LN_S='ln -s'
LTLIBOBJS=''
MAINT='#'
MAINTAINER_MODE_FALSE=''
MAINTAINER_MODE_TRUE='#'
MAKEINFO='/home/carter/magi/src/binutils-2.36/missing makeinfo --split-size=5000000'
MKDIR_P='/bin/mkdir -p'
NEED_CTF_QSORT_R_FALSE=''
NEED_CTF_QSORT_R_TRUE='#'
NM='nm'
NMEDIT=''
OBJDUMP='objdump'
OBJEXT='o'
OTOOL64=''
OTOOL=''
PACKAGE='libctf'
PACKAGE_BUGREPORT=''
PACKAGE_NAME='libctf'
PACKAGE_STRING='libctf 1.2.0'
PACKAGE_TARNAME='libctf'
PACKAGE_URL=''
PACKAGE_VERSION='1.2.0'
PATH_SEPARATOR=':'
POSUB='po'
RANLIB='ranlib'
SED='/bin/sed'
SET_MAKE=''
SHARED_LDFLAGS=''
SHELL='/bin/bash'
STRIP='strip'
USE_NLS='yes'
VERSION='1.2.0'
VERSION_FLAGS='-Wl,--version-script='\''./libctf.ver'\'''
WARN_PEDANTIC='-pedantic -Wno-long-long'
WERROR=''
XGETTEXT=':'
ac_ct_AR=''
ac_ct_CC=''
ac_ct_DUMPBIN=''
ac_libctf_warn_cflags='-Wall'
am__EXEEXT_FALSE=''
am__EXEEXT_TRUE='#'
am__fastdepCC_FALSE='#'
am__fastdepCC_TRUE=''
am__include='include'
am__isrc=''
am__leading_dot='.'
am__nodep='_no'
am__quote=''
am__tar='$${TAR-tar} chof - "$$tardir"'
am__untar='$${TAR-tar} xf -'
bfdincludedir='$(includedir)'
bfdlibdir='$(libdir)'
bindir='${exec_prefix}/bin'
build='x86_64-pc-linux-gnu'
build_alias='x86_64-pc-linux-gnu'
build_cpu='x86_64'
build_os='linux-gnu'
build_vendor='pc'
c_warn='-Wstrict-prototypes -Wmissing-prototypes -Wold-style-definition'
datadir='${datarootdir}'
datarootdir='${prefix}/share'
docdir='${datarootdir}/doc/${PACKAGE_TARNAME}'
dvidir='${docdir}'
exec_prefix='${prefix}'
host='x86_64-pc-linux-gnu'
host_alias='x86_64-pc-linux-gnu'
host_cpu='x86_64'
host_noncanonical='x86_64-pc-linux-gnu'
host_os='linux-gnu'
host_vendor='pc'
htmldir='${docdir}'
includedir='${prefix}/include'
infodir='${datarootdir}/info'
install_sh='${SHELL} /home/carter/magi/src/binutils-2.36/install-sh'
libdir='${exec_prefix}/lib'
libexecdir='${exec_prefix}/libexec'
localedir='${datarootdir}/locale'
localstatedir='${prefix}/var'
mandir='${datarootdir}/man'
mkdir_p='$(MKDIR_P)'
oldincludedir='/usr/include'
pdfdir='${docdir}'
prefix='/usr/local'
program_transform_name='s,y,y,'
psdir='${docdir}'
sbindir='${exec_prefix}/sbin'
sharedstatedir='${prefix}/com'
sysconfdir='${prefix}/etc'
target_alias='x86_64-pc-linux-gnu'
target_noncanonical='x86_64-pc-linux-gnu'
warn='-W -Wall -Wno-narrowing -Wwrite-strings -Wmissing-format-attribute'
zlibdir='-L$(top_builddir)/../zlib'
zlibinc='-I$(top_srcdir)/../zlib'

## ----------- ##
## confdefs.h. ##
## ----------- ##

/* confdefs.h */
#define PACKAGE_NAME "libctf"
#define PACKAGE_TARNAME "libctf"
#define PACKAGE_VERSION "1.2.0"
#define PACKAGE_STRING "libctf 1.2.0"
#define PACKAGE_BUGREPORT ""
#define PACKAGE_URL ""
#define STDC_HEADERS 1
#define HAVE_SYS_TYPES_H 1
#define HAVE_SYS_STAT_H 1
#define HAVE_STDLIB_H 1
#define HAVE_STRING_H 1
#define HAVE_MEMORY_H 1
#define HAVE_STRINGS_H 1
#define HAVE_INTTYPES_H 1
#define HAVE_STDINT_H 1
#define HAVE_UNISTD_H 1
#define __EXTENSIONS__ 1
#define _ALL_SOURCE 1
#define _GNU_SOURCE 1
#define _POSIX_PTHREAD_SEMANTICS 1
#define _TANDEM_SOURCE 1
#define PACKAGE "libctf"
#define VERSION "1.2.0"
#define ENABLE_NLS 1
#define HAVE_DLFCN_H 1
#define LT_OBJDIR ".libs/"
#define HAVE_STDLIB_H 1
#define HAVE_UNISTD_H 1
#define HAVE_SYS_PARAM_H 1
#define HAVE_GETPAGESIZE 1
#define HAVE_MMAP 1
#define HAVE_BFD_ELF 1
#define HAVE_BYTESWAP_H 1
#define HAVE_ENDIAN_H 1
#define HAVE_PREAD 1
#define HAVE_DECL_BSWAP_16 1
#define HAVE_DECL_BSWAP_32 1
#define HAVE_DECL_BSWAP_64 1
#define HAVE_DECL_ASPRINTF 1
#define HAVE_DECL_VASPRINTF 1
#define HAVE_DECL_STPCPY 1
#define HAVE_QSORT_R 1
#define HAVE_QSORT_R_ARG_LAST 1
#define HAVE_O_CLOEXEC 1

configure: exit 0
