This file contains any messages produced by compilers while
running configure, to aid debugging if configure makes a mistake.

It was created by gas configure 2.36, which was
generated by GNU Autoconf 2.69.  Invocation command line was

  $ /home/carter/magi/src/binutils-2.36/gas/configure --srcdir=.././gas --cache-file=./config.cache --with-gnu-as --with-gnu-ld --program-transform-name=s,y,y, --disable-option-checking --build=x86_64-pc-linux-gnu --host=x86_64-pc-linux-gnu --target=x86_64-pc-linux-gnu

## --------- ##
## Platform. ##
## --------- ##

hostname = debian
uname -m = x86_64
uname -r = 4.9.0-18-amd64
uname -s = Linux
uname -v = #1 SMP Debian 4.9.303-1 (2022-03-07)

/usr/bin/uname -p = unknown
/bin/uname -X     = unknown

/bin/arch              = unknown
/usr/bin/arch -k       = unknown
/usr/convex/getsysinfo = unknown
/usr/bin/hostinfo      = unknown
/bin/machine           = unknown
/usr/bin/oslevel       = unknown
/bin/universe          = unknown

PATH: /usr/local/bin
PATH: /usr/bin
PATH: /bin
PATH: /usr/local/games
PATH: /usr/games


## ----------- ##
## Core tests. ##
## ----------- ##

configure:2320: creating cache ./config.cache
configure:2431: checking build system type
configure:2445: result: x86_64-pc-linux-gnu
configure:2465: checking host system type
configure:2478: result: x86_64-pc-linux-gnu
configure:2498: checking target system type
configure:2511: result: x86_64-pc-linux-gnu
configure:2548: checking for x86_64-pc-linux-gnu-gcc
configure:2575: result: gcc
configure:2844: checking for C compiler version
configure:2853: gcc --version >&5
gcc (Debian 6.3.0-18+deb9u1) 6.3.0 20170516
Copyright (C) 2016 Free Software Foundation, Inc.
This is free software; see the source for copying conditions.  There is NO
warranty; not even for MERCHANTABILITY or FITNESS FOR A PARTICULAR PURPOSE.

configure:2864: $? = 0
configure:2853: gcc -v >&5
Using built-in specs.
COLLECT_GCC=gcc
COLLECT_LTO_WRAPPER=/usr/lib/gcc/x86_64-linux-gnu/6/lto-wrapper
Target: x86_64-linux-gnu
Configured with: ../src/configure -v --with-pkgversion='Debian 6.3.0-18+deb9u1' --with-bugurl=file:///usr/share/doc/gcc-6/README.Bugs --enable-languages=c,ada,c++,java,go,d,fortran,objc,obj-c++ --prefix=/usr --program-suffix=-6 --program-prefix=x86_64-linux-gnu- --enable-shared --enable-linker-build-id --libexecdir=/usr/lib --without-included-gettext --enable-threads=posix --libdir=/usr/lib --enable-nls --with-sysroot=/ --enable-clocale=gnu --enable-libstdcxx-debug --enable-libstdcxx-time=yes --with-default-libstdcxx-abi=new --enable-gnu-unique-object --disable-vtable-verify --enable-libmpx --enable-plugin --enable-default-pie --with-system-zlib --disable-browser-plugin --enable-java-awt=gtk --enable-gtk-cairo --with-java-home=/usr/lib/jvm/java-1.5.0-gcj-6-amd64/jre --enable-java-home --with-jvm-root-dir=/usr/lib/jvm/java-1.5.0-gcj-6-amd64 --with-jvm-jar-dir=/usr/lib/jvm-exports/java-1.5.0-gcj-6-amd64 --with-arch-directory=amd64 --with-ecj-jar=/usr/share/java/eclipse-ecj.jar --with-target-system-zlib --enable-objc-gc=auto --enable-multiarch --with-arch-32=i686 --with-abi=m64 --with-multilib-list=m32,m64,mx32 --enable-multilib --with-tune=generic --enable-checking=release --build=x86_64-linux-gnu --host=x86_64-linux-gnu --target=x86_64-linux-gnu
Thread model: posix
gcc version 6.3.0 20170516 (Debian 6.3.0-18+deb9u1) 
configure:2864: $? = 0
configure:2853: gcc -V >&5
gcc: error: unrecognized command line option '-V'
gcc: fatal error: no input files
compilation terminated.
configure:2864: $? = 1
configure:2853: gcc -qversion >&5
gcc: error: unrecognized command line option '-qversion'; did you mean '--version'?
gcc: fatal error: no input files
compilation terminated.
configure:2864: $? = 1
configure:2884: checking whether the C compiler works
configure:2906: gcc -g -O2    conftest.c  >&5
configure:2910: $? = 0
configure:2958: result: yes
configure:2961: checking for C compiler default output file name
configure:2963: result: a.out
configure:2969: checking for suffix of executables
configure:2976: gcc -o conftest -g -O2    conftest.c  >&5
configure:2980: $? = 0
configure:3002: result: 
configure:3024: checking whether we are cross compiling
configure:3032: gcc -o conftest -g -O2    conftest.c  >&5
configure:3036: $? = 0
configure:3043: ./conftest
configure:3047: $? = 0
configure:3062: result: no
configure:3067: checking for suffix of object files
configure:3089: gcc -c -g -O2  conftest.c >&5
configure:3093: $? = 0
configure:3114: result: o
configure:3118: checking whether we are using the GNU C compiler
configure:3137: gcc -c -g -O2  conftest.c >&5
configure:3137: $? = 0
configure:3146: result: yes
configure:3155: checking whether gcc accepts -g
configure:3175: gcc -c -g  conftest.c >&5
configure:3175: $? = 0
configure:3216: result: yes
configure:3233: checking for gcc option to accept ISO C89
configure:3296: gcc  -c -g -O2  conftest.c >&5
configure:3296: $? = 0
configure:3309: result: none needed
configure:3334: checking whether gcc understands -c and -o together
configure:3356: gcc -c conftest.c -o conftest2.o
configure:3359: $? = 0
configure:3356: gcc -c conftest.c -o conftest2.o
configure:3359: $? = 0
configure:3371: result: yes
configure:3389: checking for library containing strerror
configure:3420: gcc -o conftest -g -O2    conftest.c  >&5
configure:3420: $? = 0
configure:3437: result: none required
configure:3462: checking for a BSD-compatible install
configure:3530: result: /usr/bin/install -c
configure:3541: checking whether build environment is sane
configure:3596: result: yes
configure:3744: checking for a thread-safe mkdir -p
configure:3783: result: /bin/mkdir -p
configure:3790: checking for gawk
configure:3817: result: mawk
configure:3828: checking whether make sets $(MAKE)
configure:3850: result: yes
configure:3880: checking for style of include used by make
configure:3908: result: GNU
configure:3942: checking whether make supports nested variables
configure:3959: result: yes
configure:4044: checking dependency style of gcc
configure:4155: result: gcc3
configure:4222: checking for x86_64-pc-linux-gnu-gcc
configure:4249: result: gcc
configure:4518: checking for C compiler version
configure:4527: gcc --version >&5
gcc (Debian 6.3.0-18+deb9u1) 6.3.0 20170516
Copyright (C) 2016 Free Software Foundation, Inc.
This is free software; see the source for copying conditions.  There is NO
warranty; not even for MERCHANTABILITY or FITNESS FOR A PARTICULAR PURPOSE.

configure:4538: $? = 0
configure:4527: gcc -v >&5
Using built-in specs.
COLLECT_GCC=gcc
COLLECT_LTO_WRAPPER=/usr/lib/gcc/x86_64-linux-gnu/6/lto-wrapper
Target: x86_64-linux-gnu
Configured with: ../src/configure -v --with-pkgversion='Debian 6.3.0-18+deb9u1' --with-bugurl=file:///usr/share/doc/gcc-6/README.Bugs --enable-languages=c,ada,c++,java,go,d,fortran,objc,obj-c++ --prefix=/usr --program-suffix=-6 --program-prefix=x86_64-linux-gnu- --enable-shared --enable-linker-build-id --libexecdir=/usr/lib --without-included-gettext --enable-threads=posix --libdir=/usr/lib --enable-nls --with-sysroot=/ --enable-clocale=gnu --enable-libstdcxx-debug --enable-libstdcxx-time=yes --with-default-libstdcxx-abi=new --enable-gnu-unique-object --disable-vtable-verify --enable-libmpx --enable-plugin --enable-default-pie --with-system-zlib --disable-browser-plugin --enable-java-awt=gtk --enable-gtk-cairo --with-java-home=/usr/lib/jvm/java-1.5.0-gcj-6-amd64/jre --enable-java-home --with-jvm-root-dir=/usr/lib/jvm/java-1.5.0-gcj-6-amd64 --with-jvm-jar-dir=/usr/lib/jvm-exports/java-1.5.0-gcj-6-amd64 --with-arch-directory=amd64 --with-ecj-jar=/usr/share/java/eclipse-ecj.jar --with-target-system-zlib --enable-objc-gc=auto --enable-multiarch --with-arch-32=i686 --with-abi=m64 --with-multilib-list=m32,m64,mx32 --enable-multilib --with-tune=generic --enable-checking=release --build=x86_64-linux-gnu --host=x86_64-linux-gnu --target=x86_64-linux-gnu
Thread model: posix
gcc version 6.3.0 20170516 (Debian 6.3.0-18+deb9u1) 
configure:4538: $? = 0
configure:4527: gcc -V >&5
gcc: error: unrecognized command line option '-V'
gcc: fatal error: no input files
compilation terminated.
configure:4538: $? = 1
configure:4527: gcc -qversion >&5
gcc: error: unrecognized command line option '-qversion'; did you mean '--version'?
gcc: fatal error: no input files
compilation terminated.
configure:4538: $? = 1
configure:4542: checking whether we are using the GNU C compiler
configure:4570: result: yes
configure:4579: checking whether gcc accepts -g
configure:4640: result: yes
configure:4657: checking for gcc option to accept ISO C89
configure:4733: result: none needed
configure:4758: checking whether gcc understands -c and -o together
configure:4795: result: yes
configure:4817: checking how to run the C preprocessor
configure:4848: gcc -E  conftest.c
configure:4848: $? = 0
configure:4862: gcc -E  conftest.c
conftest.c:11:28: fatal error: ac_nonexistent.h: No such file or directory
 #include <ac_nonexistent.h>
                            ^
compilation terminated.
configure:4862: $? = 1
configure: failed program was:
| /* confdefs.h */
| #define PACKAGE_NAME "gas"
| #define PACKAGE_TARNAME "gas"
| #define PACKAGE_VERSION "2.36"
| #define PACKAGE_STRING "gas 2.36"
| #define PACKAGE_BUGREPORT ""
| #define PACKAGE_URL ""
| #define PACKAGE "gas"
| #define VERSION "2.36"
| /* end confdefs.h.  */
| #include <ac_nonexistent.h>
configure:4887: result: gcc -E
configure:4907: gcc -E  conftest.c
configure:4907: $? = 0
configure:4921: gcc -E  conftest.c
conftest.c:11:28: fatal error: ac_nonexistent.h: No such file or directory
 #include <ac_nonexistent.h>
                            ^
compilation terminated.
configure:4921: $? = 1
configure: failed program was:
| /* confdefs.h */
| #define PACKAGE_NAME "gas"
| #define PACKAGE_TARNAME "gas"
| #define PACKAGE_VERSION "2.36"
| #define PACKAGE_STRING "gas 2.36"
| #define PACKAGE_BUGREPORT ""
| #define PACKAGE_URL ""
| #define PACKAGE "gas"
| #define VERSION "2.36"
| /* end confdefs.h.  */
| #include <ac_nonexistent.h>
configure:4950: checking for grep that handles long lines and -e
configure:5008: result: /bin/grep
configure:5013: checking for egrep
configure:5075: result: /bin/grep -E
configure:5080: checking for ANSI C header files
configure:5100: gcc -c -g -O2  conftest.c >&5
configure:5100: $? = 0
configure:5173: gcc -o conftest -g -O2    conftest.c  >&5
configure:5173: $? = 0
configure:5173: ./conftest
configure:5173: $? = 0
configure:5184: result: yes
configure:5197: checking for sys/types.h
configure:5197: gcc -c -g -O2  conftest.c >&5
configure:5197: $? = 0
configure:5197: result: yes
configure:5197: checking for sys/stat.h
configure:5197: gcc -c -g -O2  conftest.c >&5
configure:5197: $? = 0
configure:5197: result: yes
configure:5197: checking for stdlib.h
configure:5197: gcc -c -g -O2  conftest.c >&5
configure:5197: $? = 0
configure:5197: result: yes
configure:5197: checking for string.h
configure:5197: gcc -c -g -O2  conftest.c >&5
configure:5197: $? = 0
configure:5197: result: yes
configure:5197: checking for memory.h
configure:5197: gcc -c -g -O2  conftest.c >&5
configure:5197: $? = 0
configure:5197: result: yes
configure:5197: checking for strings.h
configure:5197: gcc -c -g -O2  conftest.c >&5
configure:5197: $? = 0
configure:5197: result: yes
configure:5197: checking for inttypes.h
configure:5197: gcc -c -g -O2  conftest.c >&5
configure:5197: $? = 0
configure:5197: result: yes
configure:5197: checking for stdint.h
configure:5197: gcc -c -g -O2  conftest.c >&5
configure:5197: $? = 0
configure:5197: result: yes
configure:5197: checking for unistd.h
configure:5197: gcc -c -g -O2  conftest.c >&5
configure:5197: $? = 0
configure:5197: result: yes
configure:5210: checking minix/config.h usability
configure:5210: gcc -c -g -O2  conftest.c >&5
conftest.c:54:26: fatal error: minix/config.h: No such file or directory
 #include <minix/config.h>
                          ^
compilation terminated.
configure:5210: $? = 1
configure: failed program was:
| /* confdefs.h */
| #define PACKAGE_NAME "gas"
| #define PACKAGE_TARNAME "gas"
| #define PACKAGE_VERSION "2.36"
| #define PACKAGE_STRING "gas 2.36"
| #define PACKAGE_BUGREPORT ""
| #define PACKAGE_URL ""
| #define PACKAGE "gas"
| #define VERSION "2.36"
| #define STDC_HEADERS 1
| #define HAVE_SYS_TYPES_H 1
| #define HAVE_SYS_STAT_H 1
| #define HAVE_STDLIB_H 1
| #define HAVE_STRING_H 1
| #define HAVE_MEMORY_H 1
| #define HAVE_STRINGS_H 1
| #define HAVE_INTTYPES_H 1
| #define HAVE_STDINT_H 1
| #define HAVE_UNISTD_H 1
| /* end confdefs.h.  */
| #include <stdio.h>
| #ifdef HAVE_SYS_TYPES_H
| # include <sys/types.h>
| #endif
| #ifdef HAVE_SYS_STAT_H
| # include <sys/stat.h>
| #endif
| #ifdef STDC_HEADERS
| # include <stdlib.h>
| # include <stddef.h>
| #else
| # ifdef HAVE_STDLIB_H
| #  include <stdlib.h>
| # endif
| #endif
| #ifdef HAVE_STRING_H
| # if !defined STDC_HEADERS && defined HAVE_MEMORY_H
| #  include <memory.h>
| # endif
| # include <string.h>
| #endif
| #ifdef HAVE_STRINGS_H
| # include <strings.h>
| #endif
| #ifdef HAVE_INTTYPES_H
| # include <inttypes.h>
| #endif
| #ifdef HAVE_STDINT_H
| # include <stdint.h>
| #endif
| #ifdef HAVE_UNISTD_H
| # include <unistd.h>
| #endif
| #include <minix/config.h>
configure:5210: result: no
configure:5210: checking minix/config.h presence
configure:5210: gcc -E  conftest.c
conftest.c:21:26: fatal error: minix/config.h: No such file or directory
 #include <minix/config.h>
                          ^
compilation terminated.
configure:5210: $? = 1
configure: failed program was:
| /* confdefs.h */
| #define PACKAGE_NAME "gas"
| #define PACKAGE_TARNAME "gas"
| #define PACKAGE_VERSION "2.36"
| #define PACKAGE_STRING "gas 2.36"
| #define PACKAGE_BUGREPORT ""
| #define PACKAGE_URL ""
| #define PACKAGE "gas"
| #define VERSION "2.36"
| #define STDC_HEADERS 1
| #define HAVE_SYS_TYPES_H 1
| #define HAVE_SYS_STAT_H 1
| #define HAVE_STDLIB_H 1
| #define HAVE_STRING_H 1
| #define HAVE_MEMORY_H 1
| #define HAVE_STRINGS_H 1
| #define HAVE_INTTYPES_H 1
| #define HAVE_STDINT_H 1
| #define HAVE_UNISTD_H 1
| /* end confdefs.h.  */
| #include <minix/config.h>
configure:5210: result: no
configure:5210: checking for minix/config.h
configure:5210: result: no
configure:5231: checking whether it is safe to define __EXTENSIONS__
configure:5249: gcc -c -g -O2  conftest.c >&5
configure:5249: $? = 0
configure:5256: result: yes
configure:5319: checking how to print strings
configure:5346: result: printf
configure:5367: checking for a sed that does not truncate output
configure:5431: result: /bin/sed
configure:5449: checking for fgrep
configure:5511: result: /bin/grep -F
configure:5546: checking for ld used by gcc
configure:5613: result: ld
configure:5620: checking if the linker (ld) is GNU ld
configure:5635: result: yes
configure:5647: checking for BSD- or MS-compatible name lister (nm)
configure:5696: result: nm
configure:5826: checking the name lister (nm) interface
configure:5833: gcc -c -g -O2  conftest.c >&5
configure:5836: nm "conftest.o"
configure:5839: output
0000000000000000 B some_variable
configure:5846: result: BSD nm
configure:5849: checking whether ln -s works
configure:5853: result: yes
configure:5861: checking the maximum length of command line arguments
configure:5986: result: 1572864
configure:6003: checking whether the shell understands some XSI constructs
configure:6013: result: yes
configure:6017: checking whether the shell understands "+="
configure:6023: result: yes
configure:6058: checking for ld option to reload object files
configure:6065: result: -r
configure:6094: checking for x86_64-pc-linux-gnu-objdump
configure:6121: result: objdump
configure:6193: checking how to recognize dependent libraries
configure:6394: result: pass_all
configure:6414: checking for x86_64-pc-linux-gnu-ar
configure:6441: result: ar
configure:6519: checking for x86_64-pc-linux-gnu-strip
configure:6549: result: no
configure:6559: checking for strip
configure:6575: found /usr/local/bin/strip
configure:6586: result: strip
configure:6618: checking for x86_64-pc-linux-gnu-ranlib
configure:6645: result: ranlib
configure:6787: checking command to parse nm output from gcc object
configure:6905: gcc -c -g -O2  conftest.c >&5
configure:6908: $? = 0
configure:6912: nm conftest.o \| sed -n -e 's/^.*[ ]\([ABCDGIRSTW][ABCDGIRSTW]*\)[ ][ ]*\([_A-Za-z][_A-Za-z0-9]*\)$/\1 \2 \2/p' \> conftest.nm
configure:6915: $? = 0
configure:6969: gcc -o conftest -g -O2    conftest.c conftstm.o >&5
configure:6972: $? = 0
configure:7010: result: ok
configure:7105: gcc -c -g -O2  conftest.c >&5
configure:7108: $? = 0
configure:7858: checking for dlfcn.h
configure:7858: gcc -c -g -O2  conftest.c >&5
configure:7858: $? = 0
configure:7858: result: yes
configure:8045: checking for objdir
configure:8060: result: .libs
configure:8331: checking if gcc supports -fno-rtti -fno-exceptions
configure:8349: gcc -c -g -O2  -fno-rtti -fno-exceptions conftest.c >&5
cc1: warning: command line option '-fno-rtti' is valid for C++/ObjC++ but not for C
configure:8353: $? = 0
configure:8366: result: no
configure:8386: checking for gcc option to produce PIC
configure:8672: result: -fPIC -DPIC
configure:8684: checking if gcc PIC flag -fPIC -DPIC works
configure:8702: gcc -c -g -O2  -fPIC -DPIC -DPIC conftest.c >&5
configure:8706: $? = 0
configure:8719: result: yes
configure:8743: checking if gcc static flag -static works
configure:8771: result: yes
configure:8786: checking if gcc supports -c -o file.o
configure:8807: gcc -c -g -O2  -o out/conftest2.o conftest.c >&5
configure:8811: $? = 0
configure:8833: result: yes
configure:8841: checking if gcc supports -c -o file.o
configure:8888: result: yes
configure:8921: checking whether the gcc linker (ld -m elf_x86_64) supports shared libraries
configure:9992: result: yes
configure:10029: checking whether -lc should be explicitly linked in
configure:10037: gcc -c -g -O2  conftest.c >&5
configure:10040: $? = 0
configure:10055: gcc -shared  -fPIC -DPIC conftest.o  -v -Wl,-soname -Wl,conftest -o conftest 2\>\&1 \| /bin/grep  -lc  \>/dev/null 2\>\&1
configure:10058: $? = 0
configure:10072: result: no
configure:10237: checking dynamic linker characteristics
configure:10678: gcc -o conftest -g -O2    -Wl,-rpath -Wl,/foo conftest.c  >&5
configure:10678: $? = 0
configure:10900: result: GNU/Linux ld.so
configure:11007: checking how to hardcode library paths into programs
configure:11032: result: immediate
configure:11572: checking whether stripping libraries is possible
configure:11577: result: yes
configure:11612: checking if libtool supports shared libraries
configure:11614: result: yes
configure:11617: checking whether to build shared libraries
configure:11638: result: yes
configure:11641: checking whether to build static libraries
configure:11645: result: yes
configure:11693: checking for dlfcn.h
configure:11693: result: yes
configure:11706: checking for windows.h
configure:11706: gcc -c -g -O2  conftest.c >&5
conftest.c:63:21: fatal error: windows.h: No such file or directory
 #include <windows.h>
                     ^
compilation terminated.
configure:11706: $? = 1
configure: failed program was:
| /* confdefs.h */
| #define PACKAGE_NAME "gas"
| #define PACKAGE_TARNAME "gas"
| #define PACKAGE_VERSION "2.36"
| #define PACKAGE_STRING "gas 2.36"
| #define PACKAGE_BUGREPORT ""
| #define PACKAGE_URL ""
| #define PACKAGE "gas"
| #define VERSION "2.36"
| #define STDC_HEADERS 1
| #define HAVE_SYS_TYPES_H 1
| #define HAVE_SYS_STAT_H 1
| #define HAVE_STDLIB_H 1
| #define HAVE_STRING_H 1
| #define HAVE_MEMORY_H 1
| #define HAVE_STRINGS_H 1
| #define HAVE_INTTYPES_H 1
| #define HAVE_STDINT_H 1
| #define HAVE_UNISTD_H 1
| #define __EXTENSIONS__ 1
| #define _ALL_SOURCE 1
| #define _GNU_SOURCE 1
| #define _POSIX_PTHREAD_SEMANTICS 1
| #define _TANDEM_SOURCE 1
| #define HAVE_DLFCN_H 1
| #define LT_OBJDIR ".libs/"
| #define HAVE_DLFCN_H 1
| /* end confdefs.h.  */
| #include <stdio.h>
| #ifdef HAVE_SYS_TYPES_H
| # include <sys/types.h>
| #endif
| #ifdef HAVE_SYS_STAT_H
| # include <sys/stat.h>
| #endif
| #ifdef STDC_HEADERS
| # include <stdlib.h>
| # include <stddef.h>
| #else
| # ifdef HAVE_STDLIB_H
| #  include <stdlib.h>
| # endif
| #endif
| #ifdef HAVE_STRING_H
| # if !defined STDC_HEADERS && defined HAVE_MEMORY_H
| #  include <memory.h>
| # endif
| # include <string.h>
| #endif
| #ifdef HAVE_STRINGS_H
| # include <strings.h>
| #endif
| #ifdef HAVE_INTTYPES_H
| # include <inttypes.h>
| #endif
| #ifdef HAVE_STDINT_H
| # include <stdint.h>
| #endif
| #ifdef HAVE_UNISTD_H
| # include <unistd.h>
| #endif
| 
| #include <windows.h>
configure:11706: result: no
configure:11733: checking for library containing dlsym
configure:11764: gcc -o conftest -g -O2    conftest.c  >&5
/usr/local/bin/ld: /tmp/cceGdftc.o: in function `main':
/home/carter/magi/src/binutils-2.36/gas/conftest.c:40: undefined reference to `dlsym'
collect2: error: ld returned 1 exit status
configure:11764: $? = 1
configure: failed program was:
| /* confdefs.h */
| #define PACKAGE_NAME "gas"
| #define PACKAGE_TARNAME "gas"
| #define PACKAGE_VERSION "2.36"
| #define PACKAGE_STRING "gas 2.36"
| #define PACKAGE_BUGREPORT ""
| #define PACKAGE_URL ""
| #define PACKAGE "gas"
| #define VERSION "2.36"
| #define STDC_HEADERS 1
| #define HAVE_SYS_TYPES_H 1
| #define HAVE_SYS_STAT_H 1
| #define HAVE_STDLIB_H 1
| #define HAVE_STRING_H 1
| #define HAVE_MEMORY_H 1
| #define HAVE_STRINGS_H 1
| #define HAVE_INTTYPES_H 1
| #define HAVE_STDINT_H 1
| #define HAVE_UNISTD_H 1
| #define __EXTENSIONS__ 1
| #define _ALL_SOURCE 1
| #define _GNU_SOURCE 1
| #define _POSIX_PTHREAD_SEMANTICS 1
| #define _TANDEM_SOURCE 1
| #define HAVE_DLFCN_H 1
| #define LT_OBJDIR ".libs/"
| #define HAVE_DLFCN_H 1
| /* end confdefs.h.  */
| 
| /* Override any GCC internal prototype to avoid an error.
|    Use char because int might match the return type of a GCC
|    builtin and then its argument prototype would still apply.  */
| #ifdef __cplusplus
| extern "C"
| #endif
| char dlsym ();
| int
| main ()
| {
| return dlsym ();
|   ;
|   return 0;
| }
configure:11764: gcc -o conftest -g -O2    conftest.c -ldl   >&5
configure:11764: $? = 0
configure:11781: result: -ldl
configure:11853: checking for special C compiler options needed for large files
configure:11898: result: no
configure:11904: checking for _FILE_OFFSET_BITS value needed for large files
configure:11929: gcc -c -g -O2  conftest.c >&5
configure:11929: $? = 0
configure:11961: result: no
configure:12047: checking how to compare bootstrapped objects
configure:12072: result: cmp --ignore-initial=16 $$f1 $$f2
configure:12377: checking whether byte ordering is bigendian
configure:12392: gcc -c -g -O2  conftest.c >&5
conftest.c:30:9: error: unknown type name 'not'
         not a universal capable compiler
         ^~~
conftest.c:30:15: error: expected '=', ',', ';', 'asm' or '__attribute__' before 'universal'
         not a universal capable compiler
               ^~~~~~~~~
conftest.c:30:15: error: unknown type name 'universal'
configure:12392: $? = 1
configure: failed program was:
| /* confdefs.h */
| #define PACKAGE_NAME "gas"
| #define PACKAGE_TARNAME "gas"
| #define PACKAGE_VERSION "2.36"
| #define PACKAGE_STRING "gas 2.36"
| #define PACKAGE_BUGREPORT ""
| #define PACKAGE_URL ""
| #define PACKAGE "gas"
| #define VERSION "2.36"
| #define STDC_HEADERS 1
| #define HAVE_SYS_TYPES_H 1
| #define HAVE_SYS_STAT_H 1
| #define HAVE_STDLIB_H 1
| #define HAVE_STRING_H 1
| #define HAVE_MEMORY_H 1
| #define HAVE_STRINGS_H 1
| #define HAVE_INTTYPES_H 1
| #define HAVE_STDINT_H 1
| #define HAVE_UNISTD_H 1
| #define __EXTENSIONS__ 1
| #define _ALL_SOURCE 1
| #define _GNU_SOURCE 1
| #define _POSIX_PTHREAD_SEMANTICS 1
| #define _TANDEM_SOURCE 1
| #define HAVE_DLFCN_H 1
| #define LT_OBJDIR ".libs/"
| #define HAVE_DLFCN_H 1
| /* end confdefs.h.  */
| #ifndef __APPLE_CC__
| 	       not a universal capable compiler
| 	     #endif
| 	     typedef int dummy;
| 
configure:12437: gcc -c -g -O2  conftest.c >&5
configure:12437: $? = 0
configure:12455: gcc -c -g -O2  conftest.c >&5
conftest.c: In function 'main':
conftest.c:36:4: error: unknown type name 'not'
    not big endian
    ^~~
conftest.c:36:12: error: expected '=', ',', ';', 'asm' or '__attribute__' before 'endian'
    not big endian
            ^~~~~~
configure:12455: $? = 1
configure: failed program was:
| /* confdefs.h */
| #define PACKAGE_NAME "gas"
| #define PACKAGE_TARNAME "gas"
| #define PACKAGE_VERSION "2.36"
| #define PACKAGE_STRING "gas 2.36"
| #define PACKAGE_BUGREPORT ""
| #define PACKAGE_URL ""
| #define PACKAGE "gas"
| #define VERSION "2.36"
| #define STDC_HEADERS 1
| #define HAVE_SYS_TYPES_H 1
| #define HAVE_SYS_STAT_H 1
| #define HAVE_STDLIB_H 1
| #define HAVE_STRING_H 1
| #define HAVE_MEMORY_H 1
| #define HAVE_STRINGS_H 1
| #define HAVE_INTTYPES_H 1
| #define HAVE_STDINT_H 1
| #define HAVE_UNISTD_H 1
| #define __EXTENSIONS__ 1
| #define _ALL_SOURCE 1
| #define _GNU_SOURCE 1
| #define _POSIX_PTHREAD_SEMANTICS 1
| #define _TANDEM_SOURCE 1
| #define HAVE_DLFCN_H 1
| #define LT_OBJDIR ".libs/"
| #define HAVE_DLFCN_H 1
| /* end confdefs.h.  */
| #include <sys/types.h>
| 		#include <sys/param.h>
| 
| int
| main ()
| {
| #if BYTE_ORDER != BIG_ENDIAN
| 		 not big endian
| 		#endif
| 
|   ;
|   return 0;
| }
configure:12583: result: no
configure:13522: checking for bison
configure:13549: result: /home/carter/magi/src/binutils-2.36/missing bison -y
configure:13565: checking for flex
configure:13592: result: /home/carter/magi/src/binutils-2.36/missing flex
configure:13739: checking whether NLS is requested
configure:13745: result: yes
configure:13751: checking for catalogs to be installed
configure:13783: result:  es fi fr id ja ru rw sv tr uk zh_CN es fi fr id ja ru rw sv tr uk zh_CN
configure:13810: checking whether NLS is requested
configure:13819: result: yes
configure:13857: checking for msgfmt
configure:13891: result: no
configure:13897: checking for gmsgfmt
configure:13928: result: :
configure:13968: checking for xgettext
configure:14002: result: no
configure:14039: checking for msgmerge
configure:14072: result: no
configure:14106: checking whether to enable maintainer-specific portions of Makefiles
configure:14115: result: no
configure:14141: checking for string.h
configure:14141: result: yes
configure:14141: checking for stdlib.h
configure:14141: result: yes
configure:14141: checking for memory.h
configure:14141: result: yes
configure:14141: checking for strings.h
configure:14141: result: yes
configure:14141: checking for unistd.h
configure:14141: result: yes
configure:14141: checking errno.h usability
configure:14141: gcc -c -g -O2  conftest.c >&5
configure:14141: $? = 0
configure:14141: result: yes
configure:14141: checking errno.h presence
configure:14141: gcc -E  conftest.c
configure:14141: $? = 0
configure:14141: result: yes
configure:14141: checking for errno.h
configure:14141: result: yes
configure:14141: checking for sys/types.h
configure:14141: result: yes
configure:14141: checking limits.h usability
configure:14141: gcc -c -g -O2  conftest.c >&5
configure:14141: $? = 0
configure:14141: result: yes
configure:14141: checking limits.h presence
configure:14141: gcc -E  conftest.c
configure:14141: $? = 0
configure:14141: result: yes
configure:14141: checking for limits.h
configure:14141: result: yes
configure:14141: checking locale.h usability
configure:14141: gcc -c -g -O2  conftest.c >&5
configure:14141: $? = 0
configure:14141: result: yes
configure:14141: checking locale.h presence
configure:14141: gcc -E  conftest.c
configure:14141: $? = 0
configure:14141: result: yes
configure:14141: checking for locale.h
configure:14141: result: yes
configure:14141: checking time.h usability
configure:14141: gcc -c -g -O2  conftest.c >&5
configure:14141: $? = 0
configure:14141: result: yes
configure:14141: checking time.h presence
configure:14141: gcc -E  conftest.c
configure:14141: $? = 0
configure:14141: result: yes
configure:14141: checking for time.h
configure:14141: result: yes
configure:14141: checking for sys/stat.h
configure:14141: result: yes
configure:14151: checking whether string.h and strings.h may both be included
configure:14168: gcc -c -g -O2  conftest.c >&5
configure:14168: $? = 0
configure:14175: result: yes
configure:14186: checking whether compiling a cross-assembler
configure:14196: result: no
configure:14199: checking for size_t
configure:14199: gcc -c -g -O2  conftest.c >&5
configure:14199: $? = 0
configure:14199: gcc -c -g -O2  conftest.c >&5
conftest.c: In function 'main':
conftest.c:93:21: error: expected expression before ')' token
 if (sizeof ((size_t)))
                     ^
configure:14199: $? = 1
configure: failed program was:
| /* confdefs.h */
| #define PACKAGE_NAME "gas"
| #define PACKAGE_TARNAME "gas"
| #define PACKAGE_VERSION "2.36"
| #define PACKAGE_STRING "gas 2.36"
| #define PACKAGE_BUGREPORT ""
| #define PACKAGE_URL ""
| #define PACKAGE "gas"
| #define VERSION "2.36"
| #define STDC_HEADERS 1
| #define HAVE_SYS_TYPES_H 1
| #define HAVE_SYS_STAT_H 1
| #define HAVE_STDLIB_H 1
| #define HAVE_STRING_H 1
| #define HAVE_MEMORY_H 1
| #define HAVE_STRINGS_H 1
| #define HAVE_INTTYPES_H 1
| #define HAVE_STDINT_H 1
| #define HAVE_UNISTD_H 1
| #define __EXTENSIONS__ 1
| #define _ALL_SOURCE 1
| #define _GNU_SOURCE 1
| #define _POSIX_PTHREAD_SEMANTICS 1
| #define _TANDEM_SOURCE 1
| #define HAVE_DLFCN_H 1
| #define LT_OBJDIR ".libs/"
| #define HAVE_DLFCN_H 1
| #define DEFAULT_ARCH "x86_64"
| #define DEFAULT_GENERATE_X86_RELAX_RELOCATIONS 1
| #define DEFAULT_GENERATE_ELF_STT_COMMON 0
| #define DEFAULT_GENERATE_BUILD_NOTES 0
| #define DEFAULT_X86_USED_NOTE 1
| #define DEFAULT_RISCV_ATTR 0
| #define DEFAULT_MIPS_FIX_LOONGSON3_LLSC 0
| #define DEFAULT_FLAG_COMPRESS_DEBUG 1
| #define EMULATIONS  &i386elf,
| #define DEFAULT_EMULATION "i386elf"
| #define TARGET_ALIAS "x86_64-pc-linux-gnu"
| #define TARGET_CANONICAL "x86_64-pc-linux-gnu"
| #define TARGET_CPU "x86_64"
| #define TARGET_VENDOR "pc"
| #define TARGET_OS "linux-gnu"
| #define ENABLE_NLS 1
| #define HAVE_STRING_H 1
| #define HAVE_STDLIB_H 1
| #define HAVE_MEMORY_H 1
| #define HAVE_STRINGS_H 1
| #define HAVE_UNISTD_H 1
| #define HAVE_ERRNO_H 1
| #define HAVE_SYS_TYPES_H 1
| #define HAVE_LIMITS_H 1
| #define HAVE_LOCALE_H 1
| #define HAVE_TIME_H 1
| #define HAVE_SYS_STAT_H 1
| #define STRING_WITH_STRINGS 1
| /* end confdefs.h.  */
| #include <stdio.h>
| #ifdef HAVE_SYS_TYPES_H
| # include <sys/types.h>
| #endif
| #ifdef HAVE_SYS_STAT_H
| # include <sys/stat.h>
| #endif
| #ifdef STDC_HEADERS
| # include <stdlib.h>
| # include <stddef.h>
| #else
| # ifdef HAVE_STDLIB_H
| #  include <stdlib.h>
| # endif
| #endif
| #ifdef HAVE_STRING_H
| # if !defined STDC_HEADERS && defined HAVE_MEMORY_H
| #  include <memory.h>
| # endif
| # include <string.h>
| #endif
| #ifdef HAVE_STRINGS_H
| # include <strings.h>
| #endif
| #ifdef HAVE_INTTYPES_H
| # include <inttypes.h>
| #endif
| #ifdef HAVE_STDINT_H
| # include <stdint.h>
| #endif
| #ifdef HAVE_UNISTD_H
| # include <unistd.h>
| #endif
| int
| main ()
| {
| if (sizeof ((size_t)))
| 	    return 0;
|   ;
|   return 0;
| }
configure:14199: result: yes
configure:14212: checking for working alloca.h
configure:14229: gcc -o conftest -g -O2    conftest.c -ldl  >&5
configure:14229: $? = 0
configure:14237: result: yes
configure:14245: checking for alloca
configure:14282: gcc -o conftest -g -O2    conftest.c -ldl  >&5
configure:14282: $? = 0
configure:14290: result: yes
configure:14396: checking for inline
configure:14412: gcc -c -g -O2  conftest.c >&5
configure:14412: $? = 0
configure:14420: result: inline
configure:14443: checking for unlink
configure:14443: gcc -o conftest -g -O2    conftest.c -ldl  >&5
configure:14443: $? = 0
configure:14443: result: yes
configure:14455: checking for sbrk
configure:14455: gcc -o conftest -g -O2    conftest.c -ldl  >&5
configure:14455: $? = 0
configure:14455: result: yes
configure:14455: checking for setlocale
configure:14455: gcc -o conftest -g -O2    conftest.c -ldl  >&5
configure:14455: $? = 0
configure:14455: result: yes
configure:14466: checking for strsignal
configure:14466: gcc -o conftest -g -O2    conftest.c -ldl  >&5
configure:14466: $? = 0
configure:14466: result: yes
configure:14477: checking for LC_MESSAGES
configure:14493: gcc -o conftest -g -O2    conftest.c -ldl  >&5
configure:14493: $? = 0
configure:14501: result: yes
configure:14652: checking for working assert macro
configure:14677: gcc -o conftest -g -O2    conftest.c -ldl  >&5
In file included from conftest.c:64:0:
conftest.c: In function 'main':
conftest.c:73:10: warning: implicit declaration of function 'strcmp' [-Wimplicit-function-declaration]
 assert (!strcmp(s, "foo bar baz quux"));
          ^
configure:14677: $? = 0
configure:14685: result: yes
configure:14717: checking whether declaration is required for errno
configure:14741: gcc -o conftest -g -O2    conftest.c -ldl  >&5
configure:14741: $? = 0
configure:14749: result: no
configure:14758: checking for a known getopt prototype in unistd.h
configure:14774: gcc -c -g -O2  conftest.c >&5
configure:14774: $? = 0
configure:14782: result: yes
configure:14791: checking whether declaration is required for environ
configure:14811: gcc -o conftest -g -O2    conftest.c -ldl  >&5
configure:14811: $? = 0
configure:14819: result: no
configure:14828: checking whether declaration is required for ffs
configure:14848: gcc -o conftest -g -O2    conftest.c -ldl  >&5
configure:14848: $? = 0
configure:14856: result: no
configure:14865: checking whether declaration is required for free
configure:14885: gcc -o conftest -g -O2    conftest.c -ldl  >&5
configure:14885: $? = 0
configure:14893: result: no
configure:14902: checking whether declaration is required for malloc
configure:14922: gcc -o conftest -g -O2    conftest.c -ldl  >&5
configure:14922: $? = 0
configure:14930: result: no
configure:14939: checking whether declaration is required for sbrk
configure:14959: gcc -o conftest -g -O2    conftest.c -ldl  >&5
configure:14959: $? = 0
configure:14967: result: no
configure:14976: checking whether declaration is required for strstr
configure:14996: gcc -o conftest -g -O2    conftest.c -ldl  >&5
configure:14996: $? = 0
configure:15004: result: no
configure:15013: checking whether free is declared
configure:15013: gcc -c -g -O2  conftest.c >&5
configure:15013: $? = 0
configure:15013: result: yes
configure:15023: checking whether getenv is declared
configure:15023: gcc -c -g -O2  conftest.c >&5
configure:15023: $? = 0
configure:15023: result: yes
configure:15033: checking whether malloc is declared
configure:15033: gcc -c -g -O2  conftest.c >&5
configure:15033: $? = 0
configure:15033: result: yes
configure:15043: checking whether mempcpy is declared
configure:15043: gcc -c -g -O2  conftest.c >&5
configure:15043: $? = 0
configure:15043: result: yes
configure:15053: checking whether realloc is declared
configure:15053: gcc -c -g -O2  conftest.c >&5
configure:15053: $? = 0
configure:15053: result: yes
configure:15063: checking whether stpcpy is declared
configure:15063: gcc -c -g -O2  conftest.c >&5
configure:15063: $? = 0
configure:15063: result: yes
configure:15073: checking whether strstr is declared
configure:15073: gcc -c -g -O2  conftest.c >&5
configure:15073: $? = 0
configure:15073: result: yes
configure:15083: checking whether vsnprintf is declared
configure:15083: gcc -c -g -O2  conftest.c >&5
configure:15083: $? = 0
configure:15083: result: yes
configure:15093: checking whether asprintf is declared
configure:15093: gcc -c -g -O2  conftest.c >&5
configure:15093: $? = 0
configure:15093: result: yes
configure:15135: checking for struct tm.tm_gmtoff in time.h
configure:15153: gcc -c -g -O2  conftest.c >&5
In file included from /usr/include/time.h:27:0,
                 from conftest.c:76:
/usr/include/features.h:148:3: warning: #warning "_BSD_SOURCE and _SVID_SOURCE are deprecated, use _DEFAULT_SOURCE" [-Wcpp]
 # warning "_BSD_SOURCE and _SVID_SOURCE are deprecated, use _DEFAULT_SOURCE"
   ^~~~~~~
configure:15153: $? = 0
configure:15167: result: yes
configure:15173: checking for struct stat.st_mtim.tv_sec in sys/stat.h
configure:15191: gcc -c -g -O2  conftest.c >&5
In file included from /usr/include/x86_64-linux-gnu/sys/stat.h:25:0,
                 from conftest.c:77:
/usr/include/features.h:148:3: warning: #warning "_BSD_SOURCE and _SVID_SOURCE are deprecated, use _DEFAULT_SOURCE" [-Wcpp]
 # warning "_BSD_SOURCE and _SVID_SOURCE are deprecated, use _DEFAULT_SOURCE"
   ^~~~~~~
configure:15191: $? = 0
configure:15205: result: yes
configure:15208: checking for struct stat.st_mtim.tv_nsec in sys/stat.h
configure:15226: gcc -c -g -O2  conftest.c >&5
In file included from /usr/include/x86_64-linux-gnu/sys/stat.h:25:0,
                 from conftest.c:78:
/usr/include/features.h:148:3: warning: #warning "_BSD_SOURCE and _SVID_SOURCE are deprecated, use _DEFAULT_SOURCE" [-Wcpp]
 # warning "_BSD_SOURCE and _SVID_SOURCE are deprecated, use _DEFAULT_SOURCE"
   ^~~~~~~
configure:15226: $? = 0
configure:15240: result: yes
configure:15323: updating cache ./config.cache
configure:15367: checking that generated files are newer than configure
configure:15373: result: done
configure:15405: creating ./config.status

## ---------------------- ##
## Running config.status. ##
## ---------------------- ##

This file was extended by gas config.status 2.36, which was
generated by GNU Autoconf 2.69.  Invocation command line was

  CONFIG_FILES    = 
  CONFIG_HEADERS  = 
  CONFIG_LINKS    = 
  CONFIG_COMMANDS = 
  $ ./config.status 

on debian

config.status:1187: creating .gdbinit
config.status:1187: creating Makefile
config.status:1187: creating doc/Makefile
config.status:1187: creating po/Makefile.in
config.status:1187: creating config.h
config.status:1416: executing depfiles commands
config.status:1416: executing libtool commands
config.status:1416: executing default-1 commands
config.status:1416: executing default commands

## ---------------- ##
## Cache variables. ##
## ---------------- ##

ac_cv_build=x86_64-pc-linux-gnu
ac_cv_c_bigendian=no
ac_cv_c_compiler_gnu=yes
ac_cv_c_inline=inline
ac_cv_env_CC_set=set
ac_cv_env_CC_value=gcc
ac_cv_env_CFLAGS_set=set
ac_cv_env_CFLAGS_value='-g -O2'
ac_cv_env_CPPFLAGS_set=
ac_cv_env_CPPFLAGS_value=
ac_cv_env_CPP_set=
ac_cv_env_CPP_value=
ac_cv_env_LDFLAGS_set=set
ac_cv_env_LDFLAGS_value=' '
ac_cv_env_LIBS_set=
ac_cv_env_LIBS_value=
ac_cv_env_YACC_set=set
ac_cv_env_YACC_value='/home/carter/magi/src/binutils-2.36/missing bison -y'
ac_cv_env_YFLAGS_set=
ac_cv_env_YFLAGS_value=
ac_cv_env_build_alias_set=set
ac_cv_env_build_alias_value=x86_64-pc-linux-gnu
ac_cv_env_host_alias_set=set
ac_cv_env_host_alias_value=x86_64-pc-linux-gnu
ac_cv_env_target_alias_set=set
ac_cv_env_target_alias_value=x86_64-pc-linux-gnu
ac_cv_func_alloca_works=yes
ac_cv_func_sbrk=yes
ac_cv_func_setlocale=yes
ac_cv_func_strsignal=yes
ac_cv_func_unlink=yes
ac_cv_have_decl_asprintf=yes
ac_cv_have_decl_free=yes
ac_cv_have_decl_getenv=yes
ac_cv_have_decl_malloc=yes
ac_cv_have_decl_mempcpy=yes
ac_cv_have_decl_realloc=yes
ac_cv_have_decl_stpcpy=yes
ac_cv_have_decl_strstr=yes
ac_cv_have_decl_vsnprintf=yes
ac_cv_header_dlfcn_h=yes
ac_cv_header_errno_h=yes
ac_cv_header_inttypes_h=yes
ac_cv_header_limits_h=yes
ac_cv_header_locale_h=yes
ac_cv_header_memory_h=yes
ac_cv_header_minix_config_h=no
ac_cv_header_stdc=yes
ac_cv_header_stdint_h=yes
ac_cv_header_stdlib_h=yes
ac_cv_header_string_h=yes
ac_cv_header_strings_h=yes
ac_cv_header_sys_stat_h=yes
ac_cv_header_sys_types_h=yes
ac_cv_header_time_h=yes
ac_cv_header_unistd_h=yes
ac_cv_header_windows_h=no
ac_cv_host=x86_64-pc-linux-gnu
ac_cv_objext=o
ac_cv_path_EGREP='/bin/grep -E'
ac_cv_path_FGREP='/bin/grep -F'
ac_cv_path_GMSGFMT=:
ac_cv_path_GREP=/bin/grep
ac_cv_path_MSGFMT=:
ac_cv_path_MSGMERGE=:
ac_cv_path_SED=/bin/sed
ac_cv_path_XGETTEXT=:
ac_cv_path_mkdir=/bin/mkdir
ac_cv_prog_AR=ar
ac_cv_prog_AWK=mawk
ac_cv_prog_CC=gcc
ac_cv_prog_CPP='gcc -E'
ac_cv_prog_LEX='/home/carter/magi/src/binutils-2.36/missing flex'
ac_cv_prog_OBJDUMP=objdump
ac_cv_prog_RANLIB=ranlib
ac_cv_prog_YACC='/home/carter/magi/src/binutils-2.36/missing bison -y'
ac_cv_prog_ac_ct_STRIP=strip
ac_cv_prog_cc_c89=
ac_cv_prog_cc_g=yes
ac_cv_prog_make_make_set=yes
ac_cv_safe_to_define___extensions__=yes
ac_cv_search_dlsym=-ldl
ac_cv_search_strerror='none required'
ac_cv_sys_file_offset_bits=no
ac_cv_sys_largefile_CC=no
ac_cv_target=x86_64-pc-linux-gnu
ac_cv_type_size_t=yes
ac_cv_working_alloca_h=yes
am_cv_CC_dependencies_compiler_type=gcc3
am_cv_make_support_nested_variables=yes
am_cv_prog_cc_c_o=yes
am_cv_val_LC_MESSAGES=yes
gas_cv_assert_ok=yes
gas_cv_decl_getopt_unistd_h=yes
gas_cv_decl_needed_environ=no
gas_cv_decl_needed_errno=no
gas_cv_decl_needed_ffs=no
gas_cv_decl_needed_free=no
gas_cv_decl_needed_malloc=no
gas_cv_decl_needed_sbrk=no
gas_cv_decl_needed_strstr=no
gas_cv_have_sys_stat_type_member_st_mtim_tv_nsec=yes
gas_cv_have_sys_stat_type_member_st_mtim_tv_sec=yes
gas_cv_have_time_type_member_tm_gmtoff=yes
gcc_cv_header_string=yes
gcc_cv_prog_cmp_skip='cmp --ignore-initial=16 $$f1 $$f2'
lt_cv_archive_cmds_need_lc=no
lt_cv_deplibs_check_method=pass_all
lt_cv_file_magic_cmd='$MAGIC_CMD'
lt_cv_file_magic_test_file=
lt_cv_ld_reload_flag=-r
lt_cv_nm_interface='BSD nm'
lt_cv_objdir=.libs
lt_cv_path_LD=ld
lt_cv_path_NM=nm
lt_cv_prog_compiler_c_o=yes
lt_cv_prog_compiler_pic_works=yes
lt_cv_prog_compiler_rtti_exceptions=no
lt_cv_prog_compiler_static_works=yes
lt_cv_prog_gnu_ld=yes
lt_cv_shlibpath_overrides_runpath=no
lt_cv_sys_global_symbol_pipe='sed -n -e '\''s/^.*[	 ]\([ABCDGIRSTW][ABCDGIRSTW]*\)[	 ][	 ]*\([_A-Za-z][_A-Za-z0-9]*\)$/\1 \2 \2/p'\'''
lt_cv_sys_global_symbol_to_c_name_address='sed -n -e '\''s/^: \([^ ]*\) $/  {\"\1\", (void *) 0},/p'\'' -e '\''s/^[ABCDGIRSTW]* \([^ ]*\) \([^ ]*\)$/  {"\2", (void *) \&\2},/p'\'''
lt_cv_sys_global_symbol_to_c_name_address_lib_prefix='sed -n -e '\''s/^: \([^ ]*\) $/  {\"\1\", (void *) 0},/p'\'' -e '\''s/^[ABCDGIRSTW]* \([^ ]*\) \(lib[^ ]*\)$/  {"\2", (void *) \&\2},/p'\'' -e '\''s/^[ABCDGIRSTW]* \([^ ]*\) \([^ ]*\)$/  {"lib\2", (void *) \&\2},/p'\'''
lt_cv_sys_global_symbol_to_cdecl='sed -n -e '\''s/^T .* \(.*\)$/extern int \1();/p'\'' -e '\''s/^[ABCDGIRSTW]* .* \(.*\)$/extern char \1;/p'\'''
lt_cv_sys_max_cmd_len=1572864

## ----------------- ##
## Output variables. ##
## ----------------- ##

ACLOCAL='${SHELL} /home/carter/magi/src/binutils-2.36/missing aclocal-1.15'
ALLOCA=''
AMDEPBACKSLASH='\'
AMDEP_FALSE='#'
AMDEP_TRUE=''
AMTAR='$${TAR-tar}'
AM_BACKSLASH='\'
AM_DEFAULT_V='$(AM_DEFAULT_VERBOSITY)'
AM_DEFAULT_VERBOSITY='1'
AM_V='$(V)'
AR='ar'
AUTOCONF='${SHELL} /home/carter/magi/src/binutils-2.36/missing autoconf'
AUTOHEADER='${SHELL} /home/carter/magi/src/binutils-2.36/missing autoheader'
AUTOMAKE='${SHELL} /home/carter/magi/src/binutils-2.36/missing automake-1.15'
AWK='mawk'
CATALOGS=' es.gmo fi.gmo fr.gmo id.gmo ja.gmo ru.gmo rw.gmo sv.gmo tr.gmo uk.gmo zh_CN.gmo es.gmo fi.gmo fr.gmo id.gmo ja.gmo ru.gmo rw.gmo sv.gmo tr.gmo uk.gmo zh_CN.gmo'
CATOBJEXT='.gmo'
CC='gcc'
CCDEPMODE='depmode=gcc3'
CFLAGS='-g -O2'
CPP='gcc -E'
CPPFLAGS=''
CYGPATH_W='echo'
DATADIRNAME='share'
DEFS='-DHAVE_CONFIG_H'
DEPDIR='.deps'
DSYMUTIL=''
DUMPBIN=''
ECHO_C=''
ECHO_N='-n'
ECHO_T=''
EGREP='/bin/grep -E'
EXEEXT=''
FGREP='/bin/grep -F'
GDBINIT='.gdbinit'
GENCAT='gencat'
GENINSRC_NEVER_FALSE=''
GENINSRC_NEVER_TRUE='#'
GMSGFMT=':'
GREP='/bin/grep'
INCINTL=''
INSTALL_DATA='/usr/bin/install -c -m 644'
INSTALL_PROGRAM='/usr/bin/install -c'
INSTALL_SCRIPT='/usr/bin/install -c'
INSTALL_STRIP_PROGRAM='$(install_sh) -c -s'
INSTOBJEXT='.mo'
LARGEFILE_CPPFLAGS=''
LD='ld -m elf_x86_64'
LDFLAGS=' '
LEX='/home/carter/magi/src/binutils-2.36/missing flex'
LEXLIB=''
LEX_OUTPUT_ROOT=''
LIBINTL=''
LIBINTL_DEP=''
LIBM=''
LIBOBJS=''
LIBS='-ldl '
LIBTOOL='$(SHELL) $(top_builddir)/libtool'
LIPO=''
LN_S='ln -s'
LTLIBOBJS=''
MAINT='#'
MAINTAINER_MODE_FALSE=''
MAINTAINER_MODE_TRUE='#'
MAKEINFO='/home/carter/magi/src/binutils-2.36/missing makeinfo --split-size=5000000'
MKDIR_P='/bin/mkdir -p'
MKINSTALLDIRS='$(top_builddir)/../mkinstalldirs'
MSGFMT=':'
MSGMERGE=':'
NM='nm'
NMEDIT=''
NO_WERROR=''
OBJDUMP='objdump'
OBJEXT='o'
OPCODES_LIB='../opcodes/libopcodes.la'
OTOOL64=''
OTOOL=''
PACKAGE='gas'
PACKAGE_BUGREPORT=''
PACKAGE_NAME='gas'
PACKAGE_STRING='gas 2.36'
PACKAGE_TARNAME='gas'
PACKAGE_URL=''
PACKAGE_VERSION='2.36'
PATH_SEPARATOR=':'
POSUB='po'
RANLIB='ranlib'
SED='/bin/sed'
SET_MAKE=''
SHELL='/bin/bash'
STRIP='strip'
USE_NLS='yes'
VERSION='2.36'
WARN_CFLAGS='-W -Wall -Wstrict-prototypes -Wmissing-prototypes -Wshadow -Wstack-usage=262144'
WARN_CFLAGS_FOR_BUILD='-W -Wall -Wstrict-prototypes -Wmissing-prototypes -Wshadow -Wstack-usage=262144'
WARN_WRITE_STRINGS='-Wwrite-strings'
XGETTEXT=':'
YACC='/home/carter/magi/src/binutils-2.36/missing bison -y'
YFLAGS=''
ac_ct_CC=''
ac_ct_DUMPBIN=''
am__EXEEXT_FALSE=''
am__EXEEXT_TRUE='#'
am__fastdepCC_FALSE='#'
am__fastdepCC_TRUE=''
am__include='include'
am__isrc=''
am__leading_dot='.'
am__nodep='_no'
am__quote=''
am__tar='$${TAR-tar} chof - "$$tardir"'
am__untar='$${TAR-tar} xf -'
atof='ieee'
bindir='${exec_prefix}/bin'
build='x86_64-pc-linux-gnu'
build_alias='x86_64-pc-linux-gnu'
build_cpu='x86_64'
build_os='linux-gnu'
build_vendor='pc'
cgen_cpu_prefix=''
datadir='${datarootdir}'
datarootdir='${prefix}/share'
do_compare='cmp --ignore-initial=16 $$f1 $$f2'
docdir='${datarootdir}/doc/${PACKAGE_TARNAME}'
dvidir='${docdir}'
exec_prefix='${prefix}'
extra_objects=''
host='x86_64-pc-linux-gnu'
host_alias='x86_64-pc-linux-gnu'
host_cpu='x86_64'
host_os='linux-gnu'
host_vendor='pc'
htmldir='${docdir}'
includedir='${prefix}/include'
infodir='${datarootdir}/info'
install_sh='${SHELL} /home/carter/magi/src/binutils-2.36/install-sh'
install_tooldir='install-exec-tooldir'
libdir='${exec_prefix}/lib'
libexecdir='${exec_prefix}/libexec'
localedir='${datarootdir}/locale'
localstatedir='${prefix}/var'
mandir='${datarootdir}/man'
mkdir_p='$(MKDIR_P)'
obj_format='elf'
oldincludedir='/usr/include'
pdfdir='${docdir}'
prefix='/usr/local'
program_transform_name='s,y,y,'
psdir='${docdir}'
sbindir='${exec_prefix}/sbin'
sharedstatedir='${prefix}/com'
sysconfdir='${prefix}/etc'
target='x86_64-pc-linux-gnu'
target_alias='x86_64-pc-linux-gnu'
target_cpu='x86_64'
target_cpu_type='i386'
target_os='linux-gnu'
target_vendor='pc'
te_file='linux'
zlibdir='-L$(top_builddir)/../zlib'
zlibinc='-I$(top_srcdir)/../zlib'

## ----------- ##
## confdefs.h. ##
## ----------- ##

/* confdefs.h */
#define PACKAGE_NAME "gas"
#define PACKAGE_TARNAME "gas"
#define PACKAGE_VERSION "2.36"
#define PACKAGE_STRING "gas 2.36"
#define PACKAGE_BUGREPORT ""
#define PACKAGE_URL ""
#define PACKAGE "gas"
#define VERSION "2.36"
#define STDC_HEADERS 1
#define HAVE_SYS_TYPES_H 1
#define HAVE_SYS_STAT_H 1
#define HAVE_STDLIB_H 1
#define HAVE_STRING_H 1
#define HAVE_MEMORY_H 1
#define HAVE_STRINGS_H 1
#define HAVE_INTTYPES_H 1
#define HAVE_STDINT_H 1
#define HAVE_UNISTD_H 1
#define __EXTENSIONS__ 1
#define _ALL_SOURCE 1
#define _GNU_SOURCE 1
#define _POSIX_PTHREAD_SEMANTICS 1
#define _TANDEM_SOURCE 1
#define HAVE_DLFCN_H 1
#define LT_OBJDIR ".libs/"
#define HAVE_DLFCN_H 1
#define DEFAULT_ARCH "x86_64"
#define DEFAULT_GENERATE_X86_RELAX_RELOCATIONS 1
#define DEFAULT_GENERATE_ELF_STT_COMMON 0
#define DEFAULT_GENERATE_BUILD_NOTES 0
#define DEFAULT_X86_USED_NOTE 1
#define DEFAULT_RISCV_ATTR 0
#define DEFAULT_MIPS_FIX_LOONGSON3_LLSC 0
#define DEFAULT_FLAG_COMPRESS_DEBUG 1
#define EMULATIONS  &i386elf,
#define DEFAULT_EMULATION "i386elf"
#define TARGET_ALIAS "x86_64-pc-linux-gnu"
#define TARGET_CANONICAL "x86_64-pc-linux-gnu"
#define TARGET_CPU "x86_64"
#define TARGET_VENDOR "pc"
#define TARGET_OS "linux-gnu"
#define ENABLE_NLS 1
#define HAVE_STRING_H 1
#define HAVE_STDLIB_H 1
#define HAVE_MEMORY_H 1
#define HAVE_STRINGS_H 1
#define HAVE_UNISTD_H 1
#define HAVE_ERRNO_H 1
#define HAVE_SYS_TYPES_H 1
#define HAVE_LIMITS_H 1
#define HAVE_LOCALE_H 1
#define HAVE_TIME_H 1
#define HAVE_SYS_STAT_H 1
#define STRING_WITH_STRINGS 1
#define HAVE_ALLOCA_H 1
#define HAVE_ALLOCA 1
#define HAVE_UNLINK 1
#define HAVE_SBRK 1
#define HAVE_SETLOCALE 1
#define HAVE_STRSIGNAL 1
#define HAVE_LC_MESSAGES 1
#define HAVE_DECL_GETOPT 1
#define HAVE_DECL_FREE 1
#define HAVE_DECL_GETENV 1
#define HAVE_DECL_MALLOC 1
#define HAVE_DECL_MEMPCPY 1
#define HAVE_DECL_REALLOC 1
#define HAVE_DECL_STPCPY 1
#define HAVE_DECL_STRSTR 1
#define HAVE_DECL_VSNPRINTF 1
#define HAVE_DECL_ASPRINTF 1
#define HAVE_TM_GMTOFF 1
#define HAVE_ST_MTIM_TV_SEC 1
#define HAVE_ST_MTIM_TV_NSEC 1

configure: exit 0
