This file contains any messages produced by compilers while
running configure, to aid debugging if configure makes a mistake.

It was created by ld configure 2.36, which was
generated by GNU Autoconf 2.69.  Invocation command line was

  $ /home/carter/magi/src/binutils-2.36/ld/configure --srcdir=.././ld --cache-file=./config.cache --with-gnu-as --with-gnu-ld --program-transform-name=s,y,y, --disable-option-checking --build=x86_64-pc-linux-gnu --host=x86_64-pc-linux-gnu --target=x86_64-pc-linux-gnu

## --------- ##
## Platform. ##
## --------- ##

hostname = debian
uname -m = x86_64
uname -r = 4.9.0-18-amd64
uname -s = Linux
uname -v = #1 SMP Debian 4.9.303-1 (2022-03-07)

/usr/bin/uname -p = unknown
/bin/uname -X     = unknown

/bin/arch              = unknown
/usr/bin/arch -k       = unknown
/usr/convex/getsysinfo = unknown
/usr/bin/hostinfo      = unknown
/bin/machine           = unknown
/usr/bin/oslevel       = unknown
/bin/universe          = unknown

PATH: /usr/local/bin
PATH: /usr/bin
PATH: /bin
PATH: /usr/local/games
PATH: /usr/games


## ----------- ##
## Core tests. ##
## ----------- ##

configure:2605: creating cache ./config.cache
configure:2719: checking build system type
configure:2733: result: x86_64-pc-linux-gnu
configure:2753: checking host system type
configure:2766: result: x86_64-pc-linux-gnu
configure:2786: checking target system type
configure:2799: result: x86_64-pc-linux-gnu
configure:2837: checking for x86_64-pc-linux-gnu-gcc
configure:2864: result: gcc
configure:3133: checking for C compiler version
configure:3142: gcc --version >&5
gcc (Debian 6.3.0-18+deb9u1) 6.3.0 20170516
Copyright (C) 2016 Free Software Foundation, Inc.
This is free software; see the source for copying conditions.  There is NO
warranty; not even for MERCHANTABILITY or FITNESS FOR A PARTICULAR PURPOSE.

configure:3153: $? = 0
configure:3142: gcc -v >&5
Using built-in specs.
COLLECT_GCC=gcc
COLLECT_LTO_WRAPPER=/usr/lib/gcc/x86_64-linux-gnu/6/lto-wrapper
Target: x86_64-linux-gnu
Configured with: ../src/configure -v --with-pkgversion='Debian 6.3.0-18+deb9u1' --with-bugurl=file:///usr/share/doc/gcc-6/README.Bugs --enable-languages=c,ada,c++,java,go,d,fortran,objc,obj-c++ --prefix=/usr --program-suffix=-6 --program-prefix=x86_64-linux-gnu- --enable-shared --enable-linker-build-id --libexecdir=/usr/lib --without-included-gettext --enable-threads=posix --libdir=/usr/lib --enable-nls --with-sysroot=/ --enable-clocale=gnu --enable-libstdcxx-debug --enable-libstdcxx-time=yes --with-default-libstdcxx-abi=new --enable-gnu-unique-object --disable-vtable-verify --enable-libmpx --enable-plugin --enable-default-pie --with-system-zlib --disable-browser-plugin --enable-java-awt=gtk --enable-gtk-cairo --with-java-home=/usr/lib/jvm/java-1.5.0-gcj-6-amd64/jre --enable-java-home --with-jvm-root-dir=/usr/lib/jvm/java-1.5.0-gcj-6-amd64 --with-jvm-jar-dir=/usr/lib/jvm-exports/java-1.5.0-gcj-6-amd64 --with-arch-directory=amd64 --with-ecj-jar=/usr/share/java/eclipse-ecj.jar --with-target-system-zlib --enable-objc-gc=auto --enable-multiarch --with-arch-32=i686 --with-abi=m64 --with-multilib-list=m32,m64,mx32 --enable-multilib --with-tune=generic --enable-checking=release --build=x86_64-linux-gnu --host=x86_64-linux-gnu --target=x86_64-linux-gnu
Thread model: posix
gcc version 6.3.0 20170516 (Debian 6.3.0-18+deb9u1) 
configure:3153: $? = 0
configure:3142: gcc -V >&5
gcc: error: unrecognized command line option '-V'
gcc: fatal error: no input files
compilation terminated.
configure:3153: $? = 1
configure:3142: gcc -qversion >&5
gcc: error: unrecognized command line option '-qversion'; did you mean '--version'?
gcc: fatal error: no input files
compilation terminated.
configure:3153: $? = 1
configure:3173: checking whether the C compiler works
configure:3195: gcc -g -O2    conftest.c  >&5
configure:3199: $? = 0
configure:3247: result: yes
configure:3250: checking for C compiler default output file name
configure:3252: result: a.out
configure:3258: checking for suffix of executables
configure:3265: gcc -o conftest -g -O2    conftest.c  >&5
configure:3269: $? = 0
configure:3291: result: 
configure:3313: checking whether we are cross compiling
configure:3321: gcc -o conftest -g -O2    conftest.c  >&5
configure:3325: $? = 0
configure:3332: ./conftest
configure:3336: $? = 0
configure:3351: result: no
configure:3356: checking for suffix of object files
configure:3378: gcc -c -g -O2  conftest.c >&5
configure:3382: $? = 0
configure:3403: result: o
configure:3407: checking whether we are using the GNU C compiler
configure:3426: gcc -c -g -O2  conftest.c >&5
configure:3426: $? = 0
configure:3435: result: yes
configure:3444: checking whether gcc accepts -g
configure:3464: gcc -c -g  conftest.c >&5
configure:3464: $? = 0
configure:3505: result: yes
configure:3522: checking for gcc option to accept ISO C89
configure:3585: gcc  -c -g -O2  conftest.c >&5
configure:3585: $? = 0
configure:3598: result: none needed
configure:3623: checking whether gcc understands -c and -o together
configure:3645: gcc -c conftest.c -o conftest2.o
configure:3648: $? = 0
configure:3645: gcc -c conftest.c -o conftest2.o
configure:3648: $? = 0
configure:3660: result: yes
configure:3678: checking for library containing strerror
configure:3709: gcc -o conftest -g -O2    conftest.c  >&5
configure:3709: $? = 0
configure:3726: result: none required
configure:3751: checking for a BSD-compatible install
configure:3819: result: /usr/bin/install -c
configure:3830: checking whether build environment is sane
configure:3885: result: yes
configure:4033: checking for a thread-safe mkdir -p
configure:4072: result: /bin/mkdir -p
configure:4079: checking for gawk
configure:4106: result: mawk
configure:4117: checking whether make sets $(MAKE)
configure:4139: result: yes
configure:4169: checking for style of include used by make
configure:4197: result: GNU
configure:4231: checking whether make supports nested variables
configure:4248: result: yes
configure:4333: checking dependency style of gcc
configure:4444: result: gcc3
configure:4503: checking whether to enable maintainer-specific portions of Makefiles
configure:4512: result: no
configure:4534: checking for x86_64-pc-linux-gnu-gcc
configure:4561: result: gcc
configure:4830: checking for C compiler version
configure:4839: gcc --version >&5
gcc (Debian 6.3.0-18+deb9u1) 6.3.0 20170516
Copyright (C) 2016 Free Software Foundation, Inc.
This is free software; see the source for copying conditions.  There is NO
warranty; not even for MERCHANTABILITY or FITNESS FOR A PARTICULAR PURPOSE.

configure:4850: $? = 0
configure:4839: gcc -v >&5
Using built-in specs.
COLLECT_GCC=gcc
COLLECT_LTO_WRAPPER=/usr/lib/gcc/x86_64-linux-gnu/6/lto-wrapper
Target: x86_64-linux-gnu
Configured with: ../src/configure -v --with-pkgversion='Debian 6.3.0-18+deb9u1' --with-bugurl=file:///usr/share/doc/gcc-6/README.Bugs --enable-languages=c,ada,c++,java,go,d,fortran,objc,obj-c++ --prefix=/usr --program-suffix=-6 --program-prefix=x86_64-linux-gnu- --enable-shared --enable-linker-build-id --libexecdir=/usr/lib --without-included-gettext --enable-threads=posix --libdir=/usr/lib --enable-nls --with-sysroot=/ --enable-clocale=gnu --enable-libstdcxx-debug --enable-libstdcxx-time=yes --with-default-libstdcxx-abi=new --enable-gnu-unique-object --disable-vtable-verify --enable-libmpx --enable-plugin --enable-default-pie --with-system-zlib --disable-browser-plugin --enable-java-awt=gtk --enable-gtk-cairo --with-java-home=/usr/lib/jvm/java-1.5.0-gcj-6-amd64/jre --enable-java-home --with-jvm-root-dir=/usr/lib/jvm/java-1.5.0-gcj-6-amd64 --with-jvm-jar-dir=/usr/lib/jvm-exports/java-1.5.0-gcj-6-amd64 --with-arch-directory=amd64 --with-ecj-jar=/usr/share/java/eclipse-ecj.jar --with-target-system-zlib --enable-objc-gc=auto --enable-multiarch --with-arch-32=i686 --with-abi=m64 --with-multilib-list=m32,m64,mx32 --enable-multilib --with-tune=generic --enable-checking=release --build=x86_64-linux-gnu --host=x86_64-linux-gnu --target=x86_64-linux-gnu
Thread model: posix
gcc version 6.3.0 20170516 (Debian 6.3.0-18+deb9u1) 
configure:4850: $? = 0
configure:4839: gcc -V >&5
gcc: error: unrecognized command line option '-V'
gcc: fatal error: no input files
compilation terminated.
configure:4850: $? = 1
configure:4839: gcc -qversion >&5
gcc: error: unrecognized command line option '-qversion'; did you mean '--version'?
gcc: fatal error: no input files
compilation terminated.
configure:4850: $? = 1
configure:4854: checking whether we are using the GNU C compiler
configure:4882: result: yes
configure:4891: checking whether gcc accepts -g
configure:4952: result: yes
configure:4969: checking for gcc option to accept ISO C89
configure:5045: result: none needed
configure:5070: checking whether gcc understands -c and -o together
configure:5107: result: yes
configure:5236: checking for C++ compiler version
configure:5245: g++ --version >&5
g++ (Debian 6.3.0-18+deb9u1) 6.3.0 20170516
Copyright (C) 2016 Free Software Foundation, Inc.
This is free software; see the source for copying conditions.  There is NO
warranty; not even for MERCHANTABILITY or FITNESS FOR A PARTICULAR PURPOSE.

configure:5256: $? = 0
configure:5245: g++ -v >&5
Using built-in specs.
COLLECT_GCC=g++
COLLECT_LTO_WRAPPER=/usr/lib/gcc/x86_64-linux-gnu/6/lto-wrapper
Target: x86_64-linux-gnu
Configured with: ../src/configure -v --with-pkgversion='Debian 6.3.0-18+deb9u1' --with-bugurl=file:///usr/share/doc/gcc-6/README.Bugs --enable-languages=c,ada,c++,java,go,d,fortran,objc,obj-c++ --prefix=/usr --program-suffix=-6 --program-prefix=x86_64-linux-gnu- --enable-shared --enable-linker-build-id --libexecdir=/usr/lib --without-included-gettext --enable-threads=posix --libdir=/usr/lib --enable-nls --with-sysroot=/ --enable-clocale=gnu --enable-libstdcxx-debug --enable-libstdcxx-time=yes --with-default-libstdcxx-abi=new --enable-gnu-unique-object --disable-vtable-verify --enable-libmpx --enable-plugin --enable-default-pie --with-system-zlib --disable-browser-plugin --enable-java-awt=gtk --enable-gtk-cairo --with-java-home=/usr/lib/jvm/java-1.5.0-gcj-6-amd64/jre --enable-java-home --with-jvm-root-dir=/usr/lib/jvm/java-1.5.0-gcj-6-amd64 --with-jvm-jar-dir=/usr/lib/jvm-exports/java-1.5.0-gcj-6-amd64 --with-arch-directory=amd64 --with-ecj-jar=/usr/share/java/eclipse-ecj.jar --with-target-system-zlib --enable-objc-gc=auto --enable-multiarch --with-arch-32=i686 --with-abi=m64 --with-multilib-list=m32,m64,mx32 --enable-multilib --with-tune=generic --enable-checking=release --build=x86_64-linux-gnu --host=x86_64-linux-gnu --target=x86_64-linux-gnu
Thread model: posix
gcc version 6.3.0 20170516 (Debian 6.3.0-18+deb9u1) 
configure:5256: $? = 0
configure:5245: g++ -V >&5
g++: error: unrecognized command line option '-V'
g++: fatal error: no input files
compilation terminated.
configure:5256: $? = 1
configure:5245: g++ -qversion >&5
g++: error: unrecognized command line option '-qversion'; did you mean '--version'?
g++: fatal error: no input files
compilation terminated.
configure:5256: $? = 1
configure:5260: checking whether we are using the GNU C++ compiler
configure:5279: g++ -c -g -O2  conftest.cpp >&5
configure:5279: $? = 0
configure:5288: result: yes
configure:5297: checking whether g++ accepts -g
configure:5317: g++ -c -g  conftest.cpp >&5
configure:5317: $? = 0
configure:5358: result: yes
configure:5383: checking dependency style of g++
configure:5494: result: gcc3
configure:5509: checking for grep that handles long lines and -e
configure:5567: result: /bin/grep
configure:5577: checking how to run the C preprocessor
configure:5608: gcc -E  conftest.c
configure:5608: $? = 0
configure:5622: gcc -E  conftest.c
conftest.c:11:28: fatal error: ac_nonexistent.h: No such file or directory
 #include <ac_nonexistent.h>
                            ^
compilation terminated.
configure:5622: $? = 1
configure: failed program was:
| /* confdefs.h */
| #define PACKAGE_NAME "ld"
| #define PACKAGE_TARNAME "ld"
| #define PACKAGE_VERSION "2.36"
| #define PACKAGE_STRING "ld 2.36"
| #define PACKAGE_BUGREPORT ""
| #define PACKAGE_URL ""
| #define PACKAGE "ld"
| #define VERSION "2.36"
| /* end confdefs.h.  */
| #include <ac_nonexistent.h>
configure:5647: result: gcc -E
configure:5667: gcc -E  conftest.c
configure:5667: $? = 0
configure:5681: gcc -E  conftest.c
conftest.c:11:28: fatal error: ac_nonexistent.h: No such file or directory
 #include <ac_nonexistent.h>
                            ^
compilation terminated.
configure:5681: $? = 1
configure: failed program was:
| /* confdefs.h */
| #define PACKAGE_NAME "ld"
| #define PACKAGE_TARNAME "ld"
| #define PACKAGE_VERSION "2.36"
| #define PACKAGE_STRING "ld 2.36"
| #define PACKAGE_BUGREPORT ""
| #define PACKAGE_URL ""
| #define PACKAGE "ld"
| #define VERSION "2.36"
| /* end confdefs.h.  */
| #include <ac_nonexistent.h>
configure:5710: checking for egrep
configure:5772: result: /bin/grep -E
configure:5777: checking for ANSI C header files
configure:5797: gcc -c -g -O2  conftest.c >&5
configure:5797: $? = 0
configure:5870: gcc -o conftest -g -O2    conftest.c  >&5
configure:5870: $? = 0
configure:5870: ./conftest
configure:5870: $? = 0
configure:5881: result: yes
configure:5894: checking for sys/types.h
configure:5894: gcc -c -g -O2  conftest.c >&5
configure:5894: $? = 0
configure:5894: result: yes
configure:5894: checking for sys/stat.h
configure:5894: gcc -c -g -O2  conftest.c >&5
configure:5894: $? = 0
configure:5894: result: yes
configure:5894: checking for stdlib.h
configure:5894: gcc -c -g -O2  conftest.c >&5
configure:5894: $? = 0
configure:5894: result: yes
configure:5894: checking for string.h
configure:5894: gcc -c -g -O2  conftest.c >&5
configure:5894: $? = 0
configure:5894: result: yes
configure:5894: checking for memory.h
configure:5894: gcc -c -g -O2  conftest.c >&5
configure:5894: $? = 0
configure:5894: result: yes
configure:5894: checking for strings.h
configure:5894: gcc -c -g -O2  conftest.c >&5
configure:5894: $? = 0
configure:5894: result: yes
configure:5894: checking for inttypes.h
configure:5894: gcc -c -g -O2  conftest.c >&5
configure:5894: $? = 0
configure:5894: result: yes
configure:5894: checking for stdint.h
configure:5894: gcc -c -g -O2  conftest.c >&5
configure:5894: $? = 0
configure:5894: result: yes
configure:5894: checking for unistd.h
configure:5894: gcc -c -g -O2  conftest.c >&5
configure:5894: $? = 0
configure:5894: result: yes
configure:5907: checking minix/config.h usability
configure:5907: gcc -c -g -O2  conftest.c >&5
conftest.c:54:26: fatal error: minix/config.h: No such file or directory
 #include <minix/config.h>
                          ^
compilation terminated.
configure:5907: $? = 1
configure: failed program was:
| /* confdefs.h */
| #define PACKAGE_NAME "ld"
| #define PACKAGE_TARNAME "ld"
| #define PACKAGE_VERSION "2.36"
| #define PACKAGE_STRING "ld 2.36"
| #define PACKAGE_BUGREPORT ""
| #define PACKAGE_URL ""
| #define PACKAGE "ld"
| #define VERSION "2.36"
| #define STDC_HEADERS 1
| #define HAVE_SYS_TYPES_H 1
| #define HAVE_SYS_STAT_H 1
| #define HAVE_STDLIB_H 1
| #define HAVE_STRING_H 1
| #define HAVE_MEMORY_H 1
| #define HAVE_STRINGS_H 1
| #define HAVE_INTTYPES_H 1
| #define HAVE_STDINT_H 1
| #define HAVE_UNISTD_H 1
| /* end confdefs.h.  */
| #include <stdio.h>
| #ifdef HAVE_SYS_TYPES_H
| # include <sys/types.h>
| #endif
| #ifdef HAVE_SYS_STAT_H
| # include <sys/stat.h>
| #endif
| #ifdef STDC_HEADERS
| # include <stdlib.h>
| # include <stddef.h>
| #else
| # ifdef HAVE_STDLIB_H
| #  include <stdlib.h>
| # endif
| #endif
| #ifdef HAVE_STRING_H
| # if !defined STDC_HEADERS && defined HAVE_MEMORY_H
| #  include <memory.h>
| # endif
| # include <string.h>
| #endif
| #ifdef HAVE_STRINGS_H
| # include <strings.h>
| #endif
| #ifdef HAVE_INTTYPES_H
| # include <inttypes.h>
| #endif
| #ifdef HAVE_STDINT_H
| # include <stdint.h>
| #endif
| #ifdef HAVE_UNISTD_H
| # include <unistd.h>
| #endif
| #include <minix/config.h>
configure:5907: result: no
configure:5907: checking minix/config.h presence
configure:5907: gcc -E  conftest.c
conftest.c:21:26: fatal error: minix/config.h: No such file or directory
 #include <minix/config.h>
                          ^
compilation terminated.
configure:5907: $? = 1
configure: failed program was:
| /* confdefs.h */
| #define PACKAGE_NAME "ld"
| #define PACKAGE_TARNAME "ld"
| #define PACKAGE_VERSION "2.36"
| #define PACKAGE_STRING "ld 2.36"
| #define PACKAGE_BUGREPORT ""
| #define PACKAGE_URL ""
| #define PACKAGE "ld"
| #define VERSION "2.36"
| #define STDC_HEADERS 1
| #define HAVE_SYS_TYPES_H 1
| #define HAVE_SYS_STAT_H 1
| #define HAVE_STDLIB_H 1
| #define HAVE_STRING_H 1
| #define HAVE_MEMORY_H 1
| #define HAVE_STRINGS_H 1
| #define HAVE_INTTYPES_H 1
| #define HAVE_STDINT_H 1
| #define HAVE_UNISTD_H 1
| /* end confdefs.h.  */
| #include <minix/config.h>
configure:5907: result: no
configure:5907: checking for minix/config.h
configure:5907: result: no
configure:5928: checking whether it is safe to define __EXTENSIONS__
configure:5946: gcc -c -g -O2  conftest.c >&5
configure:5946: $? = 0
configure:5953: result: yes
configure:6017: checking how to print strings
configure:6044: result: printf
configure:6065: checking for a sed that does not truncate output
configure:6129: result: /bin/sed
configure:6147: checking for fgrep
configure:6209: result: /bin/grep -F
configure:6244: checking for ld used by gcc
configure:6311: result: ld
configure:6318: checking if the linker (ld) is GNU ld
configure:6333: result: yes
configure:6345: checking for BSD- or MS-compatible name lister (nm)
configure:6394: result: nm
configure:6524: checking the name lister (nm) interface
configure:6531: gcc -c -g -O2  conftest.c >&5
configure:6534: nm "conftest.o"
configure:6537: output
0000000000000000 B some_variable
configure:6544: result: BSD nm
configure:6547: checking whether ln -s works
configure:6551: result: yes
configure:6559: checking the maximum length of command line arguments
configure:6684: result: 1572864
configure:6701: checking whether the shell understands some XSI constructs
configure:6711: result: yes
configure:6715: checking whether the shell understands "+="
configure:6721: result: yes
configure:6756: checking for ld option to reload object files
configure:6763: result: -r
configure:6792: checking for x86_64-pc-linux-gnu-objdump
configure:6819: result: objdump
configure:6891: checking how to recognize dependent libraries
configure:7092: result: pass_all
configure:7112: checking for x86_64-pc-linux-gnu-ar
configure:7139: result: ar
configure:7217: checking for x86_64-pc-linux-gnu-strip
configure:7247: result: no
configure:7257: checking for strip
configure:7273: found /usr/local/bin/strip
configure:7284: result: strip
configure:7316: checking for x86_64-pc-linux-gnu-ranlib
configure:7343: result: ranlib
configure:7485: checking command to parse nm output from gcc object
configure:7603: gcc -c -g -O2  conftest.c >&5
configure:7606: $? = 0
configure:7610: nm conftest.o \| sed -n -e 's/^.*[ ]\([ABCDGIRSTW][ABCDGIRSTW]*\)[ ][ ]*\([_A-Za-z][_A-Za-z0-9]*\)$/\1 \2 \2/p' \> conftest.nm
configure:7613: $? = 0
configure:7667: gcc -o conftest -g -O2    conftest.c conftstm.o >&5
configure:7670: $? = 0
configure:7708: result: ok
configure:7803: gcc -c -g -O2  conftest.c >&5
configure:7806: $? = 0
configure:8556: checking for dlfcn.h
configure:8556: gcc -c -g -O2  conftest.c >&5
configure:8556: $? = 0
configure:8556: result: yes
configure:8744: checking for objdir
configure:8759: result: .libs
configure:9030: checking if gcc supports -fno-rtti -fno-exceptions
configure:9048: gcc -c -g -O2  -fno-rtti -fno-exceptions conftest.c >&5
cc1: warning: command line option '-fno-rtti' is valid for C++/ObjC++ but not for C
configure:9052: $? = 0
configure:9065: result: no
configure:9085: checking for gcc option to produce PIC
configure:9371: result: -fPIC -DPIC
configure:9383: checking if gcc PIC flag -fPIC -DPIC works
configure:9401: gcc -c -g -O2  -fPIC -DPIC -DPIC conftest.c >&5
configure:9405: $? = 0
configure:9418: result: yes
configure:9442: checking if gcc static flag -static works
configure:9470: result: yes
configure:9485: checking if gcc supports -c -o file.o
configure:9506: gcc -c -g -O2  -o out/conftest2.o conftest.c >&5
configure:9510: $? = 0
configure:9532: result: yes
configure:9540: checking if gcc supports -c -o file.o
configure:9587: result: yes
configure:9620: checking whether the gcc linker (ld -m elf_x86_64) supports shared libraries
configure:10691: result: yes
configure:10728: checking whether -lc should be explicitly linked in
configure:10736: gcc -c -g -O2  conftest.c >&5
configure:10739: $? = 0
configure:10754: gcc -shared  -fPIC -DPIC conftest.o  -v -Wl,-soname -Wl,conftest -o conftest 2\>\&1 \| /bin/grep  -lc  \>/dev/null 2\>\&1
configure:10757: $? = 0
configure:10771: result: no
configure:10936: checking dynamic linker characteristics
configure:11377: gcc -o conftest -g -O2    -Wl,-rpath -Wl,/foo conftest.c  >&5
configure:11377: $? = 0
configure:11599: result: GNU/Linux ld.so
configure:11706: checking how to hardcode library paths into programs
configure:11731: result: immediate
configure:12271: checking whether stripping libraries is possible
configure:12276: result: yes
configure:12311: checking if libtool supports shared libraries
configure:12313: result: yes
configure:12316: checking whether to build shared libraries
configure:12337: result: yes
configure:12340: checking whether to build static libraries
configure:12344: result: yes
configure:12367: checking how to run the C++ preprocessor
configure:12394: g++ -E  conftest.cpp
configure:12394: $? = 0
configure:12408: g++ -E  conftest.cpp
conftest.cpp:28:28: fatal error: ac_nonexistent.h: No such file or directory
 #include <ac_nonexistent.h>
                            ^
compilation terminated.
configure:12408: $? = 1
configure: failed program was:
| /* confdefs.h */
| #define PACKAGE_NAME "ld"
| #define PACKAGE_TARNAME "ld"
| #define PACKAGE_VERSION "2.36"
| #define PACKAGE_STRING "ld 2.36"
| #define PACKAGE_BUGREPORT ""
| #define PACKAGE_URL ""
| #define PACKAGE "ld"
| #define VERSION "2.36"
| #define STDC_HEADERS 1
| #define HAVE_SYS_TYPES_H 1
| #define HAVE_SYS_STAT_H 1
| #define HAVE_STDLIB_H 1
| #define HAVE_STRING_H 1
| #define HAVE_MEMORY_H 1
| #define HAVE_STRINGS_H 1
| #define HAVE_INTTYPES_H 1
| #define HAVE_STDINT_H 1
| #define HAVE_UNISTD_H 1
| #define __EXTENSIONS__ 1
| #define _ALL_SOURCE 1
| #define _GNU_SOURCE 1
| #define _POSIX_PTHREAD_SEMANTICS 1
| #define _TANDEM_SOURCE 1
| #define HAVE_DLFCN_H 1
| #define LT_OBJDIR ".libs/"
| /* end confdefs.h.  */
| #include <ac_nonexistent.h>
configure:12433: result: g++ -E
configure:12453: g++ -E  conftest.cpp
configure:12453: $? = 0
configure:12467: g++ -E  conftest.cpp
conftest.cpp:28:28: fatal error: ac_nonexistent.h: No such file or directory
 #include <ac_nonexistent.h>
                            ^
compilation terminated.
configure:12467: $? = 1
configure: failed program was:
| /* confdefs.h */
| #define PACKAGE_NAME "ld"
| #define PACKAGE_TARNAME "ld"
| #define PACKAGE_VERSION "2.36"
| #define PACKAGE_STRING "ld 2.36"
| #define PACKAGE_BUGREPORT ""
| #define PACKAGE_URL ""
| #define PACKAGE "ld"
| #define VERSION "2.36"
| #define STDC_HEADERS 1
| #define HAVE_SYS_TYPES_H 1
| #define HAVE_SYS_STAT_H 1
| #define HAVE_STDLIB_H 1
| #define HAVE_STRING_H 1
| #define HAVE_MEMORY_H 1
| #define HAVE_STRINGS_H 1
| #define HAVE_INTTYPES_H 1
| #define HAVE_STDINT_H 1
| #define HAVE_UNISTD_H 1
| #define __EXTENSIONS__ 1
| #define _ALL_SOURCE 1
| #define _GNU_SOURCE 1
| #define _POSIX_PTHREAD_SEMANTICS 1
| #define _TANDEM_SOURCE 1
| #define HAVE_DLFCN_H 1
| #define LT_OBJDIR ".libs/"
| /* end confdefs.h.  */
| #include <ac_nonexistent.h>
configure:12635: checking for ld used by g++
configure:12702: result: ld -m elf_x86_64
configure:12709: checking if the linker (ld -m elf_x86_64) is GNU ld
configure:12724: result: yes
configure:12779: checking whether the g++ linker (ld -m elf_x86_64) supports shared libraries
configure:13711: result: yes
configure:13739: g++ -c -g -O2  conftest.cpp >&5
configure:13742: $? = 0
configure:13924: checking for g++ option to produce PIC
configure:14247: result: -fPIC -DPIC
configure:14256: checking if g++ PIC flag -fPIC -DPIC works
configure:14274: g++ -c -g -O2  -fPIC -DPIC -DPIC conftest.cpp >&5
configure:14278: $? = 0
configure:14291: result: yes
configure:14312: checking if g++ static flag -static works
configure:14340: result: yes
configure:14352: checking if g++ supports -c -o file.o
configure:14373: g++ -c -g -O2  -o out/conftest2.o conftest.cpp >&5
configure:14377: $? = 0
configure:14399: result: yes
configure:14404: checking if g++ supports -c -o file.o
configure:14451: result: yes
configure:14481: checking whether the g++ linker (ld -m elf_x86_64) supports shared libraries
configure:14509: result: yes
configure:14652: checking dynamic linker characteristics
configure:15249: result: GNU/Linux ld.so
configure:15302: checking how to hardcode library paths into programs
configure:15327: result: immediate
configure:15398: checking for dlfcn.h
configure:15398: result: yes
configure:15411: checking for windows.h
configure:15411: gcc -c -g -O2  conftest.c >&5
conftest.c:63:21: fatal error: windows.h: No such file or directory
 #include <windows.h>
                     ^
compilation terminated.
configure:15411: $? = 1
configure: failed program was:
| /* confdefs.h */
| #define PACKAGE_NAME "ld"
| #define PACKAGE_TARNAME "ld"
| #define PACKAGE_VERSION "2.36"
| #define PACKAGE_STRING "ld 2.36"
| #define PACKAGE_BUGREPORT ""
| #define PACKAGE_URL ""
| #define PACKAGE "ld"
| #define VERSION "2.36"
| #define STDC_HEADERS 1
| #define HAVE_SYS_TYPES_H 1
| #define HAVE_SYS_STAT_H 1
| #define HAVE_STDLIB_H 1
| #define HAVE_STRING_H 1
| #define HAVE_MEMORY_H 1
| #define HAVE_STRINGS_H 1
| #define HAVE_INTTYPES_H 1
| #define HAVE_STDINT_H 1
| #define HAVE_UNISTD_H 1
| #define __EXTENSIONS__ 1
| #define _ALL_SOURCE 1
| #define _GNU_SOURCE 1
| #define _POSIX_PTHREAD_SEMANTICS 1
| #define _TANDEM_SOURCE 1
| #define HAVE_DLFCN_H 1
| #define LT_OBJDIR ".libs/"
| #define HAVE_DLFCN_H 1
| /* end confdefs.h.  */
| #include <stdio.h>
| #ifdef HAVE_SYS_TYPES_H
| # include <sys/types.h>
| #endif
| #ifdef HAVE_SYS_STAT_H
| # include <sys/stat.h>
| #endif
| #ifdef STDC_HEADERS
| # include <stdlib.h>
| # include <stddef.h>
| #else
| # ifdef HAVE_STDLIB_H
| #  include <stdlib.h>
| # endif
| #endif
| #ifdef HAVE_STRING_H
| # if !defined STDC_HEADERS && defined HAVE_MEMORY_H
| #  include <memory.h>
| # endif
| # include <string.h>
| #endif
| #ifdef HAVE_STRINGS_H
| # include <strings.h>
| #endif
| #ifdef HAVE_INTTYPES_H
| # include <inttypes.h>
| #endif
| #ifdef HAVE_STDINT_H
| # include <stdint.h>
| #endif
| #ifdef HAVE_UNISTD_H
| # include <unistd.h>
| #endif
| 
| #include <windows.h>
configure:15411: result: no
configure:15438: checking for library containing dlsym
configure:15469: gcc -o conftest -g -O2    conftest.c  >&5
/usr/local/bin/ld: /tmp/ccHXdq3M.o: in function `main':
/home/carter/magi/src/binutils-2.36/ld/conftest.c:40: undefined reference to `dlsym'
collect2: error: ld returned 1 exit status
configure:15469: $? = 1
configure: failed program was:
| /* confdefs.h */
| #define PACKAGE_NAME "ld"
| #define PACKAGE_TARNAME "ld"
| #define PACKAGE_VERSION "2.36"
| #define PACKAGE_STRING "ld 2.36"
| #define PACKAGE_BUGREPORT ""
| #define PACKAGE_URL ""
| #define PACKAGE "ld"
| #define VERSION "2.36"
| #define STDC_HEADERS 1
| #define HAVE_SYS_TYPES_H 1
| #define HAVE_SYS_STAT_H 1
| #define HAVE_STDLIB_H 1
| #define HAVE_STRING_H 1
| #define HAVE_MEMORY_H 1
| #define HAVE_STRINGS_H 1
| #define HAVE_INTTYPES_H 1
| #define HAVE_STDINT_H 1
| #define HAVE_UNISTD_H 1
| #define __EXTENSIONS__ 1
| #define _ALL_SOURCE 1
| #define _GNU_SOURCE 1
| #define _POSIX_PTHREAD_SEMANTICS 1
| #define _TANDEM_SOURCE 1
| #define HAVE_DLFCN_H 1
| #define LT_OBJDIR ".libs/"
| #define HAVE_DLFCN_H 1
| /* end confdefs.h.  */
| 
| /* Override any GCC internal prototype to avoid an error.
|    Use char because int might match the return type of a GCC
|    builtin and then its argument prototype would still apply.  */
| #ifdef __cplusplus
| extern "C"
| #endif
| char dlsym ();
| int
| main ()
| {
| return dlsym ();
|   ;
|   return 0;
| }
configure:15469: gcc -o conftest -g -O2    conftest.c -ldl   >&5
configure:15469: $? = 0
configure:15486: result: -ldl
configure:15558: checking for special C compiler options needed for large files
configure:15603: result: no
configure:15609: checking for _FILE_OFFSET_BITS value needed for large files
configure:15634: gcc -c -g -O2  conftest.c >&5
configure:15634: $? = 0
configure:15666: result: no
configure:16153: checking for LC_MESSAGES
configure:16169: gcc -o conftest -g -O2    conftest.c -ldl  >&5
configure:16169: $? = 0
configure:16177: result: yes
configure:16215: checking whether NLS is requested
configure:16221: result: yes
configure:16227: checking for catalogs to be installed
configure:16259: result:  bg da de es fi fr ga id it ja pt_BR ru sr sv tr uk vi zh_CN zh_TW bg da de es fi fr ga id it ja pt_BR ru sr sv tr uk vi zh_CN zh_TW
configure:16286: checking whether NLS is requested
configure:16295: result: yes
configure:16333: checking for msgfmt
configure:16367: result: no
configure:16373: checking for gmsgfmt
configure:16404: result: :
configure:16444: checking for xgettext
configure:16478: result: no
configure:16515: checking for msgmerge
configure:16548: result: no
configure:16587: checking for bison
configure:16614: result: /home/carter/magi/src/binutils-2.36/missing bison -y
configure:16630: checking for flex
configure:16657: result: /home/carter/magi/src/binutils-2.36/missing flex
configure:16791: checking whether to enable maintainer-specific portions of Makefiles
configure:16800: result: no
configure:16821: checking how to compare bootstrapped objects
configure:16846: result: cmp --ignore-initial=16 $$f1 $$f2
configure:16860: checking for string.h
configure:16860: result: yes
configure:16860: checking for strings.h
configure:16860: result: yes
configure:16860: checking for stdlib.h
configure:16860: result: yes
configure:16860: checking for unistd.h
configure:16860: result: yes
configure:16860: checking elf-hints.h usability
configure:16860: gcc -c -g -O2  conftest.c >&5
conftest.c:70:23: fatal error: elf-hints.h: No such file or directory
 #include <elf-hints.h>
                       ^
compilation terminated.
configure:16860: $? = 1
configure: failed program was:
| /* confdefs.h */
| #define PACKAGE_NAME "ld"
| #define PACKAGE_TARNAME "ld"
| #define PACKAGE_VERSION "2.36"
| #define PACKAGE_STRING "ld 2.36"
| #define PACKAGE_BUGREPORT ""
| #define PACKAGE_URL ""
| #define PACKAGE "ld"
| #define VERSION "2.36"
| #define STDC_HEADERS 1
| #define HAVE_SYS_TYPES_H 1
| #define HAVE_SYS_STAT_H 1
| #define HAVE_STDLIB_H 1
| #define HAVE_STRING_H 1
| #define HAVE_MEMORY_H 1
| #define HAVE_STRINGS_H 1
| #define HAVE_INTTYPES_H 1
| #define HAVE_STDINT_H 1
| #define HAVE_UNISTD_H 1
| #define __EXTENSIONS__ 1
| #define _ALL_SOURCE 1
| #define _GNU_SOURCE 1
| #define _POSIX_PTHREAD_SEMANTICS 1
| #define _TANDEM_SOURCE 1
| #define HAVE_DLFCN_H 1
| #define LT_OBJDIR ".libs/"
| #define HAVE_DLFCN_H 1
| #define GOT_HANDLING_DEFAULT GOT_HANDLING_TARGET_DEFAULT
| #define ENABLE_LIBCTF 1
| #define HAVE_LC_MESSAGES 1
| #define ENABLE_NLS 1
| #define HAVE_STRING_H 1
| #define HAVE_STRINGS_H 1
| #define HAVE_STDLIB_H 1
| #define HAVE_UNISTD_H 1
| /* end confdefs.h.  */
| #include <stdio.h>
| #ifdef HAVE_SYS_TYPES_H
| # include <sys/types.h>
| #endif
| #ifdef HAVE_SYS_STAT_H
| # include <sys/stat.h>
| #endif
| #ifdef STDC_HEADERS
| # include <stdlib.h>
| # include <stddef.h>
| #else
| # ifdef HAVE_STDLIB_H
| #  include <stdlib.h>
| # endif
| #endif
| #ifdef HAVE_STRING_H
| # if !defined STDC_HEADERS && defined HAVE_MEMORY_H
| #  include <memory.h>
| # endif
| # include <string.h>
| #endif
| #ifdef HAVE_STRINGS_H
| # include <strings.h>
| #endif
| #ifdef HAVE_INTTYPES_H
| # include <inttypes.h>
| #endif
| #ifdef HAVE_STDINT_H
| # include <stdint.h>
| #endif
| #ifdef HAVE_UNISTD_H
| # include <unistd.h>
| #endif
| #include <elf-hints.h>
configure:16860: result: no
configure:16860: checking elf-hints.h presence
configure:16860: gcc -E  conftest.c
conftest.c:37:23: fatal error: elf-hints.h: No such file or directory
 #include <elf-hints.h>
                       ^
compilation terminated.
configure:16860: $? = 1
configure: failed program was:
| /* confdefs.h */
| #define PACKAGE_NAME "ld"
| #define PACKAGE_TARNAME "ld"
| #define PACKAGE_VERSION "2.36"
| #define PACKAGE_STRING "ld 2.36"
| #define PACKAGE_BUGREPORT ""
| #define PACKAGE_URL ""
| #define PACKAGE "ld"
| #define VERSION "2.36"
| #define STDC_HEADERS 1
| #define HAVE_SYS_TYPES_H 1
| #define HAVE_SYS_STAT_H 1
| #define HAVE_STDLIB_H 1
| #define HAVE_STRING_H 1
| #define HAVE_MEMORY_H 1
| #define HAVE_STRINGS_H 1
| #define HAVE_INTTYPES_H 1
| #define HAVE_STDINT_H 1
| #define HAVE_UNISTD_H 1
| #define __EXTENSIONS__ 1
| #define _ALL_SOURCE 1
| #define _GNU_SOURCE 1
| #define _POSIX_PTHREAD_SEMANTICS 1
| #define _TANDEM_SOURCE 1
| #define HAVE_DLFCN_H 1
| #define LT_OBJDIR ".libs/"
| #define HAVE_DLFCN_H 1
| #define GOT_HANDLING_DEFAULT GOT_HANDLING_TARGET_DEFAULT
| #define ENABLE_LIBCTF 1
| #define HAVE_LC_MESSAGES 1
| #define ENABLE_NLS 1
| #define HAVE_STRING_H 1
| #define HAVE_STRINGS_H 1
| #define HAVE_STDLIB_H 1
| #define HAVE_UNISTD_H 1
| /* end confdefs.h.  */
| #include <elf-hints.h>
configure:16860: result: no
configure:16860: checking for elf-hints.h
configure:16860: result: no
configure:16860: checking limits.h usability
configure:16860: gcc -c -g -O2  conftest.c >&5
configure:16860: $? = 0
configure:16860: result: yes
configure:16860: checking limits.h presence
configure:16860: gcc -E  conftest.c
configure:16860: $? = 0
configure:16860: result: yes
configure:16860: checking for limits.h
configure:16860: result: yes
configure:16860: checking locale.h usability
configure:16860: gcc -c -g -O2  conftest.c >&5
configure:16860: $? = 0
configure:16860: result: yes
configure:16860: checking locale.h presence
configure:16860: gcc -E  conftest.c
configure:16860: $? = 0
configure:16860: result: yes
configure:16860: checking for locale.h
configure:16860: result: yes
configure:16860: checking sys/param.h usability
configure:16860: gcc -c -g -O2  conftest.c >&5
configure:16860: $? = 0
configure:16860: result: yes
configure:16860: checking sys/param.h presence
configure:16860: gcc -E  conftest.c
configure:16860: $? = 0
configure:16860: result: yes
configure:16860: checking for sys/param.h
configure:16860: result: yes
configure:16873: checking fcntl.h usability
configure:16873: gcc -c -g -O2  conftest.c >&5
configure:16873: $? = 0
configure:16873: result: yes
configure:16873: checking fcntl.h presence
configure:16873: gcc -E  conftest.c
configure:16873: $? = 0
configure:16873: result: yes
configure:16873: checking for fcntl.h
configure:16873: result: yes
configure:16873: checking sys/file.h usability
configure:16873: gcc -c -g -O2  conftest.c >&5
configure:16873: $? = 0
configure:16873: result: yes
configure:16873: checking sys/file.h presence
configure:16873: gcc -E  conftest.c
configure:16873: $? = 0
configure:16873: result: yes
configure:16873: checking for sys/file.h
configure:16873: result: yes
configure:16873: checking sys/time.h usability
configure:16873: gcc -c -g -O2  conftest.c >&5
configure:16873: $? = 0
configure:16873: result: yes
configure:16873: checking sys/time.h presence
configure:16873: gcc -E  conftest.c
configure:16873: $? = 0
configure:16873: result: yes
configure:16873: checking for sys/time.h
configure:16873: result: yes
configure:16873: checking for sys/stat.h
configure:16873: result: yes
configure:16883: checking whether string.h and strings.h may both be included
configure:16900: gcc -c -g -O2  conftest.c >&5
configure:16900: $? = 0
configure:16907: result: yes
configure:16918: checking for glob
configure:16918: gcc -o conftest -g -O2    conftest.c -ldl  >&5
configure:16918: $? = 0
configure:16918: result: yes
configure:16918: checking for mkstemp
configure:16918: gcc -o conftest -g -O2    conftest.c -ldl  >&5
configure:16918: $? = 0
configure:16918: result: yes
configure:16918: checking for realpath
configure:16918: gcc -o conftest -g -O2    conftest.c -ldl  >&5
configure:16918: $? = 0
configure:16918: result: yes
configure:16918: checking for sbrk
configure:16918: gcc -o conftest -g -O2    conftest.c -ldl  >&5
configure:16918: $? = 0
configure:16918: result: yes
configure:16918: checking for setlocale
configure:16918: gcc -o conftest -g -O2    conftest.c -ldl  >&5
configure:16918: $? = 0
configure:16918: result: yes
configure:16918: checking for waitpid
configure:16918: gcc -o conftest -g -O2    conftest.c -ldl  >&5
configure:16918: $? = 0
configure:16918: result: yes
configure:16930: checking for open
configure:16930: gcc -o conftest -g -O2    conftest.c -ldl  >&5
configure:16930: $? = 0
configure:16930: result: yes
configure:16930: checking for lseek
configure:16930: gcc -o conftest -g -O2    conftest.c -ldl  >&5
configure:16930: $? = 0
configure:16930: result: yes
configure:16930: checking for close
configure:16930: gcc -o conftest -g -O2    conftest.c -ldl  >&5
configure:16930: $? = 0
configure:16930: result: yes
configure:16942: checking for dirent.h that defines DIR
configure:16961: gcc -c -g -O2  conftest.c >&5
configure:16961: $? = 0
configure:16969: result: yes
configure:16982: checking for library containing opendir
configure:17013: gcc -o conftest -g -O2    conftest.c -ldl  >&5
configure:17013: $? = 0
configure:17030: result: none required
configure:17104: checking for stdlib.h
configure:17104: result: yes
configure:17104: checking for unistd.h
configure:17104: result: yes
configure:17104: checking for sys/param.h
configure:17104: result: yes
configure:17124: checking for getpagesize
configure:17124: gcc -o conftest -g -O2    conftest.c -ldl  >&5
configure:17124: $? = 0
configure:17124: result: yes
configure:17133: checking for working mmap
configure:17280: gcc -o conftest -g -O2    conftest.c -ldl  >&5
configure:17280: $? = 0
configure:17280: ./conftest
configure:17280: $? = 0
configure:17290: result: yes
configure:17300: checking for library containing dlopen
configure:17331: gcc -o conftest -g -O2    conftest.c -ldl  >&5
configure:17331: $? = 0
configure:17348: result: none required
configure:17374: checking for a known getopt prototype in unistd.h
configure:17390: gcc -c -g -O2  conftest.c >&5
configure:17390: $? = 0
configure:17398: result: yes
configure:17414: checking whether asprintf is declared
configure:17414: gcc -c -g -O2  conftest.c >&5
configure:17414: $? = 0
configure:17414: result: yes
configure:17424: checking whether environ is declared
configure:17424: gcc -c -g -O2  conftest.c >&5
configure:17424: $? = 0
configure:17424: result: yes
configure:17434: checking whether free is declared
configure:17434: gcc -c -g -O2  conftest.c >&5
configure:17434: $? = 0
configure:17434: result: yes
configure:17444: checking whether getenv is declared
configure:17444: gcc -c -g -O2  conftest.c >&5
configure:17444: $? = 0
configure:17444: result: yes
configure:17454: checking whether sbrk is declared
configure:17454: gcc -c -g -O2  conftest.c >&5
configure:17454: $? = 0
configure:17454: result: yes
configure:17464: checking whether strstr is declared
configure:17464: gcc -c -g -O2  conftest.c >&5
configure:17464: $? = 0
configure:17464: result: yes
configure:17502: checking whether ANSI C string concatenation works
configure:17518: gcc -c -g -O2  conftest.c >&5
configure:17518: $? = 0
configure:17526: result: yes
configure:17551: checking size of void *
configure:17556: gcc -o conftest -g -O2    conftest.c -ldl  >&5
configure:17556: $? = 0
configure:17556: ./conftest
configure:17556: $? = 0
configure:17570: result: 8
configure:17891: updating cache ./config.cache
configure:17935: checking that generated files are newer than configure
configure:17941: result: done
configure:17984: creating ./config.status

## ---------------------- ##
## Running config.status. ##
## ---------------------- ##

This file was extended by ld config.status 2.36, which was
generated by GNU Autoconf 2.69.  Invocation command line was

  CONFIG_FILES    = 
  CONFIG_HEADERS  = 
  CONFIG_LINKS    = 
  CONFIG_COMMANDS = 
  $ ./config.status 

on debian

config.status:1263: creating Makefile
config.status:1263: creating po/Makefile.in
config.status:1263: creating config.h
config.status:1492: executing depfiles commands
config.status:1492: executing libtool commands
config.status:1492: executing default-1 commands
config.status:1492: executing default commands

## ---------------- ##
## Cache variables. ##
## ---------------- ##

ac_cv_build=x86_64-pc-linux-gnu
ac_cv_c_compiler_gnu=yes
ac_cv_cxx_compiler_gnu=yes
ac_cv_env_CCC_set=
ac_cv_env_CCC_value=
ac_cv_env_CC_set=set
ac_cv_env_CC_value=gcc
ac_cv_env_CFLAGS_set=set
ac_cv_env_CFLAGS_value='-g -O2'
ac_cv_env_CPPFLAGS_set=
ac_cv_env_CPPFLAGS_value=
ac_cv_env_CPP_set=
ac_cv_env_CPP_value=
ac_cv_env_CXXCPP_set=
ac_cv_env_CXXCPP_value=
ac_cv_env_CXXFLAGS_set=set
ac_cv_env_CXXFLAGS_value='-g -O2'
ac_cv_env_CXX_set=set
ac_cv_env_CXX_value=g++
ac_cv_env_LDFLAGS_set=set
ac_cv_env_LDFLAGS_value=' '
ac_cv_env_LIBS_set=
ac_cv_env_LIBS_value=
ac_cv_env_YACC_set=set
ac_cv_env_YACC_value='/home/carter/magi/src/binutils-2.36/missing bison -y'
ac_cv_env_YFLAGS_set=
ac_cv_env_YFLAGS_value=
ac_cv_env_build_alias_set=set
ac_cv_env_build_alias_value=x86_64-pc-linux-gnu
ac_cv_env_host_alias_set=set
ac_cv_env_host_alias_value=x86_64-pc-linux-gnu
ac_cv_env_target_alias_set=set
ac_cv_env_target_alias_value=x86_64-pc-linux-gnu
ac_cv_func_close=yes
ac_cv_func_getpagesize=yes
ac_cv_func_glob=yes
ac_cv_func_lseek=yes
ac_cv_func_mkstemp=yes
ac_cv_func_mmap_fixed_mapped=yes
ac_cv_func_open=yes
ac_cv_func_realpath=yes
ac_cv_func_sbrk=yes
ac_cv_func_setlocale=yes
ac_cv_func_waitpid=yes
ac_cv_have_decl_asprintf=yes
ac_cv_have_decl_environ=yes
ac_cv_have_decl_free=yes
ac_cv_have_decl_getenv=yes
ac_cv_have_decl_sbrk=yes
ac_cv_have_decl_strstr=yes
ac_cv_header_dirent_dirent_h=yes
ac_cv_header_dlfcn_h=yes
ac_cv_header_elf_hints_h=no
ac_cv_header_fcntl_h=yes
ac_cv_header_inttypes_h=yes
ac_cv_header_limits_h=yes
ac_cv_header_locale_h=yes
ac_cv_header_memory_h=yes
ac_cv_header_minix_config_h=no
ac_cv_header_stdc=yes
ac_cv_header_stdint_h=yes
ac_cv_header_stdlib_h=yes
ac_cv_header_string_h=yes
ac_cv_header_strings_h=yes
ac_cv_header_sys_file_h=yes
ac_cv_header_sys_param_h=yes
ac_cv_header_sys_stat_h=yes
ac_cv_header_sys_time_h=yes
ac_cv_header_sys_types_h=yes
ac_cv_header_unistd_h=yes
ac_cv_header_windows_h=no
ac_cv_host=x86_64-pc-linux-gnu
ac_cv_objext=o
ac_cv_path_EGREP='/bin/grep -E'
ac_cv_path_FGREP='/bin/grep -F'
ac_cv_path_GMSGFMT=:
ac_cv_path_GREP=/bin/grep
ac_cv_path_MSGFMT=:
ac_cv_path_MSGMERGE=:
ac_cv_path_SED=/bin/sed
ac_cv_path_XGETTEXT=:
ac_cv_path_mkdir=/bin/mkdir
ac_cv_prog_AR=ar
ac_cv_prog_AWK=mawk
ac_cv_prog_CC=gcc
ac_cv_prog_CPP='gcc -E'
ac_cv_prog_CXXCPP='g++ -E'
ac_cv_prog_LEX='/home/carter/magi/src/binutils-2.36/missing flex'
ac_cv_prog_OBJDUMP=objdump
ac_cv_prog_RANLIB=ranlib
ac_cv_prog_YACC='/home/carter/magi/src/binutils-2.36/missing bison -y'
ac_cv_prog_ac_ct_STRIP=strip
ac_cv_prog_cc_c89=
ac_cv_prog_cc_g=yes
ac_cv_prog_cxx_g=yes
ac_cv_prog_make_make_set=yes
ac_cv_safe_to_define___extensions__=yes
ac_cv_search_dlopen='none required'
ac_cv_search_dlsym=-ldl
ac_cv_search_opendir='none required'
ac_cv_search_strerror='none required'
ac_cv_sizeof_void_p=8
ac_cv_sys_file_offset_bits=no
ac_cv_sys_largefile_CC=no
ac_cv_target=x86_64-pc-linux-gnu
am_cv_CC_dependencies_compiler_type=gcc3
am_cv_CXX_dependencies_compiler_type=gcc3
am_cv_make_support_nested_variables=yes
am_cv_prog_cc_c_o=yes
am_cv_val_LC_MESSAGES=yes
gcc_cv_header_string=yes
gcc_cv_prog_cmp_skip='cmp --ignore-initial=16 $$f1 $$f2'
ld_cv_decl_getopt_unistd_h=yes
ld_cv_string_concatenation=yes
lt_cv_archive_cmds_need_lc=no
lt_cv_deplibs_check_method=pass_all
lt_cv_file_magic_cmd='$MAGIC_CMD'
lt_cv_file_magic_test_file=
lt_cv_ld_reload_flag=-r
lt_cv_nm_interface='BSD nm'
lt_cv_objdir=.libs
lt_cv_path_LD=ld
lt_cv_path_LDCXX='ld -m elf_x86_64'
lt_cv_path_NM=nm
lt_cv_prog_compiler_c_o=yes
lt_cv_prog_compiler_c_o_CXX=yes
lt_cv_prog_compiler_pic_works=yes
lt_cv_prog_compiler_pic_works_CXX=yes
lt_cv_prog_compiler_rtti_exceptions=no
lt_cv_prog_compiler_static_works=yes
lt_cv_prog_compiler_static_works_CXX=yes
lt_cv_prog_gnu_ld=yes
lt_cv_prog_gnu_ldcxx=yes
lt_cv_shlibpath_overrides_runpath=no
lt_cv_sys_global_symbol_pipe='sed -n -e '\''s/^.*[	 ]\([ABCDGIRSTW][ABCDGIRSTW]*\)[	 ][	 ]*\([_A-Za-z][_A-Za-z0-9]*\)$/\1 \2 \2/p'\'''
lt_cv_sys_global_symbol_to_c_name_address='sed -n -e '\''s/^: \([^ ]*\) $/  {\"\1\", (void *) 0},/p'\'' -e '\''s/^[ABCDGIRSTW]* \([^ ]*\) \([^ ]*\)$/  {"\2", (void *) \&\2},/p'\'''
lt_cv_sys_global_symbol_to_c_name_address_lib_prefix='sed -n -e '\''s/^: \([^ ]*\) $/  {\"\1\", (void *) 0},/p'\'' -e '\''s/^[ABCDGIRSTW]* \([^ ]*\) \(lib[^ ]*\)$/  {"\2", (void *) \&\2},/p'\'' -e '\''s/^[ABCDGIRSTW]* \([^ ]*\) \([^ ]*\)$/  {"lib\2", (void *) \&\2},/p'\'''
lt_cv_sys_global_symbol_to_cdecl='sed -n -e '\''s/^T .* \(.*\)$/extern int \1();/p'\'' -e '\''s/^[ABCDGIRSTW]* .* \(.*\)$/extern char \1;/p'\'''
lt_cv_sys_max_cmd_len=1572864

## ----------------- ##
## Output variables. ##
## ----------------- ##

ACLOCAL='${SHELL} /home/carter/magi/src/binutils-2.36/missing aclocal-1.15'
AMDEPBACKSLASH='\'
AMDEP_FALSE='#'
AMDEP_TRUE=''
AMTAR='$${TAR-tar}'
AM_BACKSLASH='\'
AM_DEFAULT_V='$(AM_DEFAULT_VERBOSITY)'
AM_DEFAULT_VERBOSITY='1'
AM_V='$(V)'
AR='ar'
AUTOCONF='${SHELL} /home/carter/magi/src/binutils-2.36/missing autoconf'
AUTOHEADER='${SHELL} /home/carter/magi/src/binutils-2.36/missing autoheader'
AUTOMAKE='${SHELL} /home/carter/magi/src/binutils-2.36/missing automake-1.15'
AWK='mawk'
CATALOGS=' bg.gmo da.gmo de.gmo es.gmo fi.gmo fr.gmo ga.gmo id.gmo it.gmo ja.gmo pt_BR.gmo ru.gmo sr.gmo sv.gmo tr.gmo uk.gmo vi.gmo zh_CN.gmo zh_TW.gmo bg.gmo da.gmo de.gmo es.gmo fi.gmo fr.gmo ga.gmo id.gmo it.gmo ja.gmo pt_BR.gmo ru.gmo sr.gmo sv.gmo tr.gmo uk.gmo vi.gmo zh_CN.gmo zh_TW.gmo'
CATOBJEXT='.gmo'
CC='gcc'
CCDEPMODE='depmode=gcc3'
CFLAGS='-g -O2'
CPP='gcc -E'
CPPFLAGS=''
CXX='g++'
CXXCPP='g++ -E'
CXXDEPMODE='depmode=gcc3'
CXXFLAGS='-g -O2'
CYGPATH_W='echo'
DATADIRNAME='share'
DEFS='-DHAVE_CONFIG_H'
DEPDIR='.deps'
DSYMUTIL=''
DUMPBIN=''
ECHO_C=''
ECHO_N='-n'
ECHO_T=''
EGREP='/bin/grep -E'
EMUL='elf_x86_64'
EMULATION_LIBPATH='elf_x86_64 elf_i386 elf32_x86_64 elf_l1om elf_k1om'
EMULATION_OFILES=' eelf_x86_64.o eelf32_x86_64.o eelf_i386.o eelf_iamcu.o eelf_l1om.o eelf_k1om.o'
EMUL_EXTRA_OFILES=' ldelf.o ldelfgen.o'
ENABLE_LIBCTF_FALSE='#'
ENABLE_LIBCTF_TRUE=''
EXEEXT=''
FGREP='/bin/grep -F'
GENCAT='gencat'
GENINSRC_NEVER_FALSE=''
GENINSRC_NEVER_TRUE='#'
GMSGFMT=':'
GREP='/bin/grep'
HDEFINES=''
INCINTL=''
INSTALL_DATA='/usr/bin/install -c -m 644'
INSTALL_PROGRAM='/usr/bin/install -c'
INSTALL_SCRIPT='/usr/bin/install -c'
INSTALL_STRIP_PROGRAM='$(install_sh) -c -s'
INSTOBJEXT='.mo'
LARGEFILE_CPPFLAGS=''
LD='ld -m elf_x86_64'
LDFLAGS=' '
LEX='/home/carter/magi/src/binutils-2.36/missing flex'
LEXLIB=''
LEX_OUTPUT_ROOT=''
LIBINTL=''
LIBINTL_DEP=''
LIBOBJS=''
LIBS='-ldl '
LIBTOOL='$(SHELL) $(top_builddir)/libtool'
LIB_PATH=''
LIPO=''
LN_S='ln -s'
LTLIBOBJS=''
MAINT='#'
MAINTAINER_MODE_FALSE=''
MAINTAINER_MODE_TRUE='#'
MAKEINFO='/home/carter/magi/src/binutils-2.36/missing makeinfo --split-size=5000000'
MKDIR_P='/bin/mkdir -p'
MKINSTALLDIRS='$(top_builddir)/./../mkinstalldirs'
MSGFMT=':'
MSGMERGE=':'
NATIVE_LIB_DIRS='/usr/local/lib /lib /usr/lib'
NM='nm'
NMEDIT=''
NO_WERROR=''
OBJDUMP='objdump'
OBJEXT='o'
OTOOL64=''
OTOOL=''
PACKAGE='ld'
PACKAGE_BUGREPORT=''
PACKAGE_NAME='ld'
PACKAGE_STRING='ld 2.36'
PACKAGE_TARNAME='ld'
PACKAGE_URL=''
PACKAGE_VERSION='2.36'
PATH_SEPARATOR=':'
POSUB='po'
RANLIB='ranlib'
SED='/bin/sed'
SET_MAKE=''
SHELL='/bin/bash'
STRINGIFY='astring.sed'
STRIP='strip'
TARGET_SYSTEM_ROOT=''
TARGET_SYSTEM_ROOT_DEFINE='-DTARGET_SYSTEM_ROOT=\"\"'
TDIRS='
TESTBFDLIB='../bfd/.libs/libbfd.a'
TESTCTFLIB='../libctf/.libs/libctf.a'
USE_NLS='yes'
VERSION='2.36'
WARN_CFLAGS='-W -Wall -Wstrict-prototypes -Wmissing-prototypes -Wshadow -Wstack-usage=262144'
WARN_CFLAGS_FOR_BUILD='-W -Wall -Wstrict-prototypes -Wmissing-prototypes -Wshadow -Wstack-usage=262144'
WARN_WRITE_STRINGS='-Wwrite-strings'
XGETTEXT=':'
YACC='/home/carter/magi/src/binutils-2.36/missing bison -y'
YFLAGS=''
ac_ct_CC=''
ac_ct_CXX=''
ac_ct_DUMPBIN=''
am__EXEEXT_FALSE=''
am__EXEEXT_TRUE='#'
am__fastdepCC_FALSE='#'
am__fastdepCC_TRUE=''
am__fastdepCXX_FALSE='#'
am__fastdepCXX_TRUE=''
am__include='include'
am__isrc=''
am__leading_dot='.'
am__nodep='_no'
am__quote=''
am__tar='$${TAR-tar} chof - "$$tardir"'
am__untar='$${TAR-tar} xf -'
bindir='${exec_prefix}/bin'
build='x86_64-pc-linux-gnu'
build_alias='x86_64-pc-linux-gnu'
build_cpu='x86_64'
build_os='linux-gnu'
build_vendor='pc'
datadir='${datarootdir}'
datarootdir='${prefix}/share'
do_compare='cmp --ignore-initial=16 $$f1 $$f2'
docdir='${datarootdir}/doc/${PACKAGE_TARNAME}'
dvidir='${docdir}'
elf_list_options='TRUE'
elf_plt_unwind_list_options='TRUE'
elf_shlib_list_options='TRUE'
enable_initfini_array='yes'
enable_libctf='yes'
exec_prefix='${prefix}'
host='x86_64-pc-linux-gnu'
host_alias='x86_64-pc-linux-gnu'
host_cpu='x86_64'
host_os='linux-gnu'
host_vendor='pc'
htmldir='${docdir}'
includedir='${prefix}/include'
infodir='${datarootdir}/info'
install_as_default='yes'
install_sh='${SHELL} /home/carter/magi/src/binutils-2.36/install-sh'
installed_linker='ld.bfd'
libdir='${exec_prefix}/lib'
libexecdir='${exec_prefix}/libexec'
localedir='${datarootdir}/locale'
localstatedir='${prefix}/var'
mandir='${datarootdir}/man'
mkdir_p='$(MKDIR_P)'
oldincludedir='/usr/include'
pdfdir='${docdir}'
prefix='/usr/local'
program_transform_name='s,y,y,'
psdir='${docdir}'
sbindir='${exec_prefix}/sbin'
sharedstatedir='${prefix}/com'
sysconfdir='${prefix}/etc'
target='x86_64-pc-linux-gnu'
target_alias='x86_64-pc-linux-gnu'
target_cpu='x86_64'
target_os='linux-gnu'
target_vendor='pc'
tdir_elf32_x86_64=x86_64-pc-linux-gnu
tdir_elf_i386=i386-pc-linux-gnu
tdir_elf_iamcu=x86_64-pc-linux-gnu
tdir_elf_k1om=x86_64-pc-linux-gnu'
tdir_elf_l1om=x86_64-pc-linux-gnu
tdir_elf_x86_64=x86_64-pc-linux-gnu
use_sysroot='no'
zlibdir='-L$(top_builddir)/../zlib'
zlibinc='-I$(top_srcdir)/../zlib'

## ----------- ##
## confdefs.h. ##
## ----------- ##

/* confdefs.h */
#define PACKAGE_NAME "ld"
#define PACKAGE_TARNAME "ld"
#define PACKAGE_VERSION "2.36"
#define PACKAGE_STRING "ld 2.36"
#define PACKAGE_BUGREPORT ""
#define PACKAGE_URL ""
#define PACKAGE "ld"
#define VERSION "2.36"
#define STDC_HEADERS 1
#define HAVE_SYS_TYPES_H 1
#define HAVE_SYS_STAT_H 1
#define HAVE_STDLIB_H 1
#define HAVE_STRING_H 1
#define HAVE_MEMORY_H 1
#define HAVE_STRINGS_H 1
#define HAVE_INTTYPES_H 1
#define HAVE_STDINT_H 1
#define HAVE_UNISTD_H 1
#define __EXTENSIONS__ 1
#define _ALL_SOURCE 1
#define _GNU_SOURCE 1
#define _POSIX_PTHREAD_SEMANTICS 1
#define _TANDEM_SOURCE 1
#define HAVE_DLFCN_H 1
#define LT_OBJDIR ".libs/"
#define HAVE_DLFCN_H 1
#define GOT_HANDLING_DEFAULT GOT_HANDLING_TARGET_DEFAULT
#define ENABLE_LIBCTF 1
#define HAVE_LC_MESSAGES 1
#define ENABLE_NLS 1
#define HAVE_STRING_H 1
#define HAVE_STRINGS_H 1
#define HAVE_STDLIB_H 1
#define HAVE_UNISTD_H 1
#define HAVE_LIMITS_H 1
#define HAVE_LOCALE_H 1
#define HAVE_SYS_PARAM_H 1
#define HAVE_FCNTL_H 1
#define HAVE_SYS_FILE_H 1
#define HAVE_SYS_TIME_H 1
#define HAVE_SYS_STAT_H 1
#define STRING_WITH_STRINGS 1
#define HAVE_GLOB 1
#define HAVE_MKSTEMP 1
#define HAVE_REALPATH 1
#define HAVE_SBRK 1
#define HAVE_SETLOCALE 1
#define HAVE_WAITPID 1
#define HAVE_OPEN 1
#define HAVE_LSEEK 1
#define HAVE_CLOSE 1
#define HAVE_DIRENT_H 1
#define HAVE_STDLIB_H 1
#define HAVE_UNISTD_H 1
#define HAVE_SYS_PARAM_H 1
#define HAVE_GETPAGESIZE 1
#define HAVE_MMAP 1
#define HAVE_INITFINI_ARRAY 1
#define HAVE_DECL_GETOPT 1
#define HAVE_DECL_ASPRINTF 1
#define HAVE_DECL_ENVIRON 1
#define HAVE_DECL_FREE 1
#define HAVE_DECL_GETENV 1
#define HAVE_DECL_SBRK 1
#define HAVE_DECL_STRSTR 1
#define SIZEOF_VOID_P 8
#define DEFAULT_NEW_DTAGS 0
#define DEFAULT_LD_Z_RELRO 1
#define DEFAULT_LD_TEXTREL_CHECK textrel_check_warning
#define DEFAULT_LD_TEXTREL_CHECK_WARNING 1
#define DEFAULT_LD_Z_SEPARATE_CODE 1
#define SUPPORT_ERROR_HANDLING_SCRIPT 1
#define DEFAULT_EMIT_SYSV_HASH 1
#define DEFAULT_EMIT_GNU_HASH 1

configure: exit 0

## ---------------------- ##
## Running config.status. ##
## ---------------------- ##

This file was extended by ld config.status 2.36, which was
generated by GNU Autoconf 2.69.  Invocation command line was

  CONFIG_FILES    = po/Makefile.in:po/Make-in
  CONFIG_HEADERS  = 
  CONFIG_LINKS    = 
  CONFIG_COMMANDS = 
  $ ./config.status 

on debian

config.status:1263: creating po/Makefile.in
config.status:1492: executing depfiles commands
config.status:1492: executing libtool commands
config.status:1492: executing default-1 commands
config.status:1492: executing default commands
