This file contains any messages produced by compilers while
running configure, to aid debugging if configure makes a mistake.

It was created by binutils configure 2.36, which was
generated by GNU Autoconf 2.69.  Invocation command line was

  $ /home/carter/magi/src/binutils-2.36/binutils/configure --srcdir=.././binutils --cache-file=./config.cache --with-gnu-as --with-gnu-ld --program-transform-name=s,y,y, --disable-option-checking --build=x86_64-pc-linux-gnu --host=x86_64-pc-linux-gnu --target=x86_64-pc-linux-gnu

## --------- ##
## Platform. ##
## --------- ##

hostname = debian
uname -m = x86_64
uname -r = 4.9.0-18-amd64
uname -s = Linux
uname -v = #1 SMP Debian 4.9.303-1 (2022-03-07)

/usr/bin/uname -p = unknown
/bin/uname -X     = unknown

/bin/arch              = unknown
/usr/bin/arch -k       = unknown
/usr/convex/getsysinfo = unknown
/usr/bin/hostinfo      = unknown
/bin/machine           = unknown
/usr/bin/oslevel       = unknown
/bin/universe          = unknown

PATH: /usr/local/bin
PATH: /usr/bin
PATH: /bin
PATH: /usr/local/games
PATH: /usr/games


## ----------- ##
## Core tests. ##
## ----------- ##

configure:2529: creating cache ./config.cache
configure:2643: checking build system type
configure:2657: result: x86_64-pc-linux-gnu
configure:2677: checking host system type
configure:2690: result: x86_64-pc-linux-gnu
configure:2710: checking target system type
configure:2723: result: x86_64-pc-linux-gnu
configure:2760: checking for x86_64-pc-linux-gnu-gcc
configure:2787: result: gcc
configure:3056: checking for C compiler version
configure:3065: gcc --version >&5
gcc (Debian 6.3.0-18+deb9u1) 6.3.0 20170516
Copyright (C) 2016 Free Software Foundation, Inc.
This is free software; see the source for copying conditions.  There is NO
warranty; not even for MERCHANTABILITY or FITNESS FOR A PARTICULAR PURPOSE.

configure:3076: $? = 0
configure:3065: gcc -v >&5
Using built-in specs.
COLLECT_GCC=gcc
COLLECT_LTO_WRAPPER=/usr/lib/gcc/x86_64-linux-gnu/6/lto-wrapper
Target: x86_64-linux-gnu
Configured with: ../src/configure -v --with-pkgversion='Debian 6.3.0-18+deb9u1' --with-bugurl=file:///usr/share/doc/gcc-6/README.Bugs --enable-languages=c,ada,c++,java,go,d,fortran,objc,obj-c++ --prefix=/usr --program-suffix=-6 --program-prefix=x86_64-linux-gnu- --enable-shared --enable-linker-build-id --libexecdir=/usr/lib --without-included-gettext --enable-threads=posix --libdir=/usr/lib --enable-nls --with-sysroot=/ --enable-clocale=gnu --enable-libstdcxx-debug --enable-libstdcxx-time=yes --with-default-libstdcxx-abi=new --enable-gnu-unique-object --disable-vtable-verify --enable-libmpx --enable-plugin --enable-default-pie --with-system-zlib --disable-browser-plugin --enable-java-awt=gtk --enable-gtk-cairo --with-java-home=/usr/lib/jvm/java-1.5.0-gcj-6-amd64/jre --enable-java-home --with-jvm-root-dir=/usr/lib/jvm/java-1.5.0-gcj-6-amd64 --with-jvm-jar-dir=/usr/lib/jvm-exports/java-1.5.0-gcj-6-amd64 --with-arch-directory=amd64 --with-ecj-jar=/usr/share/java/eclipse-ecj.jar --with-target-system-zlib --enable-objc-gc=auto --enable-multiarch --with-arch-32=i686 --with-abi=m64 --with-multilib-list=m32,m64,mx32 --enable-multilib --with-tune=generic --enable-checking=release --build=x86_64-linux-gnu --host=x86_64-linux-gnu --target=x86_64-linux-gnu
Thread model: posix
gcc version 6.3.0 20170516 (Debian 6.3.0-18+deb9u1) 
configure:3076: $? = 0
configure:3065: gcc -V >&5
gcc: error: unrecognized command line option '-V'
gcc: fatal error: no input files
compilation terminated.
configure:3076: $? = 1
configure:3065: gcc -qversion >&5
gcc: error: unrecognized command line option '-qversion'; did you mean '--version'?
gcc: fatal error: no input files
compilation terminated.
configure:3076: $? = 1
configure:3096: checking whether the C compiler works
configure:3118: gcc -g -O2    conftest.c  >&5
configure:3122: $? = 0
configure:3170: result: yes
configure:3173: checking for C compiler default output file name
configure:3175: result: a.out
configure:3181: checking for suffix of executables
configure:3188: gcc -o conftest -g -O2    conftest.c  >&5
configure:3192: $? = 0
configure:3214: result: 
configure:3236: checking whether we are cross compiling
configure:3244: gcc -o conftest -g -O2    conftest.c  >&5
configure:3248: $? = 0
configure:3255: ./conftest
configure:3259: $? = 0
configure:3274: result: no
configure:3279: checking for suffix of object files
configure:3301: gcc -c -g -O2  conftest.c >&5
configure:3305: $? = 0
configure:3326: result: o
configure:3330: checking whether we are using the GNU C compiler
configure:3349: gcc -c -g -O2  conftest.c >&5
configure:3349: $? = 0
configure:3358: result: yes
configure:3367: checking whether gcc accepts -g
configure:3387: gcc -c -g  conftest.c >&5
configure:3387: $? = 0
configure:3428: result: yes
configure:3445: checking for gcc option to accept ISO C89
configure:3508: gcc  -c -g -O2  conftest.c >&5
configure:3508: $? = 0
configure:3521: result: none needed
configure:3546: checking whether gcc understands -c and -o together
configure:3568: gcc -c conftest.c -o conftest2.o
configure:3571: $? = 0
configure:3568: gcc -c conftest.c -o conftest2.o
configure:3571: $? = 0
configure:3583: result: yes
configure:3601: checking for library containing strerror
configure:3632: gcc -o conftest -g -O2    conftest.c  >&5
configure:3632: $? = 0
configure:3649: result: none required
configure:3674: checking for a BSD-compatible install
configure:3742: result: /usr/bin/install -c
configure:3753: checking whether build environment is sane
configure:3808: result: yes
configure:3956: checking for a thread-safe mkdir -p
configure:3995: result: /bin/mkdir -p
configure:4002: checking for gawk
configure:4029: result: mawk
configure:4040: checking whether make sets $(MAKE)
configure:4062: result: yes
configure:4092: checking for style of include used by make
configure:4120: result: GNU
configure:4154: checking whether make supports nested variables
configure:4171: result: yes
configure:4256: checking dependency style of gcc
configure:4367: result: gcc3
configure:4434: checking for x86_64-pc-linux-gnu-gcc
configure:4461: result: gcc
configure:4730: checking for C compiler version
configure:4739: gcc --version >&5
gcc (Debian 6.3.0-18+deb9u1) 6.3.0 20170516
Copyright (C) 2016 Free Software Foundation, Inc.
This is free software; see the source for copying conditions.  There is NO
warranty; not even for MERCHANTABILITY or FITNESS FOR A PARTICULAR PURPOSE.

configure:4750: $? = 0
configure:4739: gcc -v >&5
Using built-in specs.
COLLECT_GCC=gcc
COLLECT_LTO_WRAPPER=/usr/lib/gcc/x86_64-linux-gnu/6/lto-wrapper
Target: x86_64-linux-gnu
Configured with: ../src/configure -v --with-pkgversion='Debian 6.3.0-18+deb9u1' --with-bugurl=file:///usr/share/doc/gcc-6/README.Bugs --enable-languages=c,ada,c++,java,go,d,fortran,objc,obj-c++ --prefix=/usr --program-suffix=-6 --program-prefix=x86_64-linux-gnu- --enable-shared --enable-linker-build-id --libexecdir=/usr/lib --without-included-gettext --enable-threads=posix --libdir=/usr/lib --enable-nls --with-sysroot=/ --enable-clocale=gnu --enable-libstdcxx-debug --enable-libstdcxx-time=yes --with-default-libstdcxx-abi=new --enable-gnu-unique-object --disable-vtable-verify --enable-libmpx --enable-plugin --enable-default-pie --with-system-zlib --disable-browser-plugin --enable-java-awt=gtk --enable-gtk-cairo --with-java-home=/usr/lib/jvm/java-1.5.0-gcj-6-amd64/jre --enable-java-home --with-jvm-root-dir=/usr/lib/jvm/java-1.5.0-gcj-6-amd64 --with-jvm-jar-dir=/usr/lib/jvm-exports/java-1.5.0-gcj-6-amd64 --with-arch-directory=amd64 --with-ecj-jar=/usr/share/java/eclipse-ecj.jar --with-target-system-zlib --enable-objc-gc=auto --enable-multiarch --with-arch-32=i686 --with-abi=m64 --with-multilib-list=m32,m64,mx32 --enable-multilib --with-tune=generic --enable-checking=release --build=x86_64-linux-gnu --host=x86_64-linux-gnu --target=x86_64-linux-gnu
Thread model: posix
gcc version 6.3.0 20170516 (Debian 6.3.0-18+deb9u1) 
configure:4750: $? = 0
configure:4739: gcc -V >&5
gcc: error: unrecognized command line option '-V'
gcc: fatal error: no input files
compilation terminated.
configure:4750: $? = 1
configure:4739: gcc -qversion >&5
gcc: error: unrecognized command line option '-qversion'; did you mean '--version'?
gcc: fatal error: no input files
compilation terminated.
configure:4750: $? = 1
configure:4754: checking whether we are using the GNU C compiler
configure:4782: result: yes
configure:4791: checking whether gcc accepts -g
configure:4852: result: yes
configure:4869: checking for gcc option to accept ISO C89
configure:4945: result: none needed
configure:4970: checking whether gcc understands -c and -o together
configure:5007: result: yes
configure:5029: checking how to run the C preprocessor
configure:5060: gcc -E  conftest.c
configure:5060: $? = 0
configure:5074: gcc -E  conftest.c
conftest.c:11:28: fatal error: ac_nonexistent.h: No such file or directory
 #include <ac_nonexistent.h>
                            ^
compilation terminated.
configure:5074: $? = 1
configure: failed program was:
| /* confdefs.h */
| #define PACKAGE_NAME "binutils"
| #define PACKAGE_TARNAME "binutils"
| #define PACKAGE_VERSION "2.36"
| #define PACKAGE_STRING "binutils 2.36"
| #define PACKAGE_BUGREPORT ""
| #define PACKAGE_URL ""
| #define PACKAGE "binutils"
| #define VERSION "2.36"
| /* end confdefs.h.  */
| #include <ac_nonexistent.h>
configure:5099: result: gcc -E
configure:5119: gcc -E  conftest.c
configure:5119: $? = 0
configure:5133: gcc -E  conftest.c
conftest.c:11:28: fatal error: ac_nonexistent.h: No such file or directory
 #include <ac_nonexistent.h>
                            ^
compilation terminated.
configure:5133: $? = 1
configure: failed program was:
| /* confdefs.h */
| #define PACKAGE_NAME "binutils"
| #define PACKAGE_TARNAME "binutils"
| #define PACKAGE_VERSION "2.36"
| #define PACKAGE_STRING "binutils 2.36"
| #define PACKAGE_BUGREPORT ""
| #define PACKAGE_URL ""
| #define PACKAGE "binutils"
| #define VERSION "2.36"
| /* end confdefs.h.  */
| #include <ac_nonexistent.h>
configure:5162: checking for grep that handles long lines and -e
configure:5220: result: /bin/grep
configure:5225: checking for egrep
configure:5287: result: /bin/grep -E
configure:5292: checking for ANSI C header files
configure:5312: gcc -c -g -O2  conftest.c >&5
configure:5312: $? = 0
configure:5385: gcc -o conftest -g -O2    conftest.c  >&5
configure:5385: $? = 0
configure:5385: ./conftest
configure:5385: $? = 0
configure:5396: result: yes
configure:5409: checking for sys/types.h
configure:5409: gcc -c -g -O2  conftest.c >&5
configure:5409: $? = 0
configure:5409: result: yes
configure:5409: checking for sys/stat.h
configure:5409: gcc -c -g -O2  conftest.c >&5
configure:5409: $? = 0
configure:5409: result: yes
configure:5409: checking for stdlib.h
configure:5409: gcc -c -g -O2  conftest.c >&5
configure:5409: $? = 0
configure:5409: result: yes
configure:5409: checking for string.h
configure:5409: gcc -c -g -O2  conftest.c >&5
configure:5409: $? = 0
configure:5409: result: yes
configure:5409: checking for memory.h
configure:5409: gcc -c -g -O2  conftest.c >&5
configure:5409: $? = 0
configure:5409: result: yes
configure:5409: checking for strings.h
configure:5409: gcc -c -g -O2  conftest.c >&5
configure:5409: $? = 0
configure:5409: result: yes
configure:5409: checking for inttypes.h
configure:5409: gcc -c -g -O2  conftest.c >&5
configure:5409: $? = 0
configure:5409: result: yes
configure:5409: checking for stdint.h
configure:5409: gcc -c -g -O2  conftest.c >&5
configure:5409: $? = 0
configure:5409: result: yes
configure:5409: checking for unistd.h
configure:5409: gcc -c -g -O2  conftest.c >&5
configure:5409: $? = 0
configure:5409: result: yes
configure:5422: checking minix/config.h usability
configure:5422: gcc -c -g -O2  conftest.c >&5
conftest.c:54:26: fatal error: minix/config.h: No such file or directory
 #include <minix/config.h>
                          ^
compilation terminated.
configure:5422: $? = 1
configure: failed program was:
| /* confdefs.h */
| #define PACKAGE_NAME "binutils"
| #define PACKAGE_TARNAME "binutils"
| #define PACKAGE_VERSION "2.36"
| #define PACKAGE_STRING "binutils 2.36"
| #define PACKAGE_BUGREPORT ""
| #define PACKAGE_URL ""
| #define PACKAGE "binutils"
| #define VERSION "2.36"
| #define STDC_HEADERS 1
| #define HAVE_SYS_TYPES_H 1
| #define HAVE_SYS_STAT_H 1
| #define HAVE_STDLIB_H 1
| #define HAVE_STRING_H 1
| #define HAVE_MEMORY_H 1
| #define HAVE_STRINGS_H 1
| #define HAVE_INTTYPES_H 1
| #define HAVE_STDINT_H 1
| #define HAVE_UNISTD_H 1
| /* end confdefs.h.  */
| #include <stdio.h>
| #ifdef HAVE_SYS_TYPES_H
| # include <sys/types.h>
| #endif
| #ifdef HAVE_SYS_STAT_H
| # include <sys/stat.h>
| #endif
| #ifdef STDC_HEADERS
| # include <stdlib.h>
| # include <stddef.h>
| #else
| # ifdef HAVE_STDLIB_H
| #  include <stdlib.h>
| # endif
| #endif
| #ifdef HAVE_STRING_H
| # if !defined STDC_HEADERS && defined HAVE_MEMORY_H
| #  include <memory.h>
| # endif
| # include <string.h>
| #endif
| #ifdef HAVE_STRINGS_H
| # include <strings.h>
| #endif
| #ifdef HAVE_INTTYPES_H
| # include <inttypes.h>
| #endif
| #ifdef HAVE_STDINT_H
| # include <stdint.h>
| #endif
| #ifdef HAVE_UNISTD_H
| # include <unistd.h>
| #endif
| #include <minix/config.h>
configure:5422: result: no
configure:5422: checking minix/config.h presence
configure:5422: gcc -E  conftest.c
conftest.c:21:26: fatal error: minix/config.h: No such file or directory
 #include <minix/config.h>
                          ^
compilation terminated.
configure:5422: $? = 1
configure: failed program was:
| /* confdefs.h */
| #define PACKAGE_NAME "binutils"
| #define PACKAGE_TARNAME "binutils"
| #define PACKAGE_VERSION "2.36"
| #define PACKAGE_STRING "binutils 2.36"
| #define PACKAGE_BUGREPORT ""
| #define PACKAGE_URL ""
| #define PACKAGE "binutils"
| #define VERSION "2.36"
| #define STDC_HEADERS 1
| #define HAVE_SYS_TYPES_H 1
| #define HAVE_SYS_STAT_H 1
| #define HAVE_STDLIB_H 1
| #define HAVE_STRING_H 1
| #define HAVE_MEMORY_H 1
| #define HAVE_STRINGS_H 1
| #define HAVE_INTTYPES_H 1
| #define HAVE_STDINT_H 1
| #define HAVE_UNISTD_H 1
| /* end confdefs.h.  */
| #include <minix/config.h>
configure:5422: result: no
configure:5422: checking for minix/config.h
configure:5422: result: no
configure:5443: checking whether it is safe to define __EXTENSIONS__
configure:5461: gcc -c -g -O2  conftest.c >&5
configure:5461: $? = 0
configure:5468: result: yes
configure:5531: checking how to print strings
configure:5558: result: printf
configure:5579: checking for a sed that does not truncate output
configure:5643: result: /bin/sed
configure:5661: checking for fgrep
configure:5723: result: /bin/grep -F
configure:5758: checking for ld used by gcc
configure:5825: result: ld
configure:5832: checking if the linker (ld) is GNU ld
configure:5847: result: yes
configure:5859: checking for BSD- or MS-compatible name lister (nm)
configure:5908: result: nm
configure:6038: checking the name lister (nm) interface
configure:6045: gcc -c -g -O2  conftest.c >&5
configure:6048: nm "conftest.o"
configure:6051: output
0000000000000000 B some_variable
configure:6058: result: BSD nm
configure:6061: checking whether ln -s works
configure:6065: result: yes
configure:6073: checking the maximum length of command line arguments
configure:6198: result: 1572864
configure:6215: checking whether the shell understands some XSI constructs
configure:6225: result: yes
configure:6229: checking whether the shell understands "+="
configure:6235: result: yes
configure:6270: checking for ld option to reload object files
configure:6277: result: -r
configure:6306: checking for x86_64-pc-linux-gnu-objdump
configure:6333: result: objdump
configure:6405: checking how to recognize dependent libraries
configure:6606: result: pass_all
configure:6626: checking for x86_64-pc-linux-gnu-ar
configure:6653: result: ar
configure:6731: checking for x86_64-pc-linux-gnu-strip
configure:6761: result: no
configure:6771: checking for strip
configure:6787: found /usr/local/bin/strip
configure:6798: result: strip
configure:6830: checking for x86_64-pc-linux-gnu-ranlib
configure:6857: result: ranlib
configure:6999: checking command to parse nm output from gcc object
configure:7117: gcc -c -g -O2  conftest.c >&5
configure:7120: $? = 0
configure:7124: nm conftest.o \| sed -n -e 's/^.*[ ]\([ABCDGIRSTW][ABCDGIRSTW]*\)[ ][ ]*\([_A-Za-z][_A-Za-z0-9]*\)$/\1 \2 \2/p' \> conftest.nm
configure:7127: $? = 0
configure:7181: gcc -o conftest -g -O2    conftest.c conftstm.o >&5
configure:7184: $? = 0
configure:7222: result: ok
configure:7317: gcc -c -g -O2  conftest.c >&5
configure:7320: $? = 0
configure:8070: checking for dlfcn.h
configure:8070: gcc -c -g -O2  conftest.c >&5
configure:8070: $? = 0
configure:8070: result: yes
configure:8257: checking for objdir
configure:8272: result: .libs
configure:8543: checking if gcc supports -fno-rtti -fno-exceptions
configure:8561: gcc -c -g -O2  -fno-rtti -fno-exceptions conftest.c >&5
cc1: warning: command line option '-fno-rtti' is valid for C++/ObjC++ but not for C
configure:8565: $? = 0
configure:8578: result: no
configure:8598: checking for gcc option to produce PIC
configure:8884: result: -fPIC -DPIC
configure:8896: checking if gcc PIC flag -fPIC -DPIC works
configure:8914: gcc -c -g -O2  -fPIC -DPIC -DPIC conftest.c >&5
configure:8918: $? = 0
configure:8931: result: yes
configure:8955: checking if gcc static flag -static works
configure:8983: result: yes
configure:8998: checking if gcc supports -c -o file.o
configure:9019: gcc -c -g -O2  -o out/conftest2.o conftest.c >&5
configure:9023: $? = 0
configure:9045: result: yes
configure:9053: checking if gcc supports -c -o file.o
configure:9100: result: yes
configure:9133: checking whether the gcc linker (ld -m elf_x86_64) supports shared libraries
configure:10204: result: yes
configure:10241: checking whether -lc should be explicitly linked in
configure:10249: gcc -c -g -O2  conftest.c >&5
configure:10252: $? = 0
configure:10267: gcc -shared  -fPIC -DPIC conftest.o  -v -Wl,-soname -Wl,conftest -o conftest 2\>\&1 \| /bin/grep  -lc  \>/dev/null 2\>\&1
configure:10270: $? = 0
configure:10284: result: no
configure:10449: checking dynamic linker characteristics
configure:10890: gcc -o conftest -g -O2    -Wl,-rpath -Wl,/foo conftest.c  >&5
configure:10890: $? = 0
configure:11112: result: GNU/Linux ld.so
configure:11219: checking how to hardcode library paths into programs
configure:11244: result: immediate
configure:11784: checking whether stripping libraries is possible
configure:11789: result: yes
configure:11824: checking if libtool supports shared libraries
configure:11826: result: yes
configure:11829: checking whether to build shared libraries
configure:11850: result: yes
configure:11853: checking whether to build static libraries
configure:11857: result: yes
configure:11905: checking for dlfcn.h
configure:11905: result: yes
configure:11918: checking for windows.h
configure:11918: gcc -c -g -O2  conftest.c >&5
conftest.c:63:21: fatal error: windows.h: No such file or directory
 #include <windows.h>
                     ^
compilation terminated.
configure:11918: $? = 1
configure: failed program was:
| /* confdefs.h */
| #define PACKAGE_NAME "binutils"
| #define PACKAGE_TARNAME "binutils"
| #define PACKAGE_VERSION "2.36"
| #define PACKAGE_STRING "binutils 2.36"
| #define PACKAGE_BUGREPORT ""
| #define PACKAGE_URL ""
| #define PACKAGE "binutils"
| #define VERSION "2.36"
| #define STDC_HEADERS 1
| #define HAVE_SYS_TYPES_H 1
| #define HAVE_SYS_STAT_H 1
| #define HAVE_STDLIB_H 1
| #define HAVE_STRING_H 1
| #define HAVE_MEMORY_H 1
| #define HAVE_STRINGS_H 1
| #define HAVE_INTTYPES_H 1
| #define HAVE_STDINT_H 1
| #define HAVE_UNISTD_H 1
| #define __EXTENSIONS__ 1
| #define _ALL_SOURCE 1
| #define _GNU_SOURCE 1
| #define _POSIX_PTHREAD_SEMANTICS 1
| #define _TANDEM_SOURCE 1
| #define HAVE_DLFCN_H 1
| #define LT_OBJDIR ".libs/"
| #define HAVE_DLFCN_H 1
| /* end confdefs.h.  */
| #include <stdio.h>
| #ifdef HAVE_SYS_TYPES_H
| # include <sys/types.h>
| #endif
| #ifdef HAVE_SYS_STAT_H
| # include <sys/stat.h>
| #endif
| #ifdef STDC_HEADERS
| # include <stdlib.h>
| # include <stddef.h>
| #else
| # ifdef HAVE_STDLIB_H
| #  include <stdlib.h>
| # endif
| #endif
| #ifdef HAVE_STRING_H
| # if !defined STDC_HEADERS && defined HAVE_MEMORY_H
| #  include <memory.h>
| # endif
| # include <string.h>
| #endif
| #ifdef HAVE_STRINGS_H
| # include <strings.h>
| #endif
| #ifdef HAVE_INTTYPES_H
| # include <inttypes.h>
| #endif
| #ifdef HAVE_STDINT_H
| # include <stdint.h>
| #endif
| #ifdef HAVE_UNISTD_H
| # include <unistd.h>
| #endif
| 
| #include <windows.h>
configure:11918: result: no
configure:11945: checking for library containing dlsym
configure:11976: gcc -o conftest -g -O2    conftest.c  >&5
/usr/local/bin/ld: /tmp/ccltsi8P.o: in function `main':
/home/carter/magi/src/binutils-2.36/binutils/conftest.c:40: undefined reference to `dlsym'
collect2: error: ld returned 1 exit status
configure:11976: $? = 1
configure: failed program was:
| /* confdefs.h */
| #define PACKAGE_NAME "binutils"
| #define PACKAGE_TARNAME "binutils"
| #define PACKAGE_VERSION "2.36"
| #define PACKAGE_STRING "binutils 2.36"
| #define PACKAGE_BUGREPORT ""
| #define PACKAGE_URL ""
| #define PACKAGE "binutils"
| #define VERSION "2.36"
| #define STDC_HEADERS 1
| #define HAVE_SYS_TYPES_H 1
| #define HAVE_SYS_STAT_H 1
| #define HAVE_STDLIB_H 1
| #define HAVE_STRING_H 1
| #define HAVE_MEMORY_H 1
| #define HAVE_STRINGS_H 1
| #define HAVE_INTTYPES_H 1
| #define HAVE_STDINT_H 1
| #define HAVE_UNISTD_H 1
| #define __EXTENSIONS__ 1
| #define _ALL_SOURCE 1
| #define _GNU_SOURCE 1
| #define _POSIX_PTHREAD_SEMANTICS 1
| #define _TANDEM_SOURCE 1
| #define HAVE_DLFCN_H 1
| #define LT_OBJDIR ".libs/"
| #define HAVE_DLFCN_H 1
| /* end confdefs.h.  */
| 
| /* Override any GCC internal prototype to avoid an error.
|    Use char because int might match the return type of a GCC
|    builtin and then its argument prototype would still apply.  */
| #ifdef __cplusplus
| extern "C"
| #endif
| char dlsym ();
| int
| main ()
| {
| return dlsym ();
|   ;
|   return 0;
| }
configure:11976: gcc -o conftest -g -O2    conftest.c -ldl   >&5
configure:11976: $? = 0
configure:11993: result: -ldl
configure:12065: checking for special C compiler options needed for large files
configure:12110: result: no
configure:12116: checking for _FILE_OFFSET_BITS value needed for large files
configure:12141: gcc -c -g -O2  conftest.c >&5
configure:12141: $? = 0
configure:12173: result: no
configure:12341: checking for x86_64-pc-linux-gnu-pkg-config
configure:12359: found /usr/bin/x86_64-pc-linux-gnu-pkg-config
configure:12371: result: /usr/bin/x86_64-pc-linux-gnu-pkg-config
configure:12439: checking pkg-config is at least version 0.9.0
configure:12442: result: yes
configure:12460: checking whether to use debuginfod
configure:12462: result: auto
configure:12468: checking for libdebuginfod >= 0.179
configure:12475: $PKG_CONFIG --exists --print-errors "libdebuginfod >= 0.179"
Package libdebuginfod was not found in the pkg-config search path.
Perhaps you should add the directory containing `libdebuginfod.pc'
to the PKG_CONFIG_PATH environment variable
No package 'libdebuginfod' found
configure:12478: $? = 1
configure:12492: $PKG_CONFIG --exists --print-errors "libdebuginfod >= 0.179"
Package libdebuginfod was not found in the pkg-config search path.
Perhaps you should add the directory containing `libdebuginfod.pc'
to the PKG_CONFIG_PATH environment variable
No package 'libdebuginfod' found
configure:12495: $? = 1
configure:12533: result: no
No package 'libdebuginfod' found
configure:12552: WARNING: libdebuginfod is missing or unusable; some features may be unavailable.
configure:12775: checking for bison
configure:12802: result: /home/carter/magi/src/binutils-2.36/missing bison -y
configure:12818: checking for flex
configure:12845: result: /home/carter/magi/src/binutils-2.36/missing flex
configure:12992: checking whether NLS is requested
configure:12998: result: yes
configure:13004: checking for catalogs to be installed
configure:13036: result:  bg ca da es fi fr hr id it ja pt ro ru rw sk sr sv tr uk vi zh_CN zh_TW bg ca da es fi fr hr id it ja pt ro ru rw sk sr sv tr uk vi zh_CN zh_TW
configure:13063: checking whether NLS is requested
configure:13072: result: yes
configure:13110: checking for msgfmt
configure:13144: result: no
configure:13150: checking for gmsgfmt
configure:13181: result: :
configure:13221: checking for xgettext
configure:13255: result: no
configure:13292: checking for msgmerge
configure:13325: result: no
configure:13359: checking whether to enable maintainer-specific portions of Makefiles
configure:13368: result: no
configure:13413: checking for x86_64-pc-linux-gnu-ranlib
configure:13440: result: ranlib
configure:13553: checking size of long
configure:13558: gcc -o conftest -g -O2    conftest.c -ldl  >&5
configure:13558: $? = 0
configure:13558: ./conftest
configure:13558: $? = 0
configure:13572: result: 8
configure:13582: checking for long long
configure:13582: gcc -c -g -O2  conftest.c >&5
configure:13582: $? = 0
configure:13582: gcc -c -g -O2  conftest.c >&5
conftest.c: In function 'main':
conftest.c:72:24: error: expected expression before ')' token
 if (sizeof ((long long)))
                        ^
configure:13582: $? = 1
configure: failed program was:
| /* confdefs.h */
| #define PACKAGE_NAME "binutils"
| #define PACKAGE_TARNAME "binutils"
| #define PACKAGE_VERSION "2.36"
| #define PACKAGE_STRING "binutils 2.36"
| #define PACKAGE_BUGREPORT ""
| #define PACKAGE_URL ""
| #define PACKAGE "binutils"
| #define VERSION "2.36"
| #define STDC_HEADERS 1
| #define HAVE_SYS_TYPES_H 1
| #define HAVE_SYS_STAT_H 1
| #define HAVE_STDLIB_H 1
| #define HAVE_STRING_H 1
| #define HAVE_MEMORY_H 1
| #define HAVE_STRINGS_H 1
| #define HAVE_INTTYPES_H 1
| #define HAVE_STDINT_H 1
| #define HAVE_UNISTD_H 1
| #define __EXTENSIONS__ 1
| #define _ALL_SOURCE 1
| #define _GNU_SOURCE 1
| #define _POSIX_PTHREAD_SEMANTICS 1
| #define _TANDEM_SOURCE 1
| #define HAVE_DLFCN_H 1
| #define LT_OBJDIR ".libs/"
| #define HAVE_DLFCN_H 1
| #define DEFAULT_AR_DETERMINISTIC 0
| #define DEFAULT_STRINGS_ALL 1
| #define DEFAULT_F_FOR_IFUNC_SYMBOLS 0
| #define ENABLE_LIBCTF 1
| #define ENABLE_NLS 1
| #define EXECUTABLE_SUFFIX ""
| #define SIZEOF_LONG 8
| /* end confdefs.h.  */
| #include <stdio.h>
| #ifdef HAVE_SYS_TYPES_H
| # include <sys/types.h>
| #endif
| #ifdef HAVE_SYS_STAT_H
| # include <sys/stat.h>
| #endif
| #ifdef STDC_HEADERS
| # include <stdlib.h>
| # include <stddef.h>
| #else
| # ifdef HAVE_STDLIB_H
| #  include <stdlib.h>
| # endif
| #endif
| #ifdef HAVE_STRING_H
| # if !defined STDC_HEADERS && defined HAVE_MEMORY_H
| #  include <memory.h>
| # endif
| # include <string.h>
| #endif
| #ifdef HAVE_STRINGS_H
| # include <strings.h>
| #endif
| #ifdef HAVE_INTTYPES_H
| # include <inttypes.h>
| #endif
| #ifdef HAVE_STDINT_H
| # include <stdint.h>
| #endif
| #ifdef HAVE_UNISTD_H
| # include <unistd.h>
| #endif
| int
| main ()
| {
| if (sizeof ((long long)))
| 	    return 0;
|   ;
|   return 0;
| }
configure:13582: result: yes
configure:13593: checking size of long long
configure:13598: gcc -o conftest -g -O2    conftest.c -ldl  >&5
configure:13598: $? = 0
configure:13598: ./conftest
configure:13598: $? = 0
configure:13612: result: 8
configure:13628: checking for string.h
configure:13628: result: yes
configure:13628: checking for strings.h
configure:13628: result: yes
configure:13628: checking for stdlib.h
configure:13628: result: yes
configure:13628: checking for unistd.h
configure:13628: result: yes
configure:13628: checking fcntl.h usability
configure:13628: gcc -c -g -O2  conftest.c >&5
configure:13628: $? = 0
configure:13628: result: yes
configure:13628: checking fcntl.h presence
configure:13628: gcc -E  conftest.c
configure:13628: $? = 0
configure:13628: result: yes
configure:13628: checking for fcntl.h
configure:13628: result: yes
configure:13628: checking sys/file.h usability
configure:13628: gcc -c -g -O2  conftest.c >&5
configure:13628: $? = 0
configure:13628: result: yes
configure:13628: checking sys/file.h presence
configure:13628: gcc -E  conftest.c
configure:13628: $? = 0
configure:13628: result: yes
configure:13628: checking for sys/file.h
configure:13628: result: yes
configure:13628: checking limits.h usability
configure:13628: gcc -c -g -O2  conftest.c >&5
configure:13628: $? = 0
configure:13628: result: yes
configure:13628: checking limits.h presence
configure:13628: gcc -E  conftest.c
configure:13628: $? = 0
configure:13628: result: yes
configure:13628: checking for limits.h
configure:13628: result: yes
configure:13628: checking locale.h usability
configure:13628: gcc -c -g -O2  conftest.c >&5
configure:13628: $? = 0
configure:13628: result: yes
configure:13628: checking locale.h presence
configure:13628: gcc -E  conftest.c
configure:13628: $? = 0
configure:13628: result: yes
configure:13628: checking for locale.h
configure:13628: result: yes
configure:13628: checking sys/param.h usability
configure:13628: gcc -c -g -O2  conftest.c >&5
configure:13628: $? = 0
configure:13628: result: yes
configure:13628: checking sys/param.h presence
configure:13628: gcc -E  conftest.c
configure:13628: $? = 0
configure:13628: result: yes
configure:13628: checking for sys/param.h
configure:13628: result: yes
configure:13628: checking wchar.h usability
configure:13628: gcc -c -g -O2  conftest.c >&5
configure:13628: $? = 0
configure:13628: result: yes
configure:13628: checking wchar.h presence
configure:13628: gcc -E  conftest.c
configure:13628: $? = 0
configure:13628: result: yes
configure:13628: checking for wchar.h
configure:13628: result: yes
configure:13638: checking for sys/wait.h that is POSIX.1 compatible
configure:13664: gcc -c -g -O2  conftest.c >&5
configure:13664: $? = 0
configure:13671: result: yes
configure:13679: checking whether string.h and strings.h may both be included
configure:13696: gcc -c -g -O2  conftest.c >&5
configure:13696: $? = 0
configure:13703: result: yes
configure:13711: checking for size_t
configure:13711: gcc -c -g -O2  conftest.c >&5
configure:13711: $? = 0
configure:13711: gcc -c -g -O2  conftest.c >&5
conftest.c: In function 'main':
conftest.c:86:21: error: expected expression before ')' token
 if (sizeof ((size_t)))
                     ^
configure:13711: $? = 1
configure: failed program was:
| /* confdefs.h */
| #define PACKAGE_NAME "binutils"
| #define PACKAGE_TARNAME "binutils"
| #define PACKAGE_VERSION "2.36"
| #define PACKAGE_STRING "binutils 2.36"
| #define PACKAGE_BUGREPORT ""
| #define PACKAGE_URL ""
| #define PACKAGE "binutils"
| #define VERSION "2.36"
| #define STDC_HEADERS 1
| #define HAVE_SYS_TYPES_H 1
| #define HAVE_SYS_STAT_H 1
| #define HAVE_STDLIB_H 1
| #define HAVE_STRING_H 1
| #define HAVE_MEMORY_H 1
| #define HAVE_STRINGS_H 1
| #define HAVE_INTTYPES_H 1
| #define HAVE_STDINT_H 1
| #define HAVE_UNISTD_H 1
| #define __EXTENSIONS__ 1
| #define _ALL_SOURCE 1
| #define _GNU_SOURCE 1
| #define _POSIX_PTHREAD_SEMANTICS 1
| #define _TANDEM_SOURCE 1
| #define HAVE_DLFCN_H 1
| #define LT_OBJDIR ".libs/"
| #define HAVE_DLFCN_H 1
| #define DEFAULT_AR_DETERMINISTIC 0
| #define DEFAULT_STRINGS_ALL 1
| #define DEFAULT_F_FOR_IFUNC_SYMBOLS 0
| #define ENABLE_LIBCTF 1
| #define ENABLE_NLS 1
| #define EXECUTABLE_SUFFIX ""
| #define SIZEOF_LONG 8
| #define HAVE_LONG_LONG 1
| #define SIZEOF_LONG_LONG 8
| #define HAVE_STRING_H 1
| #define HAVE_STRINGS_H 1
| #define HAVE_STDLIB_H 1
| #define HAVE_UNISTD_H 1
| #define HAVE_FCNTL_H 1
| #define HAVE_SYS_FILE_H 1
| #define HAVE_LIMITS_H 1
| #define HAVE_LOCALE_H 1
| #define HAVE_SYS_PARAM_H 1
| #define HAVE_WCHAR_H 1
| #define HAVE_SYS_WAIT_H 1
| #define STRING_WITH_STRINGS 1
| /* end confdefs.h.  */
| #include <stdio.h>
| #ifdef HAVE_SYS_TYPES_H
| # include <sys/types.h>
| #endif
| #ifdef HAVE_SYS_STAT_H
| # include <sys/stat.h>
| #endif
| #ifdef STDC_HEADERS
| # include <stdlib.h>
| # include <stddef.h>
| #else
| # ifdef HAVE_STDLIB_H
| #  include <stdlib.h>
| # endif
| #endif
| #ifdef HAVE_STRING_H
| # if !defined STDC_HEADERS && defined HAVE_MEMORY_H
| #  include <memory.h>
| # endif
| # include <string.h>
| #endif
| #ifdef HAVE_STRINGS_H
| # include <strings.h>
| #endif
| #ifdef HAVE_INTTYPES_H
| # include <inttypes.h>
| #endif
| #ifdef HAVE_STDINT_H
| # include <stdint.h>
| #endif
| #ifdef HAVE_UNISTD_H
| # include <unistd.h>
| #endif
| int
| main ()
| {
| if (sizeof ((size_t)))
| 	    return 0;
|   ;
|   return 0;
| }
configure:13711: result: yes
configure:13724: checking for working alloca.h
configure:13741: gcc -o conftest -g -O2    conftest.c -ldl  >&5
configure:13741: $? = 0
configure:13749: result: yes
configure:13757: checking for alloca
configure:13794: gcc -o conftest -g -O2    conftest.c -ldl  >&5
configure:13794: $? = 0
configure:13802: result: yes
configure:13914: checking for stdlib.h
configure:13914: result: yes
configure:13914: checking for unistd.h
configure:13914: result: yes
configure:13914: checking for sys/param.h
configure:13914: result: yes
configure:13934: checking for getpagesize
configure:13934: gcc -o conftest -g -O2    conftest.c -ldl  >&5
configure:13934: $? = 0
configure:13934: result: yes
configure:13943: checking for working mmap
configure:14090: gcc -o conftest -g -O2    conftest.c -ldl  >&5
configure:14090: $? = 0
configure:14090: ./conftest
configure:14090: $? = 0
configure:14100: result: yes
configure:14112: checking for sbrk
configure:14112: gcc -o conftest -g -O2    conftest.c -ldl  >&5
configure:14112: $? = 0
configure:14112: result: yes
configure:14112: checking for utimes
configure:14112: gcc -o conftest -g -O2    conftest.c -ldl  >&5
configure:14112: $? = 0
configure:14112: result: yes
configure:14112: checking for setmode
configure:14112: gcc -o conftest -g -O2    conftest.c -ldl  >&5
/usr/local/bin/ld: /tmp/cckTAmJL.o: in function `main':
/home/carter/magi/src/binutils-2.36/binutils/conftest.c:93: undefined reference to `setmode'
collect2: error: ld returned 1 exit status
configure:14112: $? = 1
configure: failed program was:
| /* confdefs.h */
| #define PACKAGE_NAME "binutils"
| #define PACKAGE_TARNAME "binutils"
| #define PACKAGE_VERSION "2.36"
| #define PACKAGE_STRING "binutils 2.36"
| #define PACKAGE_BUGREPORT ""
| #define PACKAGE_URL ""
| #define PACKAGE "binutils"
| #define VERSION "2.36"
| #define STDC_HEADERS 1
| #define HAVE_SYS_TYPES_H 1
| #define HAVE_SYS_STAT_H 1
| #define HAVE_STDLIB_H 1
| #define HAVE_STRING_H 1
| #define HAVE_MEMORY_H 1
| #define HAVE_STRINGS_H 1
| #define HAVE_INTTYPES_H 1
| #define HAVE_STDINT_H 1
| #define HAVE_UNISTD_H 1
| #define __EXTENSIONS__ 1
| #define _ALL_SOURCE 1
| #define _GNU_SOURCE 1
| #define _POSIX_PTHREAD_SEMANTICS 1
| #define _TANDEM_SOURCE 1
| #define HAVE_DLFCN_H 1
| #define LT_OBJDIR ".libs/"
| #define HAVE_DLFCN_H 1
| #define DEFAULT_AR_DETERMINISTIC 0
| #define DEFAULT_STRINGS_ALL 1
| #define DEFAULT_F_FOR_IFUNC_SYMBOLS 0
| #define ENABLE_LIBCTF 1
| #define ENABLE_NLS 1
| #define EXECUTABLE_SUFFIX ""
| #define SIZEOF_LONG 8
| #define HAVE_LONG_LONG 1
| #define SIZEOF_LONG_LONG 8
| #define HAVE_STRING_H 1
| #define HAVE_STRINGS_H 1
| #define HAVE_STDLIB_H 1
| #define HAVE_UNISTD_H 1
| #define HAVE_FCNTL_H 1
| #define HAVE_SYS_FILE_H 1
| #define HAVE_LIMITS_H 1
| #define HAVE_LOCALE_H 1
| #define HAVE_SYS_PARAM_H 1
| #define HAVE_WCHAR_H 1
| #define HAVE_SYS_WAIT_H 1
| #define STRING_WITH_STRINGS 1
| #define HAVE_ALLOCA_H 1
| #define HAVE_ALLOCA 1
| #define HAVE_STDLIB_H 1
| #define HAVE_UNISTD_H 1
| #define HAVE_SYS_PARAM_H 1
| #define HAVE_GETPAGESIZE 1
| #define HAVE_MMAP 1
| #define HAVE_SBRK 1
| #define HAVE_UTIMES 1
| /* end confdefs.h.  */
| /* Define setmode to an innocuous variant, in case <limits.h> declares setmode.
|    For example, HP-UX 11i <limits.h> declares gettimeofday.  */
| #define setmode innocuous_setmode
| 
| /* System header to define __stub macros and hopefully few prototypes,
|     which can conflict with char setmode (); below.
|     Prefer <limits.h> to <assert.h> if __STDC__ is defined, since
|     <limits.h> exists even on freestanding compilers.  */
| 
| #ifdef __STDC__
| # include <limits.h>
| #else
| # include <assert.h>
| #endif
| 
| #undef setmode
| 
| /* Override any GCC internal prototype to avoid an error.
|    Use char because int might match the return type of a GCC
|    builtin and then its argument prototype would still apply.  */
| #ifdef __cplusplus
| extern "C"
| #endif
| char setmode ();
| /* The GNU C library defines this for functions which it implements
|     to always fail with ENOSYS.  Some functions are actually named
|     something starting with __ and the normal name is an alias.  */
| #if defined __stub_setmode || defined __stub___setmode
| choke me
| #endif
| 
| int
| main ()
| {
| return setmode ();
|   ;
|   return 0;
| }
configure:14112: result: no
configure:14112: checking for getc_unlocked
configure:14112: gcc -o conftest -g -O2    conftest.c -ldl  >&5
configure:14112: $? = 0
configure:14112: result: yes
configure:14112: checking for strcoll
configure:14112: gcc -o conftest -g -O2    conftest.c -ldl  >&5
configure:14112: $? = 0
configure:14112: result: yes
configure:14112: checking for setlocale
configure:14112: gcc -o conftest -g -O2    conftest.c -ldl  >&5
configure:14112: $? = 0
configure:14112: result: yes
configure:14121: checking for mkstemp
configure:14121: gcc -o conftest -g -O2    conftest.c -ldl  >&5
configure:14121: $? = 0
configure:14121: result: yes
configure:14128: checking for mkdtemp
configure:14128: gcc -o conftest -g -O2    conftest.c -ldl  >&5
configure:14128: $? = 0
configure:14128: result: yes
configure:14135: checking for mbstate_t
configure:14148: gcc -c -g -O2  conftest.c >&5
configure:14148: $? = 0
configure:14154: result: yes
configure:14163: checking for library containing frexp
configure:14194: gcc -o conftest -g -O2    conftest.c -ldl  >&5
conftest.c:72:6: warning: conflicting types for built-in function 'frexp'
 char frexp ();
      ^~~~~
configure:14194: $? = 0
configure:14211: result: none required
configure:14221: checking for LC_MESSAGES
configure:14237: gcc -o conftest -g -O2    conftest.c -ldl  >&5
configure:14237: $? = 0
configure:14245: result: yes
configure:14254: checking for time_t in time.h
configure:14270: gcc -c -g -O2  conftest.c >&5
configure:14270: $? = 0
configure:14278: result: yes
configure:14286: checking for time_t in sys/types.h
configure:14302: gcc -c -g -O2  conftest.c >&5
configure:14302: $? = 0
configure:14310: result: yes
configure:14318: checking for a known getopt prototype in unistd.h
configure:14334: gcc -c -g -O2  conftest.c >&5
configure:14334: $? = 0
configure:14342: result: yes
configure:14352: checking for utime.h
configure:14372: gcc -c -g -O2  conftest.c >&5
configure:14372: $? = 0
configure:14380: result: yes
configure:14388: checking whether asprintf is declared
configure:14388: gcc -c -g -O2  conftest.c >&5
configure:14388: $? = 0
configure:14388: result: yes
configure:14398: checking whether environ is declared
configure:14398: gcc -c -g -O2  conftest.c >&5
configure:14398: $? = 0
configure:14398: result: yes
configure:14408: checking whether fprintf is declared
configure:14408: gcc -c -g -O2  conftest.c >&5
configure:14408: $? = 0
configure:14408: result: yes
configure:14418: checking whether getc_unlocked is declared
configure:14418: gcc -c -g -O2  conftest.c >&5
configure:14418: $? = 0
configure:14418: result: yes
configure:14428: checking whether getenv is declared
configure:14428: gcc -c -g -O2  conftest.c >&5
configure:14428: $? = 0
configure:14428: result: yes
configure:14438: checking whether sbrk is declared
configure:14438: gcc -c -g -O2  conftest.c >&5
configure:14438: $? = 0
configure:14438: result: yes
configure:14448: checking whether snprintf is declared
configure:14448: gcc -c -g -O2  conftest.c >&5
configure:14448: $? = 0
configure:14448: result: yes
configure:14458: checking whether stpcpy is declared
configure:14458: gcc -c -g -O2  conftest.c >&5
configure:14458: $? = 0
configure:14458: result: yes
configure:14468: checking whether strnlen is declared
configure:14468: gcc -c -g -O2  conftest.c >&5
configure:14468: $? = 0
configure:14468: result: yes
configure:14478: checking whether strstr is declared
configure:14478: gcc -c -g -O2  conftest.c >&5
configure:14478: $? = 0
configure:14478: result: yes
configure:14488: checking whether vsnprintf is declared
configure:14488: gcc -c -g -O2  conftest.c >&5
configure:14488: $? = 0
configure:14488: result: yes
configure:14545: checking iconv.h usability
configure:14545: gcc -c -g -O2  conftest.c >&5
configure:14545: $? = 0
configure:14545: result: yes
configure:14545: checking iconv.h presence
configure:14545: gcc -E  conftest.c
configure:14545: $? = 0
configure:14545: result: yes
configure:14545: checking for iconv.h
configure:14545: result: yes
configure:14591: checking for ld used by GCC
configure:14654: result: ld -m elf_x86_64
configure:14661: checking if the linker (ld -m elf_x86_64) is GNU ld
GNU ld (GNU Binutils) 2.31.1
configure:14673: result: yes
configure:14679: checking for shared library run path origin
configure:14692: result: done
configure:15112: checking for iconv
configure:15136: gcc -o conftest -g -O2     conftest.c -ldl  >&5
configure:15136: $? = 0
configure:15210: result: yes
configure:15253: checking for iconv declaration
configure:15282: gcc -c -g -O2  conftest.c >&5
configure:15282: $? = 0
configure:15293: result: 
         extern size_t iconv (iconv_t cd, char * *inbuf, size_t *inbytesleft, char * *outbuf, size_t *outbytesleft);
configure:15611: updating cache ./config.cache
configure:15655: checking that generated files are newer than configure
configure:15661: result: done
configure:15696: creating ./config.status

## ---------------------- ##
## Running config.status. ##
## ---------------------- ##

This file was extended by binutils config.status 2.36, which was
generated by GNU Autoconf 2.69.  Invocation command line was

  CONFIG_FILES    = 
  CONFIG_HEADERS  = 
  CONFIG_LINKS    = 
  CONFIG_COMMANDS = 
  $ ./config.status 

on debian

config.status:1203: creating Makefile
config.status:1203: creating doc/Makefile
config.status:1203: creating po/Makefile.in
config.status:1203: creating config.h
config.status:1432: executing depfiles commands
config.status:1432: executing libtool commands
config.status:1432: executing default-1 commands

## ---------------- ##
## Cache variables. ##
## ---------------- ##

ac_cv_build=x86_64-pc-linux-gnu
ac_cv_c_compiler_gnu=yes
ac_cv_env_CC_set=set
ac_cv_env_CC_value=gcc
ac_cv_env_CFLAGS_set=set
ac_cv_env_CFLAGS_value='-g -O2'
ac_cv_env_CPPFLAGS_set=
ac_cv_env_CPPFLAGS_value=
ac_cv_env_CPP_set=
ac_cv_env_CPP_value=
ac_cv_env_DEBUGINFOD_CFLAGS_set=
ac_cv_env_DEBUGINFOD_CFLAGS_value=
ac_cv_env_DEBUGINFOD_LIBS_set=
ac_cv_env_DEBUGINFOD_LIBS_value=
ac_cv_env_LDFLAGS_set=set
ac_cv_env_LDFLAGS_value=' '
ac_cv_env_LIBS_set=
ac_cv_env_LIBS_value=
ac_cv_env_PKG_CONFIG_LIBDIR_set=
ac_cv_env_PKG_CONFIG_LIBDIR_value=
ac_cv_env_PKG_CONFIG_PATH_set=
ac_cv_env_PKG_CONFIG_PATH_value=
ac_cv_env_PKG_CONFIG_set=
ac_cv_env_PKG_CONFIG_value=
ac_cv_env_YACC_set=set
ac_cv_env_YACC_value='/home/carter/magi/src/binutils-2.36/missing bison -y'
ac_cv_env_YFLAGS_set=
ac_cv_env_YFLAGS_value=
ac_cv_env_build_alias_set=set
ac_cv_env_build_alias_value=x86_64-pc-linux-gnu
ac_cv_env_host_alias_set=set
ac_cv_env_host_alias_value=x86_64-pc-linux-gnu
ac_cv_env_target_alias_set=set
ac_cv_env_target_alias_value=x86_64-pc-linux-gnu
ac_cv_func_alloca_works=yes
ac_cv_func_getc_unlocked=yes
ac_cv_func_getpagesize=yes
ac_cv_func_mkdtemp=yes
ac_cv_func_mkstemp=yes
ac_cv_func_mmap_fixed_mapped=yes
ac_cv_func_sbrk=yes
ac_cv_func_setlocale=yes
ac_cv_func_setmode=no
ac_cv_func_strcoll=yes
ac_cv_func_utimes=yes
ac_cv_have_decl_asprintf=yes
ac_cv_have_decl_environ=yes
ac_cv_have_decl_fprintf=yes
ac_cv_have_decl_getc_unlocked=yes
ac_cv_have_decl_getenv=yes
ac_cv_have_decl_sbrk=yes
ac_cv_have_decl_snprintf=yes
ac_cv_have_decl_stpcpy=yes
ac_cv_have_decl_strnlen=yes
ac_cv_have_decl_strstr=yes
ac_cv_have_decl_vsnprintf=yes
ac_cv_header_dlfcn_h=yes
ac_cv_header_fcntl_h=yes
ac_cv_header_iconv_h=yes
ac_cv_header_inttypes_h=yes
ac_cv_header_limits_h=yes
ac_cv_header_locale_h=yes
ac_cv_header_memory_h=yes
ac_cv_header_minix_config_h=no
ac_cv_header_stdc=yes
ac_cv_header_stdint_h=yes
ac_cv_header_stdlib_h=yes
ac_cv_header_string_h=yes
ac_cv_header_strings_h=yes
ac_cv_header_sys_file_h=yes
ac_cv_header_sys_param_h=yes
ac_cv_header_sys_stat_h=yes
ac_cv_header_sys_types_h=yes
ac_cv_header_sys_wait_h=yes
ac_cv_header_unistd_h=yes
ac_cv_header_wchar_h=yes
ac_cv_header_windows_h=no
ac_cv_host=x86_64-pc-linux-gnu
ac_cv_objext=o
ac_cv_path_EGREP='/bin/grep -E'
ac_cv_path_FGREP='/bin/grep -F'
ac_cv_path_GMSGFMT=:
ac_cv_path_GREP=/bin/grep
ac_cv_path_MSGFMT=:
ac_cv_path_MSGMERGE=:
ac_cv_path_PKG_CONFIG=/usr/bin/x86_64-pc-linux-gnu-pkg-config
ac_cv_path_SED=/bin/sed
ac_cv_path_XGETTEXT=:
ac_cv_path_mkdir=/bin/mkdir
ac_cv_prog_AR=ar
ac_cv_prog_AWK=mawk
ac_cv_prog_CC=gcc
ac_cv_prog_CPP='gcc -E'
ac_cv_prog_LEX='/home/carter/magi/src/binutils-2.36/missing flex'
ac_cv_prog_OBJDUMP=objdump
ac_cv_prog_RANLIB=ranlib
ac_cv_prog_YACC='/home/carter/magi/src/binutils-2.36/missing bison -y'
ac_cv_prog_ac_ct_STRIP=strip
ac_cv_prog_cc_c89=
ac_cv_prog_cc_g=yes
ac_cv_prog_make_make_set=yes
ac_cv_safe_to_define___extensions__=yes
ac_cv_search_dlsym=-ldl
ac_cv_search_frexp='none required'
ac_cv_search_strerror='none required'
ac_cv_sizeof_long=8
ac_cv_sizeof_long_long=8
ac_cv_sys_file_offset_bits=no
ac_cv_sys_largefile_CC=no
ac_cv_target=x86_64-pc-linux-gnu
ac_cv_type_long_long=yes
ac_cv_type_size_t=yes
ac_cv_working_alloca_h=yes
acl_cv_hardcode_direct=no
acl_cv_hardcode_libdir_flag_spec='${wl}-rpath ${wl}$libdir'
acl_cv_hardcode_libdir_separator=
acl_cv_hardcode_minus_L=no
acl_cv_libext=a
acl_cv_path_LD='ld -m elf_x86_64'
acl_cv_prog_gnu_ld=yes
acl_cv_rpath=done
acl_cv_shlibext=so
acl_cv_wl=-Wl,
am_cv_CC_dependencies_compiler_type=gcc3
am_cv_func_iconv=yes
am_cv_lib_iconv=no
am_cv_make_support_nested_variables=yes
am_cv_prog_cc_c_o=yes
am_cv_proto_iconv='extern size_t iconv (iconv_t cd, char * *inbuf, size_t *inbytesleft, char * *outbuf, size_t *outbytesleft);'
am_cv_proto_iconv_arg1=
am_cv_val_LC_MESSAGES=yes
bu_cv_decl_getopt_unistd_h=yes
bu_cv_decl_time_t_time_h=yes
bu_cv_decl_time_t_types_h=yes
bu_cv_header_utime_h=yes
gcc_cv_header_string=yes
lt_cv_archive_cmds_need_lc=no
lt_cv_deplibs_check_method=pass_all
lt_cv_file_magic_cmd='$MAGIC_CMD'
lt_cv_file_magic_test_file=
lt_cv_ld_reload_flag=-r
lt_cv_nm_interface='BSD nm'
lt_cv_objdir=.libs
lt_cv_path_LD=ld
lt_cv_path_NM=nm
lt_cv_prog_compiler_c_o=yes
lt_cv_prog_compiler_pic_works=yes
lt_cv_prog_compiler_rtti_exceptions=no
lt_cv_prog_compiler_static_works=yes
lt_cv_prog_gnu_ld=yes
lt_cv_shlibpath_overrides_runpath=no
lt_cv_sys_global_symbol_pipe='sed -n -e '\''s/^.*[	 ]\([ABCDGIRSTW][ABCDGIRSTW]*\)[	 ][	 ]*\([_A-Za-z][_A-Za-z0-9]*\)$/\1 \2 \2/p'\'''
lt_cv_sys_global_symbol_to_c_name_address='sed -n -e '\''s/^: \([^ ]*\) $/  {\"\1\", (void *) 0},/p'\'' -e '\''s/^[ABCDGIRSTW]* \([^ ]*\) \([^ ]*\)$/  {"\2", (void *) \&\2},/p'\'''
lt_cv_sys_global_symbol_to_c_name_address_lib_prefix='sed -n -e '\''s/^: \([^ ]*\) $/  {\"\1\", (void *) 0},/p'\'' -e '\''s/^[ABCDGIRSTW]* \([^ ]*\) \(lib[^ ]*\)$/  {"\2", (void *) \&\2},/p'\'' -e '\''s/^[ABCDGIRSTW]* \([^ ]*\) \([^ ]*\)$/  {"lib\2", (void *) \&\2},/p'\'''
lt_cv_sys_global_symbol_to_cdecl='sed -n -e '\''s/^T .* \(.*\)$/extern int \1();/p'\'' -e '\''s/^[ABCDGIRSTW]* .* \(.*\)$/extern char \1;/p'\'''
lt_cv_sys_max_cmd_len=1572864

## ----------------- ##
## Output variables. ##
## ----------------- ##

ACLOCAL='${SHELL} /home/carter/magi/src/binutils-2.36/missing aclocal-1.15'
ALLOCA=''
AMDEPBACKSLASH='\'
AMDEP_FALSE='#'
AMDEP_TRUE=''
AMTAR='$${TAR-tar}'
AM_BACKSLASH='\'
AM_DEFAULT_V='$(AM_DEFAULT_VERBOSITY)'
AM_DEFAULT_VERBOSITY='1'
AM_V='$(V)'
AR='ar'
AUTOCONF='${SHELL} /home/carter/magi/src/binutils-2.36/missing autoconf'
AUTOHEADER='${SHELL} /home/carter/magi/src/binutils-2.36/missing autoheader'
AUTOMAKE='${SHELL} /home/carter/magi/src/binutils-2.36/missing automake-1.15'
AWK='mawk'
BUILD_DLLTOOL=''
BUILD_DLLWRAP=''
BUILD_INSTALL_MISC=''
BUILD_MISC=''
BUILD_SRCONV=''
BUILD_WINDMC=''
BUILD_WINDRES=''
CATALOGS=' bg.gmo ca.gmo da.gmo es.gmo fi.gmo fr.gmo hr.gmo id.gmo it.gmo ja.gmo pt.gmo ro.gmo ru.gmo rw.gmo sk.gmo sr.gmo sv.gmo tr.gmo uk.gmo vi.gmo zh_CN.gmo zh_TW.gmo bg.gmo ca.gmo da.gmo es.gmo fi.gmo fr.gmo hr.gmo id.gmo it.gmo ja.gmo pt.gmo ro.gmo ru.gmo rw.gmo sk.gmo sr.gmo sv.gmo tr.gmo uk.gmo vi.gmo zh_CN.gmo zh_TW.gmo'
CATOBJEXT='.gmo'
CC='gcc'
CCDEPMODE='depmode=gcc3'
CC_FOR_BUILD='gcc'
CFLAGS='-g -O2'
CPP='gcc -E'
CPPFLAGS=''
CYGPATH_W='echo'
DATADIRNAME='share'
DEBUGINFOD_CFLAGS=''
DEBUGINFOD_LIBS=''
DEFS='-DHAVE_CONFIG_H'
DEMANGLER_NAME='c++filt'
DEPDIR='.deps'
DLLTOOL_DEFS=' '
DSYMUTIL=''
DUMPBIN=''
ECHO_C=''
ECHO_N='-n'
ECHO_T=''
EGREP='/bin/grep -E'
EMULATION='vanilla'
EMULATION_VECTOR='bin_vanilla_emulation'
ENABLE_LIBCTF_FALSE='#'
ENABLE_LIBCTF_TRUE=''
EXEEXT=''
EXEEXT_FOR_BUILD='$(EXEEXT)'
FGREP='/bin/grep -F'
GENCAT='gencat'
GENINSRC_NEVER_FALSE=''
GENINSRC_NEVER_TRUE='#'
GMSGFMT=':'
GREP='/bin/grep'
HDEFINES=''
INCINTL=''
INSTALL_DATA='/usr/bin/install -c -m 644'
INSTALL_PROGRAM='/usr/bin/install -c'
INSTALL_SCRIPT='/usr/bin/install -c'
INSTALL_STRIP_PROGRAM='$(install_sh) -c -s'
INSTOBJEXT='.mo'
LARGEFILE_CPPFLAGS=''
LD='ld -m elf_x86_64'
LDFLAGS=' '
LEX='/home/carter/magi/src/binutils-2.36/missing flex'
LEXLIB=''
LEX_OUTPUT_ROOT=''
LIBICONV=''
LIBINTL=''
LIBINTL_DEP=''
LIBOBJS=''
LIBS='-ldl '
LIBTOOL='$(SHELL) $(top_builddir)/libtool'
LIPO=''
LN_S='ln -s'
LTLIBICONV=''
LTLIBOBJS=''
MAINT='#'
MAINTAINER_MODE_FALSE=''
MAINTAINER_MODE_TRUE='#'
MAKEINFO='/home/carter/magi/src/binutils-2.36/missing makeinfo --split-size=5000000'
MKDIR_P='/bin/mkdir -p'
MKINSTALLDIRS='$(top_builddir)/./../mkinstalldirs'
MSGFMT=':'
MSGMERGE=':'
NM='nm'
NMEDIT=''
NO_WERROR=''
OBJDUMP='objdump'
OBJDUMP_DEFS=' -DOBJDUMP_PRIVATE_VECTORS=""'
OBJDUMP_PRIVATE_OFILES=''
OBJEXT='o'
OTOOL64=''
OTOOL=''
PACKAGE='binutils'
PACKAGE_BUGREPORT=''
PACKAGE_NAME='binutils'
PACKAGE_STRING='binutils 2.36'
PACKAGE_TARNAME='binutils'
PACKAGE_URL=''
PACKAGE_VERSION='2.36'
PATH_SEPARATOR=':'
PKG_CONFIG='/usr/bin/x86_64-pc-linux-gnu-pkg-config'
PKG_CONFIG_LIBDIR=''
PKG_CONFIG_PATH=''
POSUB='po'
RANLIB='ranlib'
SED='/bin/sed'
SET_MAKE=''
SHELL='/bin/bash'
STRIP='strip'
USE_NLS='yes'
VERSION='2.36'
WARN_CFLAGS='-W -Wall -Wstrict-prototypes -Wmissing-prototypes -Wshadow -Wstack-usage=262144'
WARN_CFLAGS_FOR_BUILD='-W -Wall -Wstrict-prototypes -Wmissing-prototypes -Wshadow -Wstack-usage=262144'
WARN_WRITE_STRINGS='-Wwrite-strings'
XGETTEXT=':'
YACC='/home/carter/magi/src/binutils-2.36/missing bison -y'
YFLAGS=''
ac_ct_CC=''
ac_ct_DUMPBIN=''
am__EXEEXT_FALSE=''
am__EXEEXT_TRUE='#'
am__fastdepCC_FALSE='#'
am__fastdepCC_TRUE=''
am__include='include'
am__isrc=''
am__leading_dot='.'
am__nodep='_no'
am__quote=''
am__tar='$${TAR-tar} chof - "$$tardir"'
am__untar='$${TAR-tar} xf -'
bindir='${exec_prefix}/bin'
build='x86_64-pc-linux-gnu'
build_alias='x86_64-pc-linux-gnu'
build_cpu='x86_64'
build_os='linux-gnu'
build_vendor='pc'
datadir='${datarootdir}'
datarootdir='${prefix}/share'
docdir='${datarootdir}/doc/${PACKAGE_TARNAME}'
dvidir='${docdir}'
exec_prefix='${prefix}'
host='x86_64-pc-linux-gnu'
host_alias='x86_64-pc-linux-gnu'
host_cpu='x86_64'
host_os='linux-gnu'
host_vendor='pc'
htmldir='${docdir}'
includedir='${prefix}/include'
infodir='${datarootdir}/info'
install_sh='${SHELL} /home/carter/magi/src/binutils-2.36/install-sh'
libdir='${exec_prefix}/lib'
libexecdir='${exec_prefix}/libexec'
localedir='${datarootdir}/locale'
localstatedir='${prefix}/var'
mandir='${datarootdir}/man'
mkdir_p='$(MKDIR_P)'
oldincludedir='/usr/include'
pdfdir='${docdir}'
prefix='/usr/local'
program_transform_name='s,y,y,'
psdir='${docdir}'
sbindir='${exec_prefix}/sbin'
sharedstatedir='${prefix}/com'
sysconfdir='${prefix}/etc'
target='x86_64-pc-linux-gnu'
target_alias='x86_64-pc-linux-gnu'
target_cpu='x86_64'
target_os='linux-gnu'
target_vendor='pc'
zlibdir='-L$(top_builddir)/../zlib'
zlibinc='-I$(top_srcdir)/../zlib'

## ----------- ##
## confdefs.h. ##
## ----------- ##

/* confdefs.h */
#define PACKAGE_NAME "binutils"
#define PACKAGE_TARNAME "binutils"
#define PACKAGE_VERSION "2.36"
#define PACKAGE_STRING "binutils 2.36"
#define PACKAGE_BUGREPORT ""
#define PACKAGE_URL ""
#define PACKAGE "binutils"
#define VERSION "2.36"
#define STDC_HEADERS 1
#define HAVE_SYS_TYPES_H 1
#define HAVE_SYS_STAT_H 1
#define HAVE_STDLIB_H 1
#define HAVE_STRING_H 1
#define HAVE_MEMORY_H 1
#define HAVE_STRINGS_H 1
#define HAVE_INTTYPES_H 1
#define HAVE_STDINT_H 1
#define HAVE_UNISTD_H 1
#define __EXTENSIONS__ 1
#define _ALL_SOURCE 1
#define _GNU_SOURCE 1
#define _POSIX_PTHREAD_SEMANTICS 1
#define _TANDEM_SOURCE 1
#define HAVE_DLFCN_H 1
#define LT_OBJDIR ".libs/"
#define HAVE_DLFCN_H 1
#define DEFAULT_AR_DETERMINISTIC 0
#define DEFAULT_STRINGS_ALL 1
#define DEFAULT_F_FOR_IFUNC_SYMBOLS 0
#define ENABLE_LIBCTF 1
#define ENABLE_NLS 1
#define EXECUTABLE_SUFFIX ""
#define SIZEOF_LONG 8
#define HAVE_LONG_LONG 1
#define SIZEOF_LONG_LONG 8
#define HAVE_STRING_H 1
#define HAVE_STRINGS_H 1
#define HAVE_STDLIB_H 1
#define HAVE_UNISTD_H 1
#define HAVE_FCNTL_H 1
#define HAVE_SYS_FILE_H 1
#define HAVE_LIMITS_H 1
#define HAVE_LOCALE_H 1
#define HAVE_SYS_PARAM_H 1
#define HAVE_WCHAR_H 1
#define HAVE_SYS_WAIT_H 1
#define STRING_WITH_STRINGS 1
#define HAVE_ALLOCA_H 1
#define HAVE_ALLOCA 1
#define HAVE_STDLIB_H 1
#define HAVE_UNISTD_H 1
#define HAVE_SYS_PARAM_H 1
#define HAVE_GETPAGESIZE 1
#define HAVE_MMAP 1
#define HAVE_SBRK 1
#define HAVE_UTIMES 1
#define HAVE_GETC_UNLOCKED 1
#define HAVE_STRCOLL 1
#define HAVE_SETLOCALE 1
#define HAVE_MKSTEMP 1
#define HAVE_MKDTEMP 1
#define HAVE_MBSTATE_T 1
#define HAVE_LC_MESSAGES 1
#define HAVE_TIME_T_IN_TIME_H 1
#define HAVE_TIME_T_IN_TYPES_H 1
#define HAVE_DECL_GETOPT 1
#define HAVE_GOOD_UTIME_H 1
#define HAVE_DECL_ASPRINTF 1
#define HAVE_DECL_ENVIRON 1
#define HAVE_DECL_FPRINTF 1
#define HAVE_DECL_GETC_UNLOCKED 1
#define HAVE_DECL_GETENV 1
#define HAVE_DECL_SBRK 1
#define HAVE_DECL_SNPRINTF 1
#define HAVE_DECL_STPCPY 1
#define HAVE_DECL_STRNLEN 1
#define HAVE_DECL_STRSTR 1
#define HAVE_DECL_VSNPRINTF 1
#define HAVE_ICONV 1
#define ICONV_CONST 
#define TARGET "x86_64-pc-linux-gnu"
#define TARGET_PREPENDS_UNDERSCORE 0

configure: exit 0
